{"/Users/ts/projects/inventory-app/app/+not-found.tsx": {"path":"/Users/ts/projects/inventory-app/app/+not-found.tsx","statementMap":{"0":{"start":{"line":8,"column":2},"end":{"line":18,"column":4}},"1":{"start":{"line":21,"column":15},"end":{"line":32,"column":2}}},"fnMap":{"0":{"name":"NotFoundScreen","decl":{"start":{"line":7,"column":24},"end":{"line":7,"column":38}},"loc":{"start":{"line":7,"column":41},"end":{"line":19,"column":1}},"line":7}},"branchMap":{},"s":{"0":0,"1":0},"f":{"0":0},"b":{}}
,"/Users/ts/projects/inventory-app/app/_layout.tsx": {"path":"/Users/ts/projects/inventory-app/app/_layout.tsx","statementMap":{"0":{"start":{"line":13,"column":22},"end":{"line":13,"column":38}},"1":{"start":{"line":14,"column":19},"end":{"line":16,"column":4}},"2":{"start":{"line":18,"column":2},"end":{"line":21,"column":3}},"3":{"start":{"line":20,"column":4},"end":{"line":20,"column":16}},"4":{"start":{"line":23,"column":2},"end":{"line":33,"column":4}}},"fnMap":{"0":{"name":"RootLayout","decl":{"start":{"line":12,"column":24},"end":{"line":12,"column":34}},"loc":{"start":{"line":12,"column":37},"end":{"line":34,"column":1}},"line":12}},"branchMap":{"0":{"loc":{"start":{"line":18,"column":2},"end":{"line":21,"column":3}},"type":"if","locations":[{"start":{"line":18,"column":2},"end":{"line":21,"column":3}},{"start":{},"end":{}}],"line":18},"1":{"loc":{"start":{"line":25,"column":28},"end":{"line":25,"column":77}},"type":"cond-expr","locations":[{"start":{"line":25,"column":53},"end":{"line":25,"column":62}},{"start":{"line":25,"column":65},"end":{"line":25,"column":77}}],"line":25}},"s":{"0":0,"1":0,"2":0,"3":0,"4":0},"f":{"0":0},"b":{"0":[0,0],"1":[0,0]}}
,"/Users/ts/projects/inventory-app/app/(tabs)/_layout.tsx": {"path":"/Users/ts/projects/inventory-app/app/(tabs)/_layout.tsx","statementMap":{"0":{"start":{"line":5,"column":2},"end":{"line":25,"column":4}}},"fnMap":{"0":{"name":"TabLayout","decl":{"start":{"line":4,"column":24},"end":{"line":4,"column":33}},"loc":{"start":{"line":4,"column":36},"end":{"line":26,"column":1}},"line":4}},"branchMap":{},"s":{"0":0},"f":{"0":0},"b":{}}
,"/Users/ts/projects/inventory-app/app/(tabs)/explore.tsx": {"path":"/Users/ts/projects/inventory-app/app/(tabs)/explore.tsx","statementMap":{"0":{"start":{"line":12,"column":2},"end":{"line":96,"column":4}},"1":{"start":{"line":99,"column":15},"end":{"line":110,"column":2}}},"fnMap":{"0":{"name":"TabTwoScreen","decl":{"start":{"line":11,"column":24},"end":{"line":11,"column":36}},"loc":{"start":{"line":11,"column":39},"end":{"line":97,"column":1}},"line":11}},"branchMap":{},"s":{"0":0,"1":0},"f":{"0":0},"b":{}}
,"/Users/ts/projects/inventory-app/app/(tabs)/index.tsx": {"path":"/Users/ts/projects/inventory-app/app/(tabs)/index.tsx","statementMap":{"0":{"start":{"line":5,"column":17},"end":{"line":5,"column":28}},"1":{"start":{"line":7,"column":2},"end":{"line":10,"column":15}},"2":{"start":{"line":9,"column":4},"end":{"line":9,"column":35}},"3":{"start":{"line":12,"column":2},"end":{"line":12,"column":14}}},"fnMap":{"0":{"name":"HomeScreen","decl":{"start":{"line":4,"column":24},"end":{"line":4,"column":34}},"loc":{"start":{"line":4,"column":37},"end":{"line":13,"column":1}},"line":4},"1":{"name":"(anonymous_1)","decl":{"start":{"line":7,"column":12},"end":{"line":7,"column":13}},"loc":{"start":{"line":7,"column":18},"end":{"line":10,"column":3}},"line":7}},"branchMap":{},"s":{"0":0,"1":0,"2":0,"3":0},"f":{"0":0,"1":0},"b":{}}
,"/Users/ts/projects/inventory-app/app/inventories/_layout.tsx": {"path":"/Users/ts/projects/inventory-app/app/inventories/_layout.tsx","statementMap":{"0":{"start":{"line":5,"column":2},"end":{"line":54,"column":4}}},"fnMap":{"0":{"name":"InventoriesLayout","decl":{"start":{"line":4,"column":24},"end":{"line":4,"column":41}},"loc":{"start":{"line":4,"column":44},"end":{"line":55,"column":1}},"line":4}},"branchMap":{},"s":{"0":0},"f":{"0":0},"b":{}}
,"/Users/ts/projects/inventory-app/app/inventories/create.tsx": {"path":"/Users/ts/projects/inventory-app/app/inventories/create.tsx","statementMap":{"0":{"start":{"line":8,"column":17},"end":{"line":8,"column":28}},"1":{"start":{"line":9,"column":26},"end":{"line":9,"column":76}},"2":{"start":{"line":9,"column":54},"end":{"line":9,"column":75}},"3":{"start":{"line":10,"column":36},"end":{"line":10,"column":51}},"4":{"start":{"line":12,"column":23},"end":{"line":23,"column":3}},"5":{"start":{"line":13,"column":4},"end":{"line":13,"column":23}},"6":{"start":{"line":14,"column":4},"end":{"line":22,"column":5}},"7":{"start":{"line":15,"column":24},"end":{"line":15,"column":51}},"8":{"start":{"line":16,"column":6},"end":{"line":16,"column":20}},"9":{"start":{"line":17,"column":6},"end":{"line":17,"column":50}},"10":{"start":{"line":19,"column":6},"end":{"line":19,"column":58}},"11":{"start":{"line":21,"column":6},"end":{"line":21,"column":26}},"12":{"start":{"line":25,"column":23},"end":{"line":27,"column":3}},"13":{"start":{"line":26,"column":4},"end":{"line":26,"column":18}},"14":{"start":{"line":29,"column":2},"end":{"line":36,"column":4}}},"fnMap":{"0":{"name":"CreateInventoryScreen","decl":{"start":{"line":7,"column":24},"end":{"line":7,"column":45}},"loc":{"start":{"line":7,"column":48},"end":{"line":37,"column":1}},"line":7},"1":{"name":"(anonymous_1)","decl":{"start":{"line":9,"column":43},"end":{"line":9,"column":44}},"loc":{"start":{"line":9,"column":54},"end":{"line":9,"column":75}},"line":9},"2":{"name":"(anonymous_2)","decl":{"start":{"line":12,"column":23},"end":{"line":12,"column":24}},"loc":{"start":{"line":12,"column":56},"end":{"line":23,"column":3}},"line":12},"3":{"name":"(anonymous_3)","decl":{"start":{"line":25,"column":23},"end":{"line":25,"column":24}},"loc":{"start":{"line":25,"column":29},"end":{"line":27,"column":3}},"line":25}},"branchMap":{},"s":{"0":0,"1":0,"2":0,"3":0,"4":0,"5":0,"6":0,"7":0,"8":0,"9":0,"10":0,"11":0,"12":0,"13":0,"14":0},"f":{"0":0,"1":0,"2":0,"3":0},"b":{}}
,"/Users/ts/projects/inventory-app/app/inventories/index.tsx": {"path":"/Users/ts/projects/inventory-app/app/inventories/index.tsx","statementMap":{"0":{"start":{"line":7,"column":17},"end":{"line":7,"column":28}},"1":{"start":{"line":8,"column":28},"end":{"line":8,"column":57}},"2":{"start":{"line":11,"column":22},"end":{"line":11,"column":68}},"3":{"start":{"line":11,"column":50},"end":{"line":11,"column":67}},"4":{"start":{"line":12,"column":31},"end":{"line":12,"column":86}},"5":{"start":{"line":12,"column":59},"end":{"line":12,"column":85}},"6":{"start":{"line":13,"column":24},"end":{"line":13,"column":72}},"7":{"start":{"line":13,"column":52},"end":{"line":13,"column":71}},"8":{"start":{"line":14,"column":29},"end":{"line":14,"column":82}},"9":{"start":{"line":14,"column":57},"end":{"line":14,"column":81}},"10":{"start":{"line":15,"column":26},"end":{"line":15,"column":76}},"11":{"start":{"line":15,"column":54},"end":{"line":15,"column":75}},"12":{"start":{"line":16,"column":32},"end":{"line":16,"column":88}},"13":{"start":{"line":16,"column":60},"end":{"line":16,"column":87}},"14":{"start":{"line":19,"column":2},"end":{"line":36,"column":59}},"15":{"start":{"line":20,"column":30},"end":{"line":33,"column":5}},"16":{"start":{"line":21,"column":6},"end":{"line":32,"column":7}},"17":{"start":{"line":22,"column":8},"end":{"line":22,"column":23}},"18":{"start":{"line":24,"column":8},"end":{"line":26,"column":9}},"19":{"start":{"line":25,"column":10},"end":{"line":25,"column":37}},"20":{"start":{"line":28,"column":8},"end":{"line":28,"column":32}},"21":{"start":{"line":30,"column":8},"end":{"line":30,"column":72}},"22":{"start":{"line":31,"column":8},"end":{"line":31,"column":47}},"23":{"start":{"line":35,"column":4},"end":{"line":35,"column":24}},"24":{"start":{"line":38,"column":32},"end":{"line":40,"column":3}},"25":{"start":{"line":39,"column":4},"end":{"line":39,"column":39}},"26":{"start":{"line":42,"column":22},"end":{"line":50,"column":3}},"27":{"start":{"line":43,"column":4},"end":{"line":49,"column":5}},"28":{"start":{"line":44,"column":6},"end":{"line":44,"column":21}},"29":{"start":{"line":45,"column":6},"end":{"line":45,"column":30}},"30":{"start":{"line":47,"column":6},"end":{"line":47,"column":65}},"31":{"start":{"line":48,"column":6},"end":{"line":48,"column":45}},"32":{"start":{"line":52,"column":31},"end":{"line":54,"column":3}},"33":{"start":{"line":53,"column":4},"end":{"line":53,"column":47}},"34":{"start":{"line":57,"column":2},"end":{"line":77,"column":3}},"35":{"start":{"line":58,"column":4},"end":{"line":76,"column":6}},"36":{"start":{"line":80,"column":2},"end":{"line":102,"column":3}},"37":{"start":{"line":81,"column":4},"end":{"line":101,"column":6}},"38":{"start":{"line":104,"column":2},"end":{"line":153,"column":4}},"39":{"start":{"line":126,"column":32},"end":{"line":126,"column":67}},"40":{"start":{"line":127,"column":14},"end":{"line":147,"column":16}},"41":{"start":{"line":131,"column":33},"end":{"line":131,"column":67}}},"fnMap":{"0":{"name":"InventoriesScreen","decl":{"start":{"line":6,"column":24},"end":{"line":6,"column":41}},"loc":{"start":{"line":6,"column":44},"end":{"line":154,"column":1}},"line":6},"1":{"name":"(anonymous_1)","decl":{"start":{"line":11,"column":39},"end":{"line":11,"column":40}},"loc":{"start":{"line":11,"column":50},"end":{"line":11,"column":67}},"line":11},"2":{"name":"(anonymous_2)","decl":{"start":{"line":12,"column":48},"end":{"line":12,"column":49}},"loc":{"start":{"line":12,"column":59},"end":{"line":12,"column":85}},"line":12},"3":{"name":"(anonymous_3)","decl":{"start":{"line":13,"column":41},"end":{"line":13,"column":42}},"loc":{"start":{"line":13,"column":52},"end":{"line":13,"column":71}},"line":13},"4":{"name":"(anonymous_4)","decl":{"start":{"line":14,"column":46},"end":{"line":14,"column":47}},"loc":{"start":{"line":14,"column":57},"end":{"line":14,"column":81}},"line":14},"5":{"name":"(anonymous_5)","decl":{"start":{"line":15,"column":43},"end":{"line":15,"column":44}},"loc":{"start":{"line":15,"column":54},"end":{"line":15,"column":75}},"line":15},"6":{"name":"(anonymous_6)","decl":{"start":{"line":16,"column":49},"end":{"line":16,"column":50}},"loc":{"start":{"line":16,"column":60},"end":{"line":16,"column":87}},"line":16},"7":{"name":"(anonymous_7)","decl":{"start":{"line":19,"column":12},"end":{"line":19,"column":13}},"loc":{"start":{"line":19,"column":18},"end":{"line":36,"column":3}},"line":19},"8":{"name":"(anonymous_8)","decl":{"start":{"line":20,"column":30},"end":{"line":20,"column":31}},"loc":{"start":{"line":20,"column":42},"end":{"line":33,"column":5}},"line":20},"9":{"name":"(anonymous_9)","decl":{"start":{"line":38,"column":32},"end":{"line":38,"column":33}},"loc":{"start":{"line":38,"column":38},"end":{"line":40,"column":3}},"line":38},"10":{"name":"(anonymous_10)","decl":{"start":{"line":42,"column":22},"end":{"line":42,"column":23}},"loc":{"start":{"line":42,"column":34},"end":{"line":50,"column":3}},"line":42},"11":{"name":"(anonymous_11)","decl":{"start":{"line":52,"column":31},"end":{"line":52,"column":32}},"loc":{"start":{"line":52,"column":56},"end":{"line":54,"column":3}},"line":52},"12":{"name":"(anonymous_12)","decl":{"start":{"line":125,"column":28},"end":{"line":125,"column":29}},"loc":{"start":{"line":125,"column":43},"end":{"line":148,"column":13}},"line":125},"13":{"name":"(anonymous_13)","decl":{"start":{"line":131,"column":27},"end":{"line":131,"column":28}},"loc":{"start":{"line":131,"column":33},"end":{"line":131,"column":67}},"line":131}},"branchMap":{"0":{"loc":{"start":{"line":24,"column":8},"end":{"line":26,"column":9}},"type":"if","locations":[{"start":{"line":24,"column":8},"end":{"line":26,"column":9}},{"start":{},"end":{}}],"line":24},"1":{"loc":{"start":{"line":57,"column":2},"end":{"line":77,"column":3}},"type":"if","locations":[{"start":{"line":57,"column":2},"end":{"line":77,"column":3}},{"start":{},"end":{}}],"line":57},"2":{"loc":{"start":{"line":80,"column":2},"end":{"line":102,"column":3}},"type":"if","locations":[{"start":{"line":80,"column":2},"end":{"line":102,"column":3}},{"start":{},"end":{}}],"line":80},"3":{"loc":{"start":{"line":115,"column":11},"end":{"line":149,"column":11}},"type":"cond-expr","locations":[{"start":{"line":116,"column":12},"end":{"line":123,"column":18}},{"start":{"line":125,"column":12},"end":{"line":148,"column":14}}],"line":115},"4":{"loc":{"start":{"line":138,"column":39},"end":{"line":138,"column":73}},"type":"cond-expr","locations":[{"start":{"line":138,"column":57},"end":{"line":138,"column":63}},{"start":{"line":138,"column":66},"end":{"line":138,"column":73}}],"line":138},"5":{"loc":{"start":{"line":142,"column":25},"end":{"line":142,"column":66}},"type":"binary-expr","locations":[{"start":{"line":142,"column":25},"end":{"line":142,"column":46}},{"start":{"line":142,"column":50},"end":{"line":142,"column":66}}],"line":142}},"s":{"0":15,"1":15,"2":15,"3":15,"4":15,"5":15,"6":15,"7":15,"8":15,"9":15,"10":15,"11":15,"12":15,"13":15,"14":15,"15":11,"16":11,"17":11,"18":11,"19":1,"20":11,"21":2,"22":2,"23":11,"24":15,"25":2,"26":15,"27":1,"28":1,"29":1,"30":1,"31":1,"32":15,"33":1,"34":15,"35":1,"36":14,"37":3,"38":11,"39":10,"40":10,"41":1},"f":{"0":15,"1":15,"2":15,"3":15,"4":15,"5":15,"6":15,"7":11,"8":11,"9":2,"10":1,"11":1,"12":10,"13":1},"b":{"0":[1,10],"1":[1,14],"2":[3,11],"3":[6,5],"4":[0,10],"5":[10,0]},"_coverageSchema":"1a1c01bbd47fc00a2c39e90264f33305004495a9","hash":"32b4e5593c9d33325cfe8ae0305ca1f0e8b08898"}
,"/Users/ts/projects/inventory-app/app/inventories/[id]/index.tsx": {"path":"/Users/ts/projects/inventory-app/app/inventories/[id]/index.tsx","statementMap":{"0":{"start":{"line":7,"column":17},"end":{"line":7,"column":28}},"1":{"start":{"line":8,"column":17},"end":{"line":8,"column":39}},"2":{"start":{"line":9,"column":22},"end":{"line":9,"column":52}},"3":{"start":{"line":11,"column":22},"end":{"line":11,"column":68}},"4":{"start":{"line":11,"column":50},"end":{"line":11,"column":67}},"5":{"start":{"line":12,"column":16},"end":{"line":12,"column":56}},"6":{"start":{"line":12,"column":44},"end":{"line":12,"column":55}},"7":{"start":{"line":13,"column":24},"end":{"line":13,"column":72}},"8":{"start":{"line":13,"column":52},"end":{"line":13,"column":71}},"9":{"start":{"line":14,"column":29},"end":{"line":14,"column":82}},"10":{"start":{"line":14,"column":57},"end":{"line":14,"column":81}},"11":{"start":{"line":15,"column":26},"end":{"line":15,"column":76}},"12":{"start":{"line":15,"column":54},"end":{"line":15,"column":75}},"13":{"start":{"line":16,"column":32},"end":{"line":16,"column":88}},"14":{"start":{"line":16,"column":60},"end":{"line":16,"column":87}},"15":{"start":{"line":17,"column":30},"end":{"line":17,"column":84}},"16":{"start":{"line":17,"column":58},"end":{"line":17,"column":83}},"17":{"start":{"line":18,"column":21},"end":{"line":18,"column":66}},"18":{"start":{"line":18,"column":49},"end":{"line":18,"column":65}},"19":{"start":{"line":20,"column":20},"end":{"line":20,"column":67}},"20":{"start":{"line":20,"column":44},"end":{"line":20,"column":66}},"21":{"start":{"line":21,"column":25},"end":{"line":21,"column":79}},"22":{"start":{"line":21,"column":46},"end":{"line":21,"column":78}},"23":{"start":{"line":24,"column":2},"end":{"line":43,"column":116}},"24":{"start":{"line":25,"column":30},"end":{"line":40,"column":5}},"25":{"start":{"line":26,"column":6},"end":{"line":39,"column":7}},"26":{"start":{"line":27,"column":8},"end":{"line":29,"column":9}},"27":{"start":{"line":28,"column":10},"end":{"line":28,"column":37}},"28":{"start":{"line":31,"column":8},"end":{"line":31,"column":32}},"29":{"start":{"line":33,"column":8},"end":{"line":36,"column":9}},"30":{"start":{"line":34,"column":10},"end":{"line":34,"column":43}},"31":{"start":{"line":35,"column":10},"end":{"line":35,"column":51}},"32":{"start":{"line":38,"column":8},"end":{"line":38,"column":69}},"33":{"start":{"line":42,"column":4},"end":{"line":42,"column":24}},"34":{"start":{"line":45,"column":2},"end":{"line":54,"column":3}},"35":{"start":{"line":46,"column":4},"end":{"line":53,"column":6}},"36":{"start":{"line":49,"column":31},"end":{"line":49,"column":44}},"37":{"start":{"line":56,"column":24},"end":{"line":68,"column":3}},"38":{"start":{"line":57,"column":4},"end":{"line":67,"column":5}},"39":{"start":{"line":58,"column":22},"end":{"line":63,"column":8}},"40":{"start":{"line":64,"column":6},"end":{"line":64,"column":69}},"41":{"start":{"line":66,"column":6},"end":{"line":66,"column":51}},"42":{"start":{"line":70,"column":29},"end":{"line":72,"column":3}},"43":{"start":{"line":71,"column":4},"end":{"line":71,"column":53}},"44":{"start":{"line":74,"column":2},"end":{"line":143,"column":4}},"45":{"start":{"line":110,"column":16},"end":{"line":130,"column":25}},"46":{"start":{"line":113,"column":33},"end":{"line":113,"column":92}}},"fnMap":{"0":{"name":"InventoryDetailScreen","decl":{"start":{"line":6,"column":24},"end":{"line":6,"column":45}},"loc":{"start":{"line":6,"column":48},"end":{"line":144,"column":1}},"line":6},"1":{"name":"(anonymous_1)","decl":{"start":{"line":11,"column":39},"end":{"line":11,"column":40}},"loc":{"start":{"line":11,"column":50},"end":{"line":11,"column":67}},"line":11},"2":{"name":"(anonymous_2)","decl":{"start":{"line":12,"column":33},"end":{"line":12,"column":34}},"loc":{"start":{"line":12,"column":44},"end":{"line":12,"column":55}},"line":12},"3":{"name":"(anonymous_3)","decl":{"start":{"line":13,"column":41},"end":{"line":13,"column":42}},"loc":{"start":{"line":13,"column":52},"end":{"line":13,"column":71}},"line":13},"4":{"name":"(anonymous_4)","decl":{"start":{"line":14,"column":46},"end":{"line":14,"column":47}},"loc":{"start":{"line":14,"column":57},"end":{"line":14,"column":81}},"line":14},"5":{"name":"(anonymous_5)","decl":{"start":{"line":15,"column":43},"end":{"line":15,"column":44}},"loc":{"start":{"line":15,"column":54},"end":{"line":15,"column":75}},"line":15},"6":{"name":"(anonymous_6)","decl":{"start":{"line":16,"column":49},"end":{"line":16,"column":50}},"loc":{"start":{"line":16,"column":60},"end":{"line":16,"column":87}},"line":16},"7":{"name":"(anonymous_7)","decl":{"start":{"line":17,"column":47},"end":{"line":17,"column":48}},"loc":{"start":{"line":17,"column":58},"end":{"line":17,"column":83}},"line":17},"8":{"name":"(anonymous_8)","decl":{"start":{"line":18,"column":38},"end":{"line":18,"column":39}},"loc":{"start":{"line":18,"column":49},"end":{"line":18,"column":65}},"line":18},"9":{"name":"(anonymous_9)","decl":{"start":{"line":20,"column":37},"end":{"line":20,"column":38}},"loc":{"start":{"line":20,"column":44},"end":{"line":20,"column":66}},"line":20},"10":{"name":"(anonymous_10)","decl":{"start":{"line":21,"column":38},"end":{"line":21,"column":39}},"loc":{"start":{"line":21,"column":46},"end":{"line":21,"column":78}},"line":21},"11":{"name":"(anonymous_11)","decl":{"start":{"line":24,"column":18},"end":{"line":24,"column":19}},"loc":{"start":{"line":24,"column":24},"end":{"line":43,"column":3}},"line":24},"12":{"name":"(anonymous_12)","decl":{"start":{"line":25,"column":30},"end":{"line":25,"column":31}},"loc":{"start":{"line":25,"column":42},"end":{"line":40,"column":5}},"line":25},"13":{"name":"(anonymous_13)","decl":{"start":{"line":49,"column":25},"end":{"line":49,"column":26}},"loc":{"start":{"line":49,"column":31},"end":{"line":49,"column":44}},"line":49},"14":{"name":"(anonymous_14)","decl":{"start":{"line":56,"column":24},"end":{"line":56,"column":25}},"loc":{"start":{"line":56,"column":36},"end":{"line":68,"column":3}},"line":56},"15":{"name":"(anonymous_15)","decl":{"start":{"line":70,"column":29},"end":{"line":70,"column":30}},"loc":{"start":{"line":70,"column":35},"end":{"line":72,"column":3}},"line":70},"16":{"name":"(anonymous_16)","decl":{"start":{"line":109,"column":46},"end":{"line":109,"column":47}},"loc":{"start":{"line":110,"column":16},"end":{"line":130,"column":25}},"line":110},"17":{"name":"(anonymous_17)","decl":{"start":{"line":113,"column":27},"end":{"line":113,"column":28}},"loc":{"start":{"line":113,"column":33},"end":{"line":113,"column":92}},"line":113}},"branchMap":{"0":{"loc":{"start":{"line":9,"column":22},"end":{"line":9,"column":52}},"type":"cond-expr","locations":[{"start":{"line":9,"column":42},"end":{"line":9,"column":47}},{"start":{"line":9,"column":50},"end":{"line":9,"column":52}}],"line":9},"1":{"loc":{"start":{"line":27,"column":8},"end":{"line":29,"column":9}},"type":"if","locations":[{"start":{"line":27,"column":8},"end":{"line":29,"column":9}},{"start":{},"end":{}}],"line":27},"2":{"loc":{"start":{"line":33,"column":8},"end":{"line":36,"column":9}},"type":"if","locations":[{"start":{"line":33,"column":8},"end":{"line":36,"column":9}},{"start":{},"end":{}}],"line":33},"3":{"loc":{"start":{"line":45,"column":2},"end":{"line":54,"column":3}},"type":"if","locations":[{"start":{"line":45,"column":2},"end":{"line":54,"column":3}},{"start":{},"end":{}}],"line":45},"4":{"loc":{"start":{"line":79,"column":11},"end":{"line":83,"column":11}},"type":"binary-expr","locations":[{"start":{"line":79,"column":11},"end":{"line":79,"column":32}},{"start":{"line":80,"column":12},"end":{"line":82,"column":22}}],"line":79},"5":{"loc":{"start":{"line":98,"column":11},"end":{"line":139,"column":11}},"type":"cond-expr","locations":[{"start":{"line":99,"column":12},"end":{"line":106,"column":18}},{"start":{"line":108,"column":12},"end":{"line":138,"column":21}}],"line":98},"6":{"loc":{"start":{"line":119,"column":25},"end":{"line":123,"column":25}},"type":"binary-expr","locations":[{"start":{"line":119,"column":25},"end":{"line":119,"column":41}},{"start":{"line":120,"column":26},"end":{"line":122,"column":39}}],"line":119},"7":{"loc":{"start":{"line":133,"column":15},"end":{"line":137,"column":15}},"type":"binary-expr","locations":[{"start":{"line":133,"column":15},"end":{"line":133,"column":40}},{"start":{"line":134,"column":16},"end":{"line":136,"column":25}}],"line":133}},"s":{"0":0,"1":0,"2":0,"3":0,"4":0,"5":0,"6":0,"7":0,"8":0,"9":0,"10":0,"11":0,"12":0,"13":0,"14":0,"15":0,"16":0,"17":0,"18":0,"19":0,"20":0,"21":0,"22":0,"23":0,"24":0,"25":0,"26":0,"27":0,"28":0,"29":0,"30":0,"31":0,"32":0,"33":0,"34":0,"35":0,"36":0,"37":0,"38":0,"39":0,"40":0,"41":0,"42":0,"43":0,"44":0,"45":0,"46":0},"f":{"0":0,"1":0,"2":0,"3":0,"4":0,"5":0,"6":0,"7":0,"8":0,"9":0,"10":0,"11":0,"12":0,"13":0,"14":0,"15":0,"16":0,"17":0},"b":{"0":[0,0],"1":[0,0],"2":[0,0],"3":[0,0],"4":[0,0],"5":[0,0],"6":[0,0],"7":[0,0]}}
,"/Users/ts/projects/inventory-app/app/inventories/[id]/items/create.tsx": {"path":"/Users/ts/projects/inventory-app/app/inventories/[id]/items/create.tsx","statementMap":{"0":{"start":{"line":8,"column":17},"end":{"line":8,"column":28}},"1":{"start":{"line":9,"column":17},"end":{"line":9,"column":55}},"2":{"start":{"line":10,"column":25},"end":{"line":10,"column":43}},"3":{"start":{"line":11,"column":36},"end":{"line":11,"column":51}},"4":{"start":{"line":13,"column":23},"end":{"line":27,"column":3}},"5":{"start":{"line":14,"column":4},"end":{"line":14,"column":20}},"6":{"start":{"line":14,"column":13},"end":{"line":14,"column":20}},"7":{"start":{"line":16,"column":4},"end":{"line":16,"column":23}},"8":{"start":{"line":17,"column":4},"end":{"line":26,"column":5}},"9":{"start":{"line":19,"column":23},"end":{"line":19,"column":65}},"10":{"start":{"line":20,"column":6},"end":{"line":20,"column":33}},"11":{"start":{"line":21,"column":6},"end":{"line":21,"column":20}},"12":{"start":{"line":23,"column":6},"end":{"line":23,"column":53}},"13":{"start":{"line":25,"column":6},"end":{"line":25,"column":26}},"14":{"start":{"line":29,"column":23},"end":{"line":31,"column":3}},"15":{"start":{"line":30,"column":4},"end":{"line":30,"column":18}},"16":{"start":{"line":33,"column":2},"end":{"line":35,"column":3}},"17":{"start":{"line":34,"column":4},"end":{"line":34,"column":16}},"18":{"start":{"line":37,"column":2},"end":{"line":45,"column":4}}},"fnMap":{"0":{"name":"CreateItemScreen","decl":{"start":{"line":7,"column":24},"end":{"line":7,"column":40}},"loc":{"start":{"line":7,"column":43},"end":{"line":46,"column":1}},"line":7},"1":{"name":"(anonymous_1)","decl":{"start":{"line":13,"column":23},"end":{"line":13,"column":24}},"loc":{"start":{"line":13,"column":64},"end":{"line":27,"column":3}},"line":13},"2":{"name":"(anonymous_2)","decl":{"start":{"line":29,"column":23},"end":{"line":29,"column":24}},"loc":{"start":{"line":29,"column":29},"end":{"line":31,"column":3}},"line":29}},"branchMap":{"0":{"loc":{"start":{"line":14,"column":4},"end":{"line":14,"column":20}},"type":"if","locations":[{"start":{"line":14,"column":4},"end":{"line":14,"column":20}},{"start":{},"end":{}}],"line":14},"1":{"loc":{"start":{"line":33,"column":2},"end":{"line":35,"column":3}},"type":"if","locations":[{"start":{"line":33,"column":2},"end":{"line":35,"column":3}},{"start":{},"end":{}}],"line":33}},"s":{"0":0,"1":0,"2":0,"3":0,"4":0,"5":0,"6":0,"7":0,"8":0,"9":0,"10":0,"11":0,"12":0,"13":0,"14":0,"15":0,"16":0,"17":0,"18":0},"f":{"0":0,"1":0,"2":0},"b":{"0":[0,0],"1":[0,0]}}
,"/Users/ts/projects/inventory-app/app/inventories/[id]/items/index.tsx": {"path":"/Users/ts/projects/inventory-app/app/inventories/[id]/items/index.tsx","statementMap":{"0":{"start":{"line":44,"column":17},"end":{"line":44,"column":28}},"1":{"start":{"line":45,"column":17},"end":{"line":45,"column":39}},"2":{"start":{"line":46,"column":22},"end":{"line":46,"column":52}},"3":{"start":{"line":48,"column":40},"end":{"line":51,"column":4}},"4":{"start":{"line":53,"column":42},"end":{"line":56,"column":4}},"5":{"start":{"line":58,"column":38},"end":{"line":58,"column":53}},"6":{"start":{"line":59,"column":40},"end":{"line":59,"column":69}},"7":{"start":{"line":62,"column":20},"end":{"line":64,"column":3}},"8":{"start":{"line":63,"column":4},"end":{"line":63,"column":57}},"9":{"start":{"line":63,"column":34},"end":{"line":63,"column":56}},"10":{"start":{"line":65,"column":16},"end":{"line":67,"column":3}},"11":{"start":{"line":66,"column":4},"end":{"line":66,"column":64}},"12":{"start":{"line":66,"column":31},"end":{"line":66,"column":63}},"13":{"start":{"line":68,"column":25},"end":{"line":68,"column":72}},"14":{"start":{"line":68,"column":51},"end":{"line":68,"column":71}},"15":{"start":{"line":69,"column":32},"end":{"line":69,"column":86}},"16":{"start":{"line":69,"column":58},"end":{"line":69,"column":85}},"17":{"start":{"line":70,"column":21},"end":{"line":70,"column":64}},"18":{"start":{"line":70,"column":47},"end":{"line":70,"column":63}},"19":{"start":{"line":73,"column":2},"end":{"line":77,"column":43}},"20":{"start":{"line":74,"column":4},"end":{"line":76,"column":5}},"21":{"start":{"line":75,"column":6},"end":{"line":75,"column":41}},"22":{"start":{"line":80,"column":2},"end":{"line":89,"column":3}},"23":{"start":{"line":81,"column":4},"end":{"line":88,"column":6}},"24":{"start":{"line":84,"column":31},"end":{"line":84,"column":44}},"25":{"start":{"line":92,"column":2},"end":{"line":99,"column":3}},"26":{"start":{"line":93,"column":4},"end":{"line":98,"column":6}},"27":{"start":{"line":102,"column":21},"end":{"line":108,"column":3}},"28":{"start":{"line":103,"column":4},"end":{"line":107,"column":20}},"29":{"start":{"line":111,"column":30},"end":{"line":124,"column":3}},"30":{"start":{"line":112,"column":4},"end":{"line":112,"column":37}},"31":{"start":{"line":112,"column":25},"end":{"line":112,"column":37}},"32":{"start":{"line":114,"column":18},"end":{"line":114,"column":28}},"33":{"start":{"line":115,"column":19},"end":{"line":115,"column":43}},"34":{"start":{"line":116,"column":28},"end":{"line":116,"column":99}},"35":{"start":{"line":118,"column":4},"end":{"line":122,"column":5}},"36":{"start":{"line":119,"column":6},"end":{"line":119,"column":53}},"37":{"start":{"line":120,"column":11},"end":{"line":122,"column":5}},"38":{"start":{"line":121,"column":6},"end":{"line":121,"column":62}},"39":{"start":{"line":123,"column":4},"end":{"line":123,"column":16}},"40":{"start":{"line":126,"column":24},"end":{"line":128,"column":3}},"41":{"start":{"line":127,"column":4},"end":{"line":127,"column":60}},"42":{"start":{"line":130,"column":26},"end":{"line":132,"column":3}},"43":{"start":{"line":131,"column":4},"end":{"line":131,"column":63}},"44":{"start":{"line":134,"column":30},"end":{"line":139,"column":3}},"45":{"start":{"line":135,"column":4},"end":{"line":138,"column":7}},"46":{"start":{"line":141,"column":21},"end":{"line":144,"column":3}},"47":{"start":{"line":142,"column":4},"end":{"line":142,"column":58}},"48":{"start":{"line":143,"column":4},"end":{"line":143,"column":85}},"49":{"start":{"line":146,"column":28},"end":{"line":152,"column":3}},"50":{"start":{"line":147,"column":4},"end":{"line":150,"column":7}},"51":{"start":{"line":151,"column":4},"end":{"line":151,"column":58}},"52":{"start":{"line":154,"column":30},"end":{"line":168,"column":3}},"53":{"start":{"line":155,"column":4},"end":{"line":155,"column":43}},"54":{"start":{"line":155,"column":36},"end":{"line":155,"column":43}},"55":{"start":{"line":157,"column":4},"end":{"line":157,"column":24}},"56":{"start":{"line":158,"column":4},"end":{"line":158,"column":25}},"57":{"start":{"line":159,"column":4},"end":{"line":167,"column":5}},"58":{"start":{"line":160,"column":6},"end":{"line":160,"column":53}},"59":{"start":{"line":161,"column":6},"end":{"line":161,"column":61}},"60":{"start":{"line":163,"column":6},"end":{"line":163,"column":53}},"61":{"start":{"line":164,"column":6},"end":{"line":164,"column":46}},"62":{"start":{"line":166,"column":6},"end":{"line":166,"column":27}},"63":{"start":{"line":170,"column":33},"end":{"line":172,"column":3}},"64":{"start":{"line":171,"column":4},"end":{"line":171,"column":58}},"65":{"start":{"line":174,"column":34},"end":{"line":176,"column":3}},"66":{"start":{"line":175,"column":4},"end":{"line":175,"column":59}},"67":{"start":{"line":178,"column":2},"end":{"line":377,"column":4}},"68":{"start":{"line":208,"column":41},"end":{"line":208,"column":81}},"69":{"start":{"line":210,"column":16},"end":{"line":286,"column":18}},"70":{"start":{"line":213,"column":35},"end":{"line":213,"column":59}},"71":{"start":{"line":214,"column":39},"end":{"line":214,"column":64}}},"fnMap":{"0":{"name":"ItemsListScreen","decl":{"start":{"line":43,"column":24},"end":{"line":43,"column":39}},"loc":{"start":{"line":43,"column":42},"end":{"line":378,"column":1}},"line":43},"1":{"name":"(anonymous_1)","decl":{"start":{"line":62,"column":37},"end":{"line":62,"column":38}},"loc":{"start":{"line":63,"column":4},"end":{"line":63,"column":57}},"line":63},"2":{"name":"(anonymous_2)","decl":{"start":{"line":63,"column":27},"end":{"line":63,"column":28}},"loc":{"start":{"line":63,"column":34},"end":{"line":63,"column":56}},"line":63},"3":{"name":"(anonymous_3)","decl":{"start":{"line":65,"column":33},"end":{"line":65,"column":34}},"loc":{"start":{"line":66,"column":4},"end":{"line":66,"column":64}},"line":66},"4":{"name":"(anonymous_4)","decl":{"start":{"line":66,"column":23},"end":{"line":66,"column":24}},"loc":{"start":{"line":66,"column":31},"end":{"line":66,"column":63}},"line":66},"5":{"name":"(anonymous_5)","decl":{"start":{"line":68,"column":42},"end":{"line":68,"column":43}},"loc":{"start":{"line":68,"column":51},"end":{"line":68,"column":71}},"line":68},"6":{"name":"(anonymous_6)","decl":{"start":{"line":69,"column":49},"end":{"line":69,"column":50}},"loc":{"start":{"line":69,"column":58},"end":{"line":69,"column":85}},"line":69},"7":{"name":"(anonymous_7)","decl":{"start":{"line":70,"column":38},"end":{"line":70,"column":39}},"loc":{"start":{"line":70,"column":47},"end":{"line":70,"column":63}},"line":70},"8":{"name":"(anonymous_8)","decl":{"start":{"line":73,"column":12},"end":{"line":73,"column":13}},"loc":{"start":{"line":73,"column":18},"end":{"line":77,"column":3}},"line":73},"9":{"name":"(anonymous_9)","decl":{"start":{"line":84,"column":25},"end":{"line":84,"column":26}},"loc":{"start":{"line":84,"column":31},"end":{"line":84,"column":44}},"line":84},"10":{"name":"(anonymous_10)","decl":{"start":{"line":102,"column":21},"end":{"line":102,"column":22}},"loc":{"start":{"line":102,"column":37},"end":{"line":108,"column":3}},"line":102},"11":{"name":"(anonymous_11)","decl":{"start":{"line":111,"column":30},"end":{"line":111,"column":31}},"loc":{"start":{"line":111,"column":57},"end":{"line":124,"column":3}},"line":111},"12":{"name":"(anonymous_12)","decl":{"start":{"line":126,"column":24},"end":{"line":126,"column":25}},"loc":{"start":{"line":126,"column":30},"end":{"line":128,"column":3}},"line":126},"13":{"name":"(anonymous_13)","decl":{"start":{"line":130,"column":26},"end":{"line":130,"column":27}},"loc":{"start":{"line":130,"column":46},"end":{"line":132,"column":3}},"line":130},"14":{"name":"(anonymous_14)","decl":{"start":{"line":134,"column":30},"end":{"line":134,"column":31}},"loc":{"start":{"line":134,"column":45},"end":{"line":139,"column":3}},"line":134},"15":{"name":"(anonymous_15)","decl":{"start":{"line":141,"column":21},"end":{"line":141,"column":22}},"loc":{"start":{"line":141,"column":27},"end":{"line":144,"column":3}},"line":141},"16":{"name":"(anonymous_16)","decl":{"start":{"line":146,"column":28},"end":{"line":146,"column":29}},"loc":{"start":{"line":146,"column":34},"end":{"line":152,"column":3}},"line":146},"17":{"name":"(anonymous_17)","decl":{"start":{"line":154,"column":30},"end":{"line":154,"column":31}},"loc":{"start":{"line":154,"column":42},"end":{"line":168,"column":3}},"line":154},"18":{"name":"(anonymous_18)","decl":{"start":{"line":170,"column":33},"end":{"line":170,"column":34}},"loc":{"start":{"line":170,"column":39},"end":{"line":172,"column":3}},"line":170},"19":{"name":"(anonymous_19)","decl":{"start":{"line":174,"column":34},"end":{"line":174,"column":35}},"loc":{"start":{"line":174,"column":40},"end":{"line":176,"column":3}},"line":174},"20":{"name":"(anonymous_20)","decl":{"start":{"line":207,"column":24},"end":{"line":207,"column":25}},"loc":{"start":{"line":207,"column":34},"end":{"line":287,"column":15}},"line":207},"21":{"name":"(anonymous_21)","decl":{"start":{"line":213,"column":29},"end":{"line":213,"column":30}},"loc":{"start":{"line":213,"column":35},"end":{"line":213,"column":59}},"line":213},"22":{"name":"(anonymous_22)","decl":{"start":{"line":214,"column":33},"end":{"line":214,"column":34}},"loc":{"start":{"line":214,"column":39},"end":{"line":214,"column":64}},"line":214}},"branchMap":{"0":{"loc":{"start":{"line":46,"column":22},"end":{"line":46,"column":52}},"type":"cond-expr","locations":[{"start":{"line":46,"column":42},"end":{"line":46,"column":47}},{"start":{"line":46,"column":50},"end":{"line":46,"column":52}}],"line":46},"1":{"loc":{"start":{"line":74,"column":4},"end":{"line":76,"column":5}},"type":"if","locations":[{"start":{"line":74,"column":4},"end":{"line":76,"column":5}},{"start":{},"end":{}}],"line":74},"2":{"loc":{"start":{"line":80,"column":2},"end":{"line":89,"column":3}},"type":"if","locations":[{"start":{"line":80,"column":2},"end":{"line":89,"column":3}},{"start":{},"end":{}}],"line":80},"3":{"loc":{"start":{"line":92,"column":2},"end":{"line":99,"column":3}},"type":"if","locations":[{"start":{"line":92,"column":2},"end":{"line":99,"column":3}},{"start":{},"end":{}}],"line":92},"4":{"loc":{"start":{"line":112,"column":4},"end":{"line":112,"column":37}},"type":"if","locations":[{"start":{"line":112,"column":4},"end":{"line":112,"column":37}},{"start":{},"end":{}}],"line":112},"5":{"loc":{"start":{"line":118,"column":4},"end":{"line":122,"column":5}},"type":"if","locations":[{"start":{"line":118,"column":4},"end":{"line":122,"column":5}},{"start":{"line":120,"column":11},"end":{"line":122,"column":5}}],"line":118},"6":{"loc":{"start":{"line":120,"column":11},"end":{"line":122,"column":5}},"type":"if","locations":[{"start":{"line":120,"column":11},"end":{"line":122,"column":5}},{"start":{},"end":{}}],"line":120},"7":{"loc":{"start":{"line":155,"column":4},"end":{"line":155,"column":43}},"type":"if","locations":[{"start":{"line":155,"column":4},"end":{"line":155,"column":43}},{"start":{},"end":{}}],"line":155},"8":{"loc":{"start":{"line":185,"column":32},"end":{"line":185,"column":61}},"type":"cond-expr","locations":[{"start":{"line":185,"column":53},"end":{"line":185,"column":56}},{"start":{"line":185,"column":59},"end":{"line":185,"column":61}}],"line":185},"9":{"loc":{"start":{"line":197,"column":13},"end":{"line":288,"column":13}},"type":"cond-expr","locations":[{"start":{"line":198,"column":14},"end":{"line":205,"column":20}},{"start":{"line":207,"column":14},"end":{"line":287,"column":16}}],"line":197},"10":{"loc":{"start":{"line":228,"column":29},"end":{"line":232,"column":29}},"type":"binary-expr","locations":[{"start":{"line":228,"column":29},"end":{"line":228,"column":45}},{"start":{"line":229,"column":30},"end":{"line":231,"column":37}}],"line":228},"11":{"loc":{"start":{"line":234,"column":27},"end":{"line":240,"column":27}},"type":"binary-expr","locations":[{"start":{"line":234,"column":27},"end":{"line":234,"column":43}},{"start":{"line":235,"column":28},"end":{"line":239,"column":36}}],"line":234},"12":{"loc":{"start":{"line":249,"column":29},"end":{"line":253,"column":29}},"type":"binary-expr","locations":[{"start":{"line":249,"column":29},"end":{"line":249,"column":39}},{"start":{"line":250,"column":30},"end":{"line":252,"column":37}}],"line":249},"13":{"loc":{"start":{"line":256,"column":27},"end":{"line":269,"column":27}},"type":"binary-expr","locations":[{"start":{"line":256,"column":28},"end":{"line":256,"column":41}},{"start":{"line":256,"column":45},"end":{"line":256,"column":58}},{"start":{"line":257,"column":28},"end":{"line":268,"column":37}}],"line":256},"14":{"loc":{"start":{"line":258,"column":31},"end":{"line":262,"column":31}},"type":"binary-expr","locations":[{"start":{"line":258,"column":31},"end":{"line":258,"column":44}},{"start":{"line":259,"column":32},"end":{"line":261,"column":39}}],"line":258},"15":{"loc":{"start":{"line":263,"column":31},"end":{"line":267,"column":31}},"type":"binary-expr","locations":[{"start":{"line":263,"column":31},"end":{"line":263,"column":44}},{"start":{"line":264,"column":32},"end":{"line":266,"column":39}}],"line":263},"16":{"loc":{"start":{"line":271,"column":27},"end":{"line":275,"column":27}},"type":"binary-expr","locations":[{"start":{"line":271,"column":27},"end":{"line":271,"column":46}},{"start":{"line":272,"column":28},"end":{"line":274,"column":35}}],"line":271},"17":{"loc":{"start":{"line":277,"column":27},"end":{"line":281,"column":27}},"type":"binary-expr","locations":[{"start":{"line":277,"column":27},"end":{"line":277,"column":39}},{"start":{"line":278,"column":28},"end":{"line":280,"column":35}}],"line":277},"18":{"loc":{"start":{"line":338,"column":13},"end":{"line":342,"column":13}},"type":"binary-expr","locations":[{"start":{"line":338,"column":13},"end":{"line":338,"column":24}},{"start":{"line":339,"column":14},"end":{"line":341,"column":21}}],"line":338},"19":{"loc":{"start":{"line":361,"column":25},"end":{"line":361,"column":45}},"type":"cond-expr","locations":[{"start":{"line":361,"column":38},"end":{"line":361,"column":41}},{"start":{"line":361,"column":44},"end":{"line":361,"column":45}}],"line":361},"20":{"loc":{"start":{"line":363,"column":17},"end":{"line":370,"column":17}},"type":"cond-expr","locations":[{"start":{"line":364,"column":18},"end":{"line":367,"column":27}},{"start":{"line":369,"column":18},"end":{"line":369,"column":49}}],"line":363}},"s":{"0":28,"1":28,"2":28,"3":28,"4":28,"5":28,"6":28,"7":28,"8":28,"9":26,"10":28,"11":28,"12":54,"13":28,"14":28,"15":28,"16":28,"17":28,"18":28,"19":28,"20":17,"21":17,"22":28,"23":3,"24":1,"25":25,"26":1,"27":24,"28":46,"29":24,"30":46,"31":0,"32":46,"33":46,"34":46,"35":46,"36":45,"37":1,"38":1,"39":0,"40":24,"41":1,"42":24,"43":1,"44":24,"45":4,"46":24,"47":0,"48":0,"49":24,"50":3,"51":3,"52":24,"53":2,"54":0,"55":2,"56":2,"57":2,"58":2,"59":1,"60":1,"61":1,"62":2,"63":24,"64":0,"65":24,"66":0,"67":24,"68":46,"69":46,"70":1,"71":4},"f":{"0":28,"1":28,"2":26,"3":28,"4":54,"5":28,"6":28,"7":28,"8":17,"9":1,"10":46,"11":46,"12":1,"13":1,"14":4,"15":0,"16":3,"17":2,"18":0,"19":0,"20":46,"21":1,"22":4},"b":{"0":[1,27],"1":[17,0],"2":[3,25],"3":[1,24],"4":[0,46],"5":[45,1],"6":[1,0],"7":[0,2],"8":[24,0],"9":[1,23],"10":[46,24],"11":[46,46],"12":[46,24],"13":[46,0,46],"14":[46,46],"15":[46,46],"16":[46,46],"17":[46,24],"18":[24,1],"19":[2,22],"20":[2,22]},"_coverageSchema":"1a1c01bbd47fc00a2c39e90264f33305004495a9","hash":"43d92c1abe764b433289df0f863e68e331c542d7"}
,"/Users/ts/projects/inventory-app/app/inventories/[id]/items/[itemId]/edit.tsx": {"path":"/Users/ts/projects/inventory-app/app/inventories/[id]/items/[itemId]/edit.tsx","statementMap":{"0":{"start":{"line":8,"column":17},"end":{"line":8,"column":28}},"1":{"start":{"line":9,"column":25},"end":{"line":9,"column":47}},"2":{"start":{"line":10,"column":22},"end":{"line":10,"column":52}},"3":{"start":{"line":11,"column":20},"end":{"line":11,"column":72}},"4":{"start":{"line":13,"column":36},"end":{"line":13,"column":51}},"5":{"start":{"line":19,"column":6},"end":{"line":19,"column":24}},"6":{"start":{"line":21,"column":16},"end":{"line":21,"column":49}},"7":{"start":{"line":22,"column":15},"end":{"line":22,"column":56}},"8":{"start":{"line":22,"column":34},"end":{"line":22,"column":55}},"9":{"start":{"line":24,"column":2},"end":{"line":28,"column":43}},"10":{"start":{"line":25,"column":4},"end":{"line":27,"column":5}},"11":{"start":{"line":26,"column":6},"end":{"line":26,"column":41}},"12":{"start":{"line":30,"column":23},"end":{"line":42,"column":3}},"13":{"start":{"line":31,"column":4},"end":{"line":31,"column":22}},"14":{"start":{"line":31,"column":15},"end":{"line":31,"column":22}},"15":{"start":{"line":33,"column":4},"end":{"line":33,"column":23}},"16":{"start":{"line":34,"column":4},"end":{"line":41,"column":5}},"17":{"start":{"line":35,"column":6},"end":{"line":35,"column":38}},"18":{"start":{"line":36,"column":6},"end":{"line":36,"column":20}},"19":{"start":{"line":38,"column":6},"end":{"line":38,"column":53}},"20":{"start":{"line":40,"column":6},"end":{"line":40,"column":26}},"21":{"start":{"line":44,"column":23},"end":{"line":46,"column":3}},"22":{"start":{"line":45,"column":4},"end":{"line":45,"column":18}},"23":{"start":{"line":48,"column":2},"end":{"line":50,"column":3}},"24":{"start":{"line":49,"column":4},"end":{"line":49,"column":16}},"25":{"start":{"line":52,"column":2},"end":{"line":71,"column":4}}},"fnMap":{"0":{"name":"EditItemScreen","decl":{"start":{"line":7,"column":24},"end":{"line":7,"column":38}},"loc":{"start":{"line":7,"column":41},"end":{"line":72,"column":1}},"line":7},"1":{"name":"(anonymous_1)","decl":{"start":{"line":22,"column":26},"end":{"line":22,"column":27}},"loc":{"start":{"line":22,"column":34},"end":{"line":22,"column":55}},"line":22},"2":{"name":"(anonymous_2)","decl":{"start":{"line":24,"column":12},"end":{"line":24,"column":13}},"loc":{"start":{"line":24,"column":18},"end":{"line":28,"column":3}},"line":24},"3":{"name":"(anonymous_3)","decl":{"start":{"line":30,"column":23},"end":{"line":30,"column":24}},"loc":{"start":{"line":30,"column":51},"end":{"line":42,"column":3}},"line":30},"4":{"name":"(anonymous_4)","decl":{"start":{"line":44,"column":23},"end":{"line":44,"column":24}},"loc":{"start":{"line":44,"column":29},"end":{"line":46,"column":3}},"line":44}},"branchMap":{"0":{"loc":{"start":{"line":10,"column":22},"end":{"line":10,"column":52}},"type":"cond-expr","locations":[{"start":{"line":10,"column":42},"end":{"line":10,"column":47}},{"start":{"line":10,"column":50},"end":{"line":10,"column":52}}],"line":10},"1":{"loc":{"start":{"line":11,"column":20},"end":{"line":11,"column":72}},"type":"cond-expr","locations":[{"start":{"line":11,"column":44},"end":{"line":11,"column":53}},{"start":{"line":11,"column":56},"end":{"line":11,"column":72}}],"line":11},"2":{"loc":{"start":{"line":25,"column":4},"end":{"line":27,"column":5}},"type":"if","locations":[{"start":{"line":25,"column":4},"end":{"line":27,"column":5}},{"start":{},"end":{}}],"line":25},"3":{"loc":{"start":{"line":31,"column":4},"end":{"line":31,"column":22}},"type":"if","locations":[{"start":{"line":31,"column":4},"end":{"line":31,"column":22}},{"start":{},"end":{}}],"line":31},"4":{"loc":{"start":{"line":48,"column":2},"end":{"line":50,"column":3}},"type":"if","locations":[{"start":{"line":48,"column":2},"end":{"line":50,"column":3}},{"start":{},"end":{}}],"line":48},"5":{"loc":{"start":{"line":48,"column":6},"end":{"line":48,"column":27}},"type":"binary-expr","locations":[{"start":{"line":48,"column":6},"end":{"line":48,"column":18}},{"start":{"line":48,"column":22},"end":{"line":48,"column":27}}],"line":48},"6":{"loc":{"start":{"line":57,"column":21},"end":{"line":57,"column":50}},"type":"binary-expr","locations":[{"start":{"line":57,"column":21},"end":{"line":57,"column":37}},{"start":{"line":57,"column":41},"end":{"line":57,"column":50}}],"line":57},"7":{"loc":{"start":{"line":59,"column":15},"end":{"line":59,"column":38}},"type":"binary-expr","locations":[{"start":{"line":59,"column":15},"end":{"line":59,"column":25}},{"start":{"line":59,"column":29},"end":{"line":59,"column":38}}],"line":59},"8":{"loc":{"start":{"line":60,"column":18},"end":{"line":60,"column":44}},"type":"binary-expr","locations":[{"start":{"line":60,"column":18},"end":{"line":60,"column":31}},{"start":{"line":60,"column":35},"end":{"line":60,"column":44}}],"line":60},"9":{"loc":{"start":{"line":61,"column":18},"end":{"line":61,"column":44}},"type":"binary-expr","locations":[{"start":{"line":61,"column":18},"end":{"line":61,"column":31}},{"start":{"line":61,"column":35},"end":{"line":61,"column":44}}],"line":61},"10":{"loc":{"start":{"line":62,"column":17},"end":{"line":62,"column":42}},"type":"binary-expr","locations":[{"start":{"line":62,"column":17},"end":{"line":62,"column":29}},{"start":{"line":62,"column":33},"end":{"line":62,"column":42}}],"line":62},"11":{"loc":{"start":{"line":63,"column":24},"end":{"line":63,"column":56}},"type":"binary-expr","locations":[{"start":{"line":63,"column":24},"end":{"line":63,"column":43}},{"start":{"line":63,"column":47},"end":{"line":63,"column":56}}],"line":63}},"s":{"0":0,"1":0,"2":0,"3":0,"4":0,"5":0,"6":0,"7":0,"8":0,"9":0,"10":0,"11":0,"12":0,"13":0,"14":0,"15":0,"16":0,"17":0,"18":0,"19":0,"20":0,"21":0,"22":0,"23":0,"24":0,"25":0},"f":{"0":0,"1":0,"2":0,"3":0,"4":0},"b":{"0":[0,0],"1":[0,0],"2":[0,0],"3":[0,0],"4":[0,0],"5":[0,0],"6":[0,0],"7":[0,0],"8":[0,0],"9":[0,0],"10":[0,0],"11":[0,0]}}
,"/Users/ts/projects/inventory-app/app/inventories/[id]/items/[itemId]/index.tsx": {"path":"/Users/ts/projects/inventory-app/app/inventories/[id]/items/[itemId]/index.tsx","statementMap":{"0":{"start":{"line":7,"column":17},"end":{"line":7,"column":28}},"1":{"start":{"line":8,"column":25},"end":{"line":8,"column":47}},"2":{"start":{"line":9,"column":22},"end":{"line":9,"column":52}},"3":{"start":{"line":10,"column":20},"end":{"line":10,"column":72}},"4":{"start":{"line":12,"column":48},"end":{"line":12,"column":63}},"5":{"start":{"line":13,"column":38},"end":{"line":13,"column":53}},"6":{"start":{"line":20,"column":6},"end":{"line":20,"column":24}},"7":{"start":{"line":22,"column":20},"end":{"line":22,"column":49}},"8":{"start":{"line":23,"column":16},"end":{"line":23,"column":49}},"9":{"start":{"line":24,"column":15},"end":{"line":24,"column":56}},"10":{"start":{"line":24,"column":34},"end":{"line":24,"column":55}},"11":{"start":{"line":26,"column":2},"end":{"line":30,"column":43}},"12":{"start":{"line":27,"column":4},"end":{"line":29,"column":5}},"13":{"start":{"line":28,"column":6},"end":{"line":28,"column":41}},"14":{"start":{"line":32,"column":2},"end":{"line":41,"column":3}},"15":{"start":{"line":33,"column":4},"end":{"line":40,"column":6}},"16":{"start":{"line":36,"column":31},"end":{"line":36,"column":44}},"17":{"start":{"line":43,"column":23},"end":{"line":54,"column":3}},"18":{"start":{"line":44,"column":4},"end":{"line":44,"column":24}},"19":{"start":{"line":45,"column":4},"end":{"line":53,"column":5}},"20":{"start":{"line":46,"column":6},"end":{"line":46,"column":32}},"21":{"start":{"line":47,"column":6},"end":{"line":47,"column":20}},"22":{"start":{"line":49,"column":6},"end":{"line":49,"column":53}},"23":{"start":{"line":51,"column":6},"end":{"line":51,"column":27}},"24":{"start":{"line":52,"column":6},"end":{"line":52,"column":32}},"25":{"start":{"line":56,"column":21},"end":{"line":58,"column":3}},"26":{"start":{"line":57,"column":4},"end":{"line":57,"column":68}},"27":{"start":{"line":60,"column":21},"end":{"line":62,"column":3}},"28":{"start":{"line":61,"column":4},"end":{"line":61,"column":37}},"29":{"start":{"line":64,"column":2},"end":{"line":188,"column":4}},"30":{"start":{"line":148,"column":67},"end":{"line":148,"column":91}},"31":{"start":{"line":154,"column":61},"end":{"line":154,"column":86}},"32":{"start":{"line":171,"column":31},"end":{"line":171,"column":56}}},"fnMap":{"0":{"name":"ItemDetailScreen","decl":{"start":{"line":6,"column":24},"end":{"line":6,"column":40}},"loc":{"start":{"line":6,"column":43},"end":{"line":189,"column":1}},"line":6},"1":{"name":"(anonymous_1)","decl":{"start":{"line":24,"column":26},"end":{"line":24,"column":27}},"loc":{"start":{"line":24,"column":34},"end":{"line":24,"column":55}},"line":24},"2":{"name":"(anonymous_2)","decl":{"start":{"line":26,"column":12},"end":{"line":26,"column":13}},"loc":{"start":{"line":26,"column":18},"end":{"line":30,"column":3}},"line":26},"3":{"name":"(anonymous_3)","decl":{"start":{"line":36,"column":25},"end":{"line":36,"column":26}},"loc":{"start":{"line":36,"column":31},"end":{"line":36,"column":44}},"line":36},"4":{"name":"(anonymous_4)","decl":{"start":{"line":43,"column":23},"end":{"line":43,"column":24}},"loc":{"start":{"line":43,"column":35},"end":{"line":54,"column":3}},"line":43},"5":{"name":"(anonymous_5)","decl":{"start":{"line":56,"column":21},"end":{"line":56,"column":22}},"loc":{"start":{"line":56,"column":27},"end":{"line":58,"column":3}},"line":56},"6":{"name":"(anonymous_6)","decl":{"start":{"line":60,"column":21},"end":{"line":60,"column":22}},"loc":{"start":{"line":60,"column":37},"end":{"line":62,"column":3}},"line":60},"7":{"name":"(anonymous_7)","decl":{"start":{"line":148,"column":61},"end":{"line":148,"column":62}},"loc":{"start":{"line":148,"column":67},"end":{"line":148,"column":91}},"line":148},"8":{"name":"(anonymous_8)","decl":{"start":{"line":154,"column":55},"end":{"line":154,"column":56}},"loc":{"start":{"line":154,"column":61},"end":{"line":154,"column":86}},"line":154},"9":{"name":"(anonymous_9)","decl":{"start":{"line":171,"column":25},"end":{"line":171,"column":26}},"loc":{"start":{"line":171,"column":31},"end":{"line":171,"column":56}},"line":171}},"branchMap":{"0":{"loc":{"start":{"line":9,"column":22},"end":{"line":9,"column":52}},"type":"cond-expr","locations":[{"start":{"line":9,"column":42},"end":{"line":9,"column":47}},{"start":{"line":9,"column":50},"end":{"line":9,"column":52}}],"line":9},"1":{"loc":{"start":{"line":10,"column":20},"end":{"line":10,"column":72}},"type":"cond-expr","locations":[{"start":{"line":10,"column":44},"end":{"line":10,"column":53}},{"start":{"line":10,"column":56},"end":{"line":10,"column":72}}],"line":10},"2":{"loc":{"start":{"line":27,"column":4},"end":{"line":29,"column":5}},"type":"if","locations":[{"start":{"line":27,"column":4},"end":{"line":29,"column":5}},{"start":{},"end":{}}],"line":27},"3":{"loc":{"start":{"line":32,"column":2},"end":{"line":41,"column":3}},"type":"if","locations":[{"start":{"line":32,"column":2},"end":{"line":41,"column":3}},{"start":{},"end":{}}],"line":32},"4":{"loc":{"start":{"line":32,"column":6},"end":{"line":32,"column":25}},"type":"binary-expr","locations":[{"start":{"line":32,"column":6},"end":{"line":32,"column":16}},{"start":{"line":32,"column":20},"end":{"line":32,"column":25}}],"line":32},"5":{"loc":{"start":{"line":35,"column":18},"end":{"line":35,"column":51}},"type":"cond-expr","locations":[{"start":{"line":35,"column":31},"end":{"line":35,"column":42}},{"start":{"line":35,"column":45},"end":{"line":35,"column":51}}],"line":35},"6":{"loc":{"start":{"line":85,"column":15},"end":{"line":90,"column":15}},"type":"binary-expr","locations":[{"start":{"line":85,"column":15},"end":{"line":85,"column":31}},{"start":{"line":86,"column":16},"end":{"line":89,"column":25}}],"line":85},"7":{"loc":{"start":{"line":92,"column":15},"end":{"line":97,"column":15}},"type":"binary-expr","locations":[{"start":{"line":92,"column":15},"end":{"line":92,"column":27}},{"start":{"line":93,"column":16},"end":{"line":96,"column":25}}],"line":92},"8":{"loc":{"start":{"line":99,"column":15},"end":{"line":104,"column":15}},"type":"binary-expr","locations":[{"start":{"line":99,"column":15},"end":{"line":99,"column":25}},{"start":{"line":100,"column":16},"end":{"line":103,"column":25}}],"line":99},"9":{"loc":{"start":{"line":106,"column":15},"end":{"line":111,"column":15}},"type":"binary-expr","locations":[{"start":{"line":106,"column":15},"end":{"line":106,"column":28}},{"start":{"line":107,"column":16},"end":{"line":110,"column":25}}],"line":106},"10":{"loc":{"start":{"line":113,"column":15},"end":{"line":118,"column":15}},"type":"binary-expr","locations":[{"start":{"line":113,"column":15},"end":{"line":113,"column":28}},{"start":{"line":114,"column":16},"end":{"line":117,"column":25}}],"line":113},"11":{"loc":{"start":{"line":120,"column":15},"end":{"line":125,"column":15}},"type":"binary-expr","locations":[{"start":{"line":120,"column":15},"end":{"line":120,"column":34}},{"start":{"line":121,"column":16},"end":{"line":124,"column":25}}],"line":120},"12":{"loc":{"start":{"line":181,"column":29},"end":{"line":181,"column":66}},"type":"cond-expr","locations":[{"start":{"line":181,"column":42},"end":{"line":181,"column":55}},{"start":{"line":181,"column":58},"end":{"line":181,"column":66}}],"line":181}},"s":{"0":0,"1":0,"2":0,"3":0,"4":0,"5":0,"6":0,"7":0,"8":0,"9":0,"10":0,"11":0,"12":0,"13":0,"14":0,"15":0,"16":0,"17":0,"18":0,"19":0,"20":0,"21":0,"22":0,"23":0,"24":0,"25":0,"26":0,"27":0,"28":0,"29":0,"30":0,"31":0,"32":0},"f":{"0":0,"1":0,"2":0,"3":0,"4":0,"5":0,"6":0,"7":0,"8":0,"9":0},"b":{"0":[0,0],"1":[0,0],"2":[0,0],"3":[0,0],"4":[0,0],"5":[0,0],"6":[0,0],"7":[0,0],"8":[0,0],"9":[0,0],"10":[0,0],"11":[0,0],"12":[0,0]}}
,"/Users/ts/projects/inventory-app/components/Collapsible.tsx": {"path":"/Users/ts/projects/inventory-app/components/Collapsible.tsx","statementMap":{"0":{"start":{"line":11,"column":30},"end":{"line":11,"column":45}},"1":{"start":{"line":12,"column":16},"end":{"line":12,"column":43}},"2":{"start":{"line":14,"column":2},"end":{"line":32,"column":4}},"3":{"start":{"line":18,"column":23},"end":{"line":18,"column":51}},"4":{"start":{"line":18,"column":44},"end":{"line":18,"column":50}},"5":{"start":{"line":35,"column":15},"end":{"line":45,"column":2}}},"fnMap":{"0":{"name":"Collapsible","decl":{"start":{"line":10,"column":16},"end":{"line":10,"column":27}},"loc":{"start":{"line":10,"column":88},"end":{"line":33,"column":1}},"line":10},"1":{"name":"(anonymous_1)","decl":{"start":{"line":18,"column":17},"end":{"line":18,"column":18}},"loc":{"start":{"line":18,"column":23},"end":{"line":18,"column":51}},"line":18},"2":{"name":"(anonymous_2)","decl":{"start":{"line":18,"column":33},"end":{"line":18,"column":34}},"loc":{"start":{"line":18,"column":44},"end":{"line":18,"column":50}},"line":18}},"branchMap":{"0":{"loc":{"start":{"line":12,"column":16},"end":{"line":12,"column":43}},"type":"binary-expr","locations":[{"start":{"line":12,"column":16},"end":{"line":12,"column":32}},{"start":{"line":12,"column":36},"end":{"line":12,"column":43}}],"line":12},"1":{"loc":{"start":{"line":24,"column":17},"end":{"line":24,"column":73}},"type":"cond-expr","locations":[{"start":{"line":24,"column":37},"end":{"line":24,"column":54}},{"start":{"line":24,"column":57},"end":{"line":24,"column":73}}],"line":24},"2":{"loc":{"start":{"line":25,"column":41},"end":{"line":25,"column":66}},"type":"cond-expr","locations":[{"start":{"line":25,"column":50},"end":{"line":25,"column":57}},{"start":{"line":25,"column":60},"end":{"line":25,"column":66}}],"line":25},"3":{"loc":{"start":{"line":30,"column":7},"end":{"line":30,"column":75}},"type":"binary-expr","locations":[{"start":{"line":30,"column":7},"end":{"line":30,"column":13}},{"start":{"line":30,"column":17},"end":{"line":30,"column":75}}],"line":30}},"s":{"0":0,"1":0,"2":0,"3":0,"4":0,"5":0},"f":{"0":0,"1":0,"2":0},"b":{"0":[0,0],"1":[0,0],"2":[0,0],"3":[0,0]}}
,"/Users/ts/projects/inventory-app/components/ExternalLink.tsx": {"path":"/Users/ts/projects/inventory-app/components/ExternalLink.tsx","statementMap":{"0":{"start":{"line":9,"column":2},"end":{"line":23,"column":4}},"1":{"start":{"line":15,"column":8},"end":{"line":20,"column":9}},"2":{"start":{"line":17,"column":10},"end":{"line":17,"column":33}},"3":{"start":{"line":19,"column":10},"end":{"line":19,"column":39}}},"fnMap":{"0":{"name":"ExternalLink","decl":{"start":{"line":8,"column":16},"end":{"line":8,"column":28}},"loc":{"start":{"line":8,"column":55},"end":{"line":24,"column":1}},"line":8},"1":{"name":"(anonymous_1)","decl":{"start":{"line":14,"column":15},"end":{"line":14,"column":16}},"loc":{"start":{"line":14,"column":32},"end":{"line":21,"column":7}},"line":14}},"branchMap":{"0":{"loc":{"start":{"line":15,"column":8},"end":{"line":20,"column":9}},"type":"if","locations":[{"start":{"line":15,"column":8},"end":{"line":20,"column":9}},{"start":{},"end":{}}],"line":15}},"s":{"0":0,"1":0,"2":0,"3":0},"f":{"0":0,"1":0},"b":{"0":[0,0]}}
,"/Users/ts/projects/inventory-app/components/HapticTab.tsx": {"path":"/Users/ts/projects/inventory-app/components/HapticTab.tsx","statementMap":{"0":{"start":{"line":6,"column":2},"end":{"line":17,"column":4}},"1":{"start":{"line":10,"column":8},"end":{"line":13,"column":9}},"2":{"start":{"line":12,"column":10},"end":{"line":12,"column":65}},"3":{"start":{"line":14,"column":8},"end":{"line":14,"column":30}}},"fnMap":{"0":{"name":"HapticTab","decl":{"start":{"line":5,"column":16},"end":{"line":5,"column":25}},"loc":{"start":{"line":5,"column":58},"end":{"line":18,"column":1}},"line":5},"1":{"name":"(anonymous_1)","decl":{"start":{"line":9,"column":17},"end":{"line":9,"column":18}},"loc":{"start":{"line":9,"column":25},"end":{"line":15,"column":7}},"line":9}},"branchMap":{"0":{"loc":{"start":{"line":10,"column":8},"end":{"line":13,"column":9}},"type":"if","locations":[{"start":{"line":10,"column":8},"end":{"line":13,"column":9}},{"start":{},"end":{}}],"line":10}},"s":{"0":0,"1":0,"2":0,"3":0},"f":{"0":0,"1":0},"b":{"0":[0,0]}}
,"/Users/ts/projects/inventory-app/components/HelloWave.tsx": {"path":"/Users/ts/projects/inventory-app/components/HelloWave.tsx","statementMap":{"0":{"start":{"line":14,"column":28},"end":{"line":14,"column":45}},"1":{"start":{"line":16,"column":2},"end":{"line":21,"column":26}},"2":{"start":{"line":17,"column":4},"end":{"line":20,"column":6}},"3":{"start":{"line":23,"column":24},"end":{"line":25,"column":5}},"4":{"start":{"line":23,"column":48},"end":{"line":25,"column":3}},"5":{"start":{"line":27,"column":2},"end":{"line":31,"column":4}},"6":{"start":{"line":34,"column":15},"end":{"line":40,"column":2}}},"fnMap":{"0":{"name":"HelloWave","decl":{"start":{"line":13,"column":16},"end":{"line":13,"column":25}},"loc":{"start":{"line":13,"column":28},"end":{"line":32,"column":1}},"line":13},"1":{"name":"(anonymous_1)","decl":{"start":{"line":16,"column":12},"end":{"line":16,"column":13}},"loc":{"start":{"line":16,"column":18},"end":{"line":21,"column":3}},"line":16},"2":{"name":"(anonymous_2)","decl":{"start":{"line":23,"column":41},"end":{"line":23,"column":42}},"loc":{"start":{"line":23,"column":48},"end":{"line":25,"column":3}},"line":23}},"branchMap":{},"s":{"0":0,"1":0,"2":0,"3":0,"4":0,"5":0,"6":0},"f":{"0":0,"1":0,"2":0},"b":{}}
,"/Users/ts/projects/inventory-app/components/ParallaxScrollView.tsx": {"path":"/Users/ts/projects/inventory-app/components/ParallaxScrollView.tsx","statementMap":{"0":{"start":{"line":14,"column":22},"end":{"line":14,"column":25}},"1":{"start":{"line":26,"column":22},"end":{"line":26,"column":49}},"2":{"start":{"line":27,"column":20},"end":{"line":27,"column":57}},"3":{"start":{"line":28,"column":23},"end":{"line":28,"column":53}},"4":{"start":{"line":29,"column":17},"end":{"line":29,"column":39}},"5":{"start":{"line":30,"column":30},"end":{"line":45,"column":4}},"6":{"start":{"line":31,"column":4},"end":{"line":44,"column":6}},"7":{"start":{"line":47,"column":2},"end":{"line":65,"column":4}},"8":{"start":{"line":68,"column":15},"end":{"line":82,"column":2}}},"fnMap":{"0":{"name":"ParallaxScrollView","decl":{"start":{"line":21,"column":24},"end":{"line":21,"column":42}},"loc":{"start":{"line":25,"column":10},"end":{"line":66,"column":1}},"line":25},"1":{"name":"(anonymous_1)","decl":{"start":{"line":30,"column":47},"end":{"line":30,"column":48}},"loc":{"start":{"line":30,"column":53},"end":{"line":45,"column":3}},"line":30}},"branchMap":{"0":{"loc":{"start":{"line":26,"column":22},"end":{"line":26,"column":49}},"type":"binary-expr","locations":[{"start":{"line":26,"column":22},"end":{"line":26,"column":38}},{"start":{"line":26,"column":42},"end":{"line":26,"column":49}}],"line":26}},"s":{"0":0,"1":0,"2":0,"3":0,"4":0,"5":0,"6":0,"7":0,"8":0},"f":{"0":0,"1":0},"b":{"0":[0,0]}}
,"/Users/ts/projects/inventory-app/components/TestDependencies.tsx": {"path":"/Users/ts/projects/inventory-app/components/TestDependencies.tsx","statementMap":{"0":{"start":{"line":7,"column":2},"end":{"line":38,"column":4}},"1":{"start":{"line":32,"column":25},"end":{"line":32,"column":66}}},"fnMap":{"0":{"name":"TestDependencies","decl":{"start":{"line":6,"column":24},"end":{"line":6,"column":40}},"loc":{"start":{"line":6,"column":43},"end":{"line":39,"column":1}},"line":6},"1":{"name":"(anonymous_1)","decl":{"start":{"line":32,"column":19},"end":{"line":32,"column":20}},"loc":{"start":{"line":32,"column":25},"end":{"line":32,"column":66}},"line":32}},"branchMap":{},"s":{"0":0,"1":0},"f":{"0":0,"1":0},"b":{}}
,"/Users/ts/projects/inventory-app/components/ThemedText.tsx": {"path":"/Users/ts/projects/inventory-app/components/ThemedText.tsx","statementMap":{"0":{"start":{"line":18,"column":16},"end":{"line":18,"column":77}},"1":{"start":{"line":20,"column":2},"end":{"line":33,"column":4}},"2":{"start":{"line":36,"column":15},"end":{"line":60,"column":2}}},"fnMap":{"0":{"name":"ThemedText","decl":{"start":{"line":11,"column":16},"end":{"line":11,"column":26}},"loc":{"start":{"line":17,"column":20},"end":{"line":34,"column":1}},"line":17}},"branchMap":{"0":{"loc":{"start":{"line":15,"column":2},"end":{"line":15,"column":18}},"type":"default-arg","locations":[{"start":{"line":15,"column":9},"end":{"line":15,"column":18}}],"line":15},"1":{"loc":{"start":{"line":24,"column":8},"end":{"line":24,"column":55}},"type":"cond-expr","locations":[{"start":{"line":24,"column":29},"end":{"line":24,"column":43}},{"start":{"line":24,"column":46},"end":{"line":24,"column":55}}],"line":24},"2":{"loc":{"start":{"line":25,"column":8},"end":{"line":25,"column":51}},"type":"cond-expr","locations":[{"start":{"line":25,"column":27},"end":{"line":25,"column":39}},{"start":{"line":25,"column":42},"end":{"line":25,"column":51}}],"line":25},"3":{"loc":{"start":{"line":26,"column":8},"end":{"line":26,"column":71}},"type":"cond-expr","locations":[{"start":{"line":26,"column":37},"end":{"line":26,"column":59}},{"start":{"line":26,"column":62},"end":{"line":26,"column":71}}],"line":26},"4":{"loc":{"start":{"line":27,"column":8},"end":{"line":27,"column":57}},"type":"cond-expr","locations":[{"start":{"line":27,"column":30},"end":{"line":27,"column":45}},{"start":{"line":27,"column":48},"end":{"line":27,"column":57}}],"line":27},"5":{"loc":{"start":{"line":28,"column":8},"end":{"line":28,"column":49}},"type":"cond-expr","locations":[{"start":{"line":28,"column":26},"end":{"line":28,"column":37}},{"start":{"line":28,"column":40},"end":{"line":28,"column":49}}],"line":28}},"s":{"0":0,"1":0,"2":0},"f":{"0":0},"b":{"0":[0],"1":[0,0],"2":[0,0],"3":[0,0],"4":[0,0],"5":[0,0]}}
,"/Users/ts/projects/inventory-app/components/ThemedView.tsx": {"path":"/Users/ts/projects/inventory-app/components/ThemedView.tsx","statementMap":{"0":{"start":{"line":11,"column":26},"end":{"line":11,"column":93}},"1":{"start":{"line":13,"column":2},"end":{"line":13,"column":71}}},"fnMap":{"0":{"name":"ThemedView","decl":{"start":{"line":10,"column":16},"end":{"line":10,"column":26}},"loc":{"start":{"line":10,"column":93},"end":{"line":14,"column":1}},"line":10}},"branchMap":{},"s":{"0":0,"1":0},"f":{"0":0},"b":{}}
,"/Users/ts/projects/inventory-app/components/forms/BasicItemForm.tsx": {"path":"/Users/ts/projects/inventory-app/components/forms/BasicItemForm.tsx","statementMap":{"0":{"start":{"line":35,"column":34},"end":{"line":40,"column":4}},"1":{"start":{"line":42,"column":30},"end":{"line":42,"column":66}},"2":{"start":{"line":44,"column":23},"end":{"line":60,"column":3}},"3":{"start":{"line":45,"column":4},"end":{"line":59,"column":5}},"4":{"start":{"line":46,"column":28},"end":{"line":46,"column":60}},"5":{"start":{"line":47,"column":6},"end":{"line":47,"column":20}},"6":{"start":{"line":48,"column":6},"end":{"line":48,"column":30}},"7":{"start":{"line":50,"column":6},"end":{"line":58,"column":7}},"8":{"start":{"line":51,"column":50},"end":{"line":51,"column":52}},"9":{"start":{"line":52,"column":8},"end":{"line":56,"column":11}},"10":{"start":{"line":53,"column":10},"end":{"line":55,"column":11}},"11":{"start":{"line":54,"column":12},"end":{"line":54,"column":64}},"12":{"start":{"line":57,"column":8},"end":{"line":57,"column":29}},"13":{"start":{"line":62,"column":28},"end":{"line":67,"column":3}},"14":{"start":{"line":63,"column":4},"end":{"line":63,"column":55}},"15":{"start":{"line":63,"column":25},"end":{"line":63,"column":52}},"16":{"start":{"line":64,"column":4},"end":{"line":66,"column":5}},"17":{"start":{"line":65,"column":6},"end":{"line":65,"column":52}},"18":{"start":{"line":65,"column":25},"end":{"line":65,"column":49}},"19":{"start":{"line":69,"column":2},"end":{"line":151,"column":4}},"20":{"start":{"line":80,"column":38},"end":{"line":80,"column":69}},"21":{"start":{"line":99,"column":38},"end":{"line":99,"column":88}},"22":{"start":{"line":119,"column":38},"end":{"line":119,"column":76}}},"fnMap":{"0":{"name":"BasicItemForm","decl":{"start":{"line":28,"column":24},"end":{"line":28,"column":37}},"loc":{"start":{"line":34,"column":23},"end":{"line":152,"column":1}},"line":34},"1":{"name":"(anonymous_1)","decl":{"start":{"line":44,"column":23},"end":{"line":44,"column":24}},"loc":{"start":{"line":44,"column":29},"end":{"line":60,"column":3}},"line":44},"2":{"name":"(anonymous_2)","decl":{"start":{"line":52,"column":29},"end":{"line":52,"column":30}},"loc":{"start":{"line":52,"column":40},"end":{"line":56,"column":9}},"line":52},"3":{"name":"(anonymous_3)","decl":{"start":{"line":62,"column":28},"end":{"line":62,"column":29}},"loc":{"start":{"line":62,"column":81},"end":{"line":67,"column":3}},"line":62},"4":{"name":"(anonymous_4)","decl":{"start":{"line":63,"column":16},"end":{"line":63,"column":17}},"loc":{"start":{"line":63,"column":25},"end":{"line":63,"column":52}},"line":63},"5":{"name":"(anonymous_5)","decl":{"start":{"line":65,"column":16},"end":{"line":65,"column":17}},"loc":{"start":{"line":65,"column":25},"end":{"line":65,"column":49}},"line":65},"6":{"name":"(anonymous_6)","decl":{"start":{"line":80,"column":28},"end":{"line":80,"column":29}},"loc":{"start":{"line":80,"column":38},"end":{"line":80,"column":69}},"line":80},"7":{"name":"(anonymous_7)","decl":{"start":{"line":99,"column":28},"end":{"line":99,"column":29}},"loc":{"start":{"line":99,"column":38},"end":{"line":99,"column":88}},"line":99},"8":{"name":"(anonymous_8)","decl":{"start":{"line":119,"column":28},"end":{"line":119,"column":29}},"loc":{"start":{"line":119,"column":38},"end":{"line":119,"column":76}},"line":119}},"branchMap":{"0":{"loc":{"start":{"line":33,"column":2},"end":{"line":33,"column":19}},"type":"default-arg","locations":[{"start":{"line":33,"column":14},"end":{"line":33,"column":19}}],"line":33},"1":{"loc":{"start":{"line":37,"column":10},"end":{"line":37,"column":33}},"type":"binary-expr","locations":[{"start":{"line":37,"column":10},"end":{"line":37,"column":27}},{"start":{"line":37,"column":31},"end":{"line":37,"column":33}}],"line":37},"2":{"loc":{"start":{"line":38,"column":14},"end":{"line":38,"column":40}},"type":"binary-expr","locations":[{"start":{"line":38,"column":14},"end":{"line":38,"column":35}},{"start":{"line":38,"column":39},"end":{"line":38,"column":40}}],"line":38},"3":{"loc":{"start":{"line":39,"column":17},"end":{"line":39,"column":47}},"type":"binary-expr","locations":[{"start":{"line":39,"column":17},"end":{"line":39,"column":41}},{"start":{"line":39,"column":45},"end":{"line":39,"column":47}}],"line":39},"4":{"loc":{"start":{"line":50,"column":6},"end":{"line":58,"column":7}},"type":"if","locations":[{"start":{"line":50,"column":6},"end":{"line":58,"column":7}},{"start":{},"end":{}}],"line":50},"5":{"loc":{"start":{"line":53,"column":10},"end":{"line":55,"column":11}},"type":"if","locations":[{"start":{"line":53,"column":10},"end":{"line":55,"column":11}},{"start":{},"end":{}}],"line":53},"6":{"loc":{"start":{"line":64,"column":4},"end":{"line":66,"column":5}},"type":"if","locations":[{"start":{"line":64,"column":4},"end":{"line":66,"column":5}},{"start":{},"end":{}}],"line":64},"7":{"loc":{"start":{"line":79,"column":21},"end":{"line":79,"column":40}},"type":"binary-expr","locations":[{"start":{"line":79,"column":21},"end":{"line":79,"column":34}},{"start":{"line":79,"column":38},"end":{"line":79,"column":40}}],"line":79},"8":{"loc":{"start":{"line":83,"column":11},"end":{"line":88,"column":11}},"type":"binary-expr","locations":[{"start":{"line":83,"column":11},"end":{"line":83,"column":22}},{"start":{"line":84,"column":12},"end":{"line":87,"column":31}}],"line":83},"9":{"loc":{"start":{"line":98,"column":21},"end":{"line":98,"column":57}},"type":"binary-expr","locations":[{"start":{"line":98,"column":21},"end":{"line":98,"column":50}},{"start":{"line":98,"column":54},"end":{"line":98,"column":57}}],"line":98},"10":{"loc":{"start":{"line":99,"column":68},"end":{"line":99,"column":87}},"type":"binary-expr","locations":[{"start":{"line":99,"column":68},"end":{"line":99,"column":82}},{"start":{"line":99,"column":86},"end":{"line":99,"column":87}}],"line":99},"11":{"loc":{"start":{"line":103,"column":11},"end":{"line":108,"column":11}},"type":"binary-expr","locations":[{"start":{"line":103,"column":11},"end":{"line":103,"column":26}},{"start":{"line":104,"column":12},"end":{"line":107,"column":31}}],"line":103},"12":{"loc":{"start":{"line":118,"column":21},"end":{"line":118,"column":47}},"type":"binary-expr","locations":[{"start":{"line":118,"column":21},"end":{"line":118,"column":41}},{"start":{"line":118,"column":45},"end":{"line":118,"column":47}}],"line":118},"13":{"loc":{"start":{"line":122,"column":11},"end":{"line":127,"column":11}},"type":"binary-expr","locations":[{"start":{"line":122,"column":11},"end":{"line":122,"column":29}},{"start":{"line":123,"column":12},"end":{"line":126,"column":31}}],"line":122},"14":{"loc":{"start":{"line":134,"column":21},"end":{"line":134,"column":40}},"type":"cond-expr","locations":[{"start":{"line":134,"column":33},"end":{"line":134,"column":36}},{"start":{"line":134,"column":39},"end":{"line":134,"column":40}}],"line":134},"15":{"loc":{"start":{"line":137,"column":15},"end":{"line":137,"column":56}},"type":"cond-expr","locations":[{"start":{"line":137,"column":27},"end":{"line":137,"column":40}},{"start":{"line":137,"column":43},"end":{"line":137,"column":56}}],"line":137}},"s":{"0":0,"1":0,"2":0,"3":0,"4":0,"5":0,"6":0,"7":0,"8":0,"9":0,"10":0,"11":0,"12":0,"13":0,"14":0,"15":0,"16":0,"17":0,"18":0,"19":0,"20":0,"21":0,"22":0},"f":{"0":0,"1":0,"2":0,"3":0,"4":0,"5":0,"6":0,"7":0,"8":0},"b":{"0":[0],"1":[0,0],"2":[0,0],"3":[0,0],"4":[0,0],"5":[0,0],"6":[0,0],"7":[0,0],"8":[0,0],"9":[0,0],"10":[0,0],"11":[0,0],"12":[0,0],"13":[0,0],"14":[0,0],"15":[0,0]}}
,"/Users/ts/projects/inventory-app/components/forms/InventoryForm.tsx": {"path":"/Users/ts/projects/inventory-app/components/forms/InventoryForm.tsx","statementMap":{"0":{"start":{"line":37,"column":34},"end":{"line":40,"column":4}},"1":{"start":{"line":42,"column":30},"end":{"line":42,"column":66}},"2":{"start":{"line":44,"column":23},"end":{"line":62,"column":3}},"3":{"start":{"line":45,"column":4},"end":{"line":61,"column":5}},"4":{"start":{"line":47,"column":28},"end":{"line":47,"column":65}},"5":{"start":{"line":49,"column":6},"end":{"line":49,"column":20}},"6":{"start":{"line":50,"column":6},"end":{"line":50,"column":30}},"7":{"start":{"line":52,"column":6},"end":{"line":60,"column":7}},"8":{"start":{"line":53,"column":50},"end":{"line":53,"column":52}},"9":{"start":{"line":54,"column":8},"end":{"line":58,"column":11}},"10":{"start":{"line":55,"column":10},"end":{"line":57,"column":11}},"11":{"start":{"line":56,"column":12},"end":{"line":56,"column":64}},"12":{"start":{"line":59,"column":8},"end":{"line":59,"column":29}},"13":{"start":{"line":64,"column":28},"end":{"line":70,"column":3}},"14":{"start":{"line":65,"column":4},"end":{"line":65,"column":55}},"15":{"start":{"line":65,"column":25},"end":{"line":65,"column":52}},"16":{"start":{"line":67,"column":4},"end":{"line":69,"column":5}},"17":{"start":{"line":68,"column":6},"end":{"line":68,"column":52}},"18":{"start":{"line":68,"column":25},"end":{"line":68,"column":49}},"19":{"start":{"line":72,"column":2},"end":{"line":141,"column":4}},"20":{"start":{"line":83,"column":38},"end":{"line":83,"column":69}},"21":{"start":{"line":102,"column":38},"end":{"line":102,"column":76}}},"fnMap":{"0":{"name":"InventoryForm","decl":{"start":{"line":30,"column":24},"end":{"line":30,"column":37}},"loc":{"start":{"line":36,"column":23},"end":{"line":142,"column":1}},"line":36},"1":{"name":"(anonymous_1)","decl":{"start":{"line":44,"column":23},"end":{"line":44,"column":24}},"loc":{"start":{"line":44,"column":29},"end":{"line":62,"column":3}},"line":44},"2":{"name":"(anonymous_2)","decl":{"start":{"line":54,"column":29},"end":{"line":54,"column":30}},"loc":{"start":{"line":54,"column":40},"end":{"line":58,"column":9}},"line":54},"3":{"name":"(anonymous_3)","decl":{"start":{"line":64,"column":28},"end":{"line":64,"column":29}},"loc":{"start":{"line":64,"column":77},"end":{"line":70,"column":3}},"line":64},"4":{"name":"(anonymous_4)","decl":{"start":{"line":65,"column":16},"end":{"line":65,"column":17}},"loc":{"start":{"line":65,"column":25},"end":{"line":65,"column":52}},"line":65},"5":{"name":"(anonymous_5)","decl":{"start":{"line":68,"column":16},"end":{"line":68,"column":17}},"loc":{"start":{"line":68,"column":25},"end":{"line":68,"column":49}},"line":68},"6":{"name":"(anonymous_6)","decl":{"start":{"line":83,"column":28},"end":{"line":83,"column":29}},"loc":{"start":{"line":83,"column":38},"end":{"line":83,"column":69}},"line":83},"7":{"name":"(anonymous_7)","decl":{"start":{"line":102,"column":28},"end":{"line":102,"column":29}},"loc":{"start":{"line":102,"column":38},"end":{"line":102,"column":76}},"line":102}},"branchMap":{"0":{"loc":{"start":{"line":34,"column":2},"end":{"line":34,"column":19}},"type":"default-arg","locations":[{"start":{"line":34,"column":14},"end":{"line":34,"column":19}}],"line":34},"1":{"loc":{"start":{"line":35,"column":2},"end":{"line":35,"column":17}},"type":"default-arg","locations":[{"start":{"line":35,"column":9},"end":{"line":35,"column":17}}],"line":35},"2":{"loc":{"start":{"line":38,"column":10},"end":{"line":38,"column":33}},"type":"binary-expr","locations":[{"start":{"line":38,"column":10},"end":{"line":38,"column":27}},{"start":{"line":38,"column":31},"end":{"line":38,"column":33}}],"line":38},"3":{"loc":{"start":{"line":39,"column":17},"end":{"line":39,"column":47}},"type":"binary-expr","locations":[{"start":{"line":39,"column":17},"end":{"line":39,"column":41}},{"start":{"line":39,"column":45},"end":{"line":39,"column":47}}],"line":39},"4":{"loc":{"start":{"line":52,"column":6},"end":{"line":60,"column":7}},"type":"if","locations":[{"start":{"line":52,"column":6},"end":{"line":60,"column":7}},{"start":{},"end":{}}],"line":52},"5":{"loc":{"start":{"line":55,"column":10},"end":{"line":57,"column":11}},"type":"if","locations":[{"start":{"line":55,"column":10},"end":{"line":57,"column":11}},{"start":{},"end":{}}],"line":55},"6":{"loc":{"start":{"line":67,"column":4},"end":{"line":69,"column":5}},"type":"if","locations":[{"start":{"line":67,"column":4},"end":{"line":69,"column":5}},{"start":{},"end":{}}],"line":67},"7":{"loc":{"start":{"line":82,"column":21},"end":{"line":82,"column":40}},"type":"binary-expr","locations":[{"start":{"line":82,"column":21},"end":{"line":82,"column":34}},{"start":{"line":82,"column":38},"end":{"line":82,"column":40}}],"line":82},"8":{"loc":{"start":{"line":86,"column":11},"end":{"line":91,"column":11}},"type":"binary-expr","locations":[{"start":{"line":86,"column":11},"end":{"line":86,"column":22}},{"start":{"line":87,"column":12},"end":{"line":90,"column":31}}],"line":86},"9":{"loc":{"start":{"line":101,"column":21},"end":{"line":101,"column":47}},"type":"binary-expr","locations":[{"start":{"line":101,"column":21},"end":{"line":101,"column":41}},{"start":{"line":101,"column":45},"end":{"line":101,"column":47}}],"line":101},"10":{"loc":{"start":{"line":107,"column":11},"end":{"line":112,"column":11}},"type":"binary-expr","locations":[{"start":{"line":107,"column":11},"end":{"line":107,"column":29}},{"start":{"line":108,"column":12},"end":{"line":111,"column":31}}],"line":107},"11":{"loc":{"start":{"line":119,"column":21},"end":{"line":119,"column":40}},"type":"cond-expr","locations":[{"start":{"line":119,"column":33},"end":{"line":119,"column":36}},{"start":{"line":119,"column":39},"end":{"line":119,"column":40}}],"line":119},"12":{"loc":{"start":{"line":122,"column":15},"end":{"line":126,"column":38}},"type":"cond-expr","locations":[{"start":{"line":123,"column":18},"end":{"line":123,"column":29}},{"start":{"line":124,"column":18},"end":{"line":126,"column":38}}],"line":122},"13":{"loc":{"start":{"line":124,"column":18},"end":{"line":126,"column":38}},"type":"cond-expr","locations":[{"start":{"line":125,"column":20},"end":{"line":125,"column":38}},{"start":{"line":126,"column":20},"end":{"line":126,"column":38}}],"line":124}},"s":{"0":18,"1":18,"2":18,"3":3,"4":3,"5":2,"6":2,"7":1,"8":1,"9":1,"10":1,"11":1,"12":1,"13":18,"14":5,"15":5,"16":5,"17":0,"18":0,"19":18,"20":3,"21":2},"f":{"0":18,"1":3,"2":1,"3":5,"4":5,"5":0,"6":3,"7":2},"b":{"0":[16],"1":[17],"2":[18,17],"3":[18,17],"4":[1,0],"5":[1,0],"6":[0,5],"7":[18,10],"8":[18,1],"9":[18,14],"10":[18,0],"11":[2,16],"12":[2,16],"13":[15,1]},"_coverageSchema":"1a1c01bbd47fc00a2c39e90264f33305004495a9","hash":"2410c7001cac146f63a2d7bc2a87bfd4aaad4703"}
[...]
,"column":13},"end":{"line":19,"column":27}},{"start":{"line":19,"column":31},"end":{"line":19,"column":40}}],"line":19},"5":{"loc":{"start":{"line":20,"column":20},"end":{"line":20,"column":89}},"type":"cond-expr","locations":[{"start":{"line":20,"column":45},"end":{"line":20,"column":77}},{"start":{"line":20,"column":80},"end":{"line":20,"column":89}}],"line":20},"6":{"loc":{"start":{"line":42,"column":6},"end":{"line":42,"column":30}},"type":"binary-expr","locations":[{"start":{"line":42,"column":6},"end":{"line":42,"column":22}},{"start":{"line":42,"column":26},"end":{"line":42,"column":30}}],"line":42},"7":{"loc":{"start":{"line":44,"column":6},"end":{"line":44,"column":24}},"type":"binary-expr","locations":[{"start":{"line":44,"column":6},"end":{"line":44,"column":16}},{"start":{"line":44,"column":20},"end":{"line":44,"column":24}}],"line":44},"8":{"loc":{"start":{"line":45,"column":6},"end":{"line":45,"column":27}},"type":"binary-expr","locations":[{"start":{"line":45,"column":6},"end":{"line":45,"column":19}},{"start":{"line":45,"column":23},"end":{"line":45,"column":27}}],"line":45},"9":{"loc":{"start":{"line":46,"column":6},"end":{"line":46,"column":27}},"type":"binary-expr","locations":[{"start":{"line":46,"column":6},"end":{"line":46,"column":19}},{"start":{"line":46,"column":23},"end":{"line":46,"column":27}}],"line":46},"10":{"loc":{"start":{"line":47,"column":6},"end":{"line":47,"column":26}},"type":"binary-expr","locations":[{"start":{"line":47,"column":6},"end":{"line":47,"column":18}},{"start":{"line":47,"column":22},"end":{"line":47,"column":26}}],"line":47},"11":{"loc":{"start":{"line":48,"column":6},"end":{"line":48,"column":48}},"type":"binary-expr","locations":[{"start":{"line":48,"column":6},"end":{"line":48,"column":40}},{"start":{"line":48,"column":44},"end":{"line":48,"column":48}}],"line":48},"12":{"loc":{"start":{"line":79,"column":9},"end":{"line":79,"column":44}},"type":"cond-expr","locations":[{"start":{"line":79,"column":18},"end":{"line":79,"column":37}},{"start":{"line":79,"column":40},"end":{"line":79,"column":44}}],"line":79},"13":{"loc":{"start":{"line":101,"column":2},"end":{"line":104,"column":3}},"type":"if","locations":[{"start":{"line":101,"column":2},"end":{"line":104,"column":3}},{"start":{},"end":{}}],"line":101},"14":{"loc":{"start":{"line":106,"column":2},"end":{"line":109,"column":3}},"type":"if","locations":[{"start":{"line":106,"column":2},"end":{"line":109,"column":3}},{"start":{},"end":{}}],"line":106},"15":{"loc":{"start":{"line":108,"column":16},"end":{"line":108,"column":40}},"type":"binary-expr","locations":[{"start":{"line":108,"column":16},"end":{"line":108,"column":32}},{"start":{"line":108,"column":36},"end":{"line":108,"column":40}}],"line":108},"16":{"loc":{"start":{"line":111,"column":2},"end":{"line":114,"column":3}},"type":"if","locations":[{"start":{"line":111,"column":2},"end":{"line":114,"column":3}},{"start":{},"end":{}}],"line":111},"17":{"loc":{"start":{"line":116,"column":2},"end":{"line":119,"column":3}},"type":"if","locations":[{"start":{"line":116,"column":2},"end":{"line":119,"column":3}},{"start":{},"end":{}}],"line":116},"18":{"loc":{"start":{"line":118,"column":16},"end":{"line":118,"column":34}},"type":"binary-expr","locations":[{"start":{"line":118,"column":16},"end":{"line":118,"column":26}},{"start":{"line":118,"column":30},"end":{"line":118,"column":34}}],"line":118},"19":{"loc":{"start":{"line":121,"column":2},"end":{"line":124,"column":3}},"type":"if","locations":[{"start":{"line":121,"column":2},"end":{"line":124,"column":3}},{"start":{},"end":{}}],"line":121},"20":{"loc":{"start":{"line":123,"column":16},"end":{"line":123,"column":37}},"type":"binary-expr","locations":[{"start":{"line":123,"column":16},"end":{"line":123,"column":29}},{"start":{"line":123,"column":33},"end":{"line":123,"column":37}}],"line":123},"21":{"loc":{"start":{"line":126,"column":2},"end":{"line":129,"column":3}},"type":"if","locations":[{"start":{"line":126,"column":2},"end":{"line":129,"column":3}},{"start":{},"end":{}}],"line":126},"22":{"loc":{"start":{"line":128,"column":16},"end":{"line":128,"column":37}},"type":"binary-expr","locations":[{"start":{"line":128,"column":16},"end":{"line":128,"column":29}},{"start":{"line":128,"column":33},"end":{"line":128,"column":37}}],"line":128},"23":{"loc":{"start":{"line":131,"column":2},"end":{"line":134,"column":3}},"type":"if","locations":[{"start":{"line":131,"column":2},"end":{"line":134,"column":3}},{"start":{},"end":{}}],"line":131},"24":{"loc":{"start":{"line":133,"column":16},"end":{"line":133,"column":36}},"type":"binary-expr","locations":[{"start":{"line":133,"column":16},"end":{"line":133,"column":28}},{"start":{"line":133,"column":32},"end":{"line":133,"column":36}}],"line":133},"25":{"loc":{"start":{"line":136,"column":2},"end":{"line":139,"column":3}},"type":"if","locations":[{"start":{"line":136,"column":2},"end":{"line":139,"column":3}},{"start":{},"end":{}}],"line":136},"26":{"loc":{"start":{"line":138,"column":16},"end":{"line":138,"column":58}},"type":"binary-expr","locations":[{"start":{"line":138,"column":16},"end":{"line":138,"column":50}},{"start":{"line":138,"column":54},"end":{"line":138,"column":58}}],"line":138},"27":{"loc":{"start":{"line":141,"column":2},"end":{"line":143,"column":3}},"type":"if","locations":[{"start":{"line":141,"column":2},"end":{"line":143,"column":3}},{"start":{},"end":{}}],"line":141},"28":{"loc":{"start":{"line":154,"column":2},"end":{"line":156,"column":3}},"type":"if","locations":[{"start":{"line":154,"column":2},"end":{"line":156,"column":3}},{"start":{},"end":{}}],"line":154},"29":{"loc":{"start":{"line":178,"column":9},"end":{"line":178,"column":27}},"type":"binary-expr","locations":[{"start":{"line":178,"column":9},"end":{"line":178,"column":22}},{"start":{"line":178,"column":26},"end":{"line":178,"column":27}}],"line":178},"30":{"loc":{"start":{"line":207,"column":9},"end":{"line":207,"column":44}},"type":"cond-expr","locations":[{"start":{"line":207,"column":18},"end":{"line":207,"column":37}},{"start":{"line":207,"column":40},"end":{"line":207,"column":44}}],"line":207}},"s":{"0":0,"1":0,"2":0,"3":0,"4":0,"5":0,"6":0,"7":0,"8":0,"9":0,"10":0,"11":0,"12":0,"13":0,"14":0,"15":0,"16":0,"17":0,"18":0,"19":0,"20":0,"21":0,"22":0,"23":0,"24":0,"25":0,"26":0,"27":0,"28":0,"29":0,"30":0,"31":0,"32":0,"33":0,"34":0,"35":0,"36":0,"37":0,"38":0,"39":0,"40":0,"41":0,"42":0,"43":0,"44":0,"45":0,"46":0,"47":0,"48":0,"49":0,"50":0,"51":0},"f":{"0":0,"1":0,"2":0,"3":0,"4":0,"5":0,"6":0,"7":0,"8":0},"b":{"0":[0,0],"1":[0,0],"2":[0,0],"3":[0,0],"4":[0,0],"5":[0,0],"6":[0,0],"7":[0,0],"8":[0,0],"9":[0,0],"10":[0,0],"11":[0,0],"12":[0,0],"13":[0,0],"14":[0,0],"15":[0,0],"16":[0,0],"17":[0,0],"18":[0,0],"19":[0,0],"20":[0,0],"21":[0,0],"22":[0,0],"23":[0,0],"24":[0,0],"25":[0,0],"26":[0,0],"27":[0,0],"28":[0,0],"29":[0,0],"30":[0,0]}}
,"/Users/ts/projects/inventory-app/lib/database/migrations.ts": {"path":"/Users/ts/projects/inventory-app/lib/database/migrations.ts","statementMap":{"0":{"start":{"line":5,"column":32},"end":{"line":54,"column":1}},"1":{"start":{"line":60,"column":2},"end":{"line":68,"column":3}},"2":{"start":{"line":61,"column":19},"end":{"line":63,"column":5}},"3":{"start":{"line":64,"column":4},"end":{"line":64,"column":32}},"4":{"start":{"line":67,"column":4},"end":{"line":67,"column":13}},"5":{"start":{"line":75,"column":13},"end":{"line":75,"column":32}},"6":{"start":{"line":77,"column":2},"end":{"line":77,"column":76}},"7":{"start":{"line":79,"column":2},"end":{"line":98,"column":3}},"8":{"start":{"line":80,"column":4},"end":{"line":80,"column":45}},"9":{"start":{"line":83,"column":4},"end":{"line":85,"column":5}},"10":{"start":{"line":84,"column":6},"end":{"line":84,"column":30}},"11":{"start":{"line":88,"column":4},"end":{"line":91,"column":6}},"12":{"start":{"line":93,"column":4},"end":{"line":93,"column":34}},"13":{"start":{"line":94,"column":4},"end":{"line":94,"column":71}},"14":{"start":{"line":96,"column":4},"end":{"line":96,"column":36}},"15":{"start":{"line":97,"column":4},"end":{"line":97,"column":80}},"16":{"start":{"line":105,"column":25},"end":{"line":105,"column":50}},"17":{"start":{"line":106,"column":28},"end":{"line":106,"column":78}},"18":{"start":{"line":106,"column":51},"end":{"line":106,"column":77}},"19":{"start":{"line":108,"column":2},"end":{"line":111,"column":3}},"20":{"start":{"line":109,"column":4},"end":{"line":109,"column":41}},"21":{"start":{"line":110,"column":4},"end":{"line":110,"column":11}},"22":{"start":{"line":113,"column":2},"end":{"line":113,"column":75}},"23":{"start":{"line":115,"column":2},"end":{"line":117,"column":3}},"24":{"start":{"line":116,"column":4},"end":{"line":116,"column":36}},"25":{"start":{"line":119,"column":2},"end":{"line":119,"column":55}},"26":{"start":{"line":126,"column":25},"end":{"line":126,"column":50}},"27":{"start":{"line":128,"column":2},"end":{"line":131,"column":3}},"28":{"start":{"line":129,"column":4},"end":{"line":129,"column":38}},"29":{"start":{"line":130,"column":4},"end":{"line":130,"column":11}},"30":{"start":{"line":133,"column":31},"end":{"line":135,"column":42}},"31":{"start":{"line":134,"column":17},"end":{"line":134,"column":73}},"32":{"start":{"line":135,"column":20},"end":{"line":135,"column":41}},"33":{"start":{"line":137,"column":13},"end":{"line":137,"column":32}},"34":{"start":{"line":139,"column":2},"end":{"line":166,"column":3}},"35":{"start":{"line":140,"column":4},"end":{"line":142,"column":5}},"36":{"start":{"line":141,"column":6},"end":{"line":141,"column":78}},"37":{"start":{"line":144,"column":4},"end":{"line":144,"column":82}},"38":{"start":{"line":146,"column":4},"end":{"line":165,"column":5}},"39":{"start":{"line":147,"column":6},"end":{"line":147,"column":47}},"40":{"start":{"line":150,"column":6},"end":{"line":152,"column":7}},"41":{"start":{"line":151,"column":8},"end":{"line":151,"column":32}},"42":{"start":{"line":155,"column":6},"end":{"line":158,"column":8}},"43":{"start":{"line":160,"column":6},"end":{"line":160,"column":36}},"44":{"start":{"line":161,"column":6},"end":{"line":161,"column":77}},"45":{"start":{"line":163,"column":6},"end":{"line":163,"column":38}},"46":{"start":{"line":164,"column":6},"end":{"line":164,"column":85}},"47":{"start":{"line":168,"column":2},"end":{"line":168,"column":64}}},"fnMap":{"0":{"name":"getCurrentVersion","decl":{"start":{"line":59,"column":15},"end":{"line":59,"column":32}},"loc":{"start":{"line":59,"column":52},"end":{"line":69,"column":1}},"line":59},"1":{"name":"applyMigration","decl":{"start":{"line":74,"column":15},"end":{"line":74,"column":29}},"loc":{"start":{"line":74,"column":67},"end":{"line":99,"column":1}},"line":74},"2":{"name":"runMigrations","decl":{"start":{"line":104,"column":22},"end":{"line":104,"column":35}},"loc":{"start":{"line":104,"column":53},"end":{"line":120,"column":1}},"line":104},"3":{"name":"(anonymous_3)","decl":{"start":{"line":106,"column":46},"end":{"line":106,"column":47}},"loc":{"start":{"line":106,"column":51},"end":{"line":106,"column":77}},"line":106},"4":{"name":"rollbackToVersion","decl":{"start":{"line":125,"column":22},"end":{"line":125,"column":39}},"loc":{"start":{"line":125,"column":78},"end":{"line":169,"column":1}},"line":125},"5":{"name":"(anonymous_5)","decl":{"start":{"line":134,"column":12},"end":{"line":134,"column":13}},"loc":{"start":{"line":134,"column":17},"end":{"line":134,"column":73}},"line":134},"6":{"name":"(anonymous_6)","decl":{"start":{"line":135,"column":10},"end":{"line":135,"column":11}},"loc":{"start":{"line":135,"column":20},"end":{"line":135,"column":41}},"line":135}},"branchMap":{"0":{"loc":{"start":{"line":64,"column":11},"end":{"line":64,"column":31}},"type":"binary-expr","locations":[{"start":{"line":64,"column":11},"end":{"line":64,"column":26}},{"start":{"line":64,"column":30},"end":{"line":64,"column":31}}],"line":64},"1":{"loc":{"start":{"line":108,"column":2},"end":{"line":111,"column":3}},"type":"if","locations":[{"start":{"line":108,"column":2},"end":{"line":111,"column":3}},{"start":{},"end":{}}],"line":108},"2":{"loc":{"start":{"line":128,"column":2},"end":{"line":131,"column":3}},"type":"if","locations":[{"start":{"line":128,"column":2},"end":{"line":131,"column":3}},{"start":{},"end":{}}],"line":128},"3":{"loc":{"start":{"line":134,"column":17},"end":{"line":134,"column":73}},"type":"binary-expr","locations":[{"start":{"line":134,"column":17},"end":{"line":134,"column":42}},{"start":{"line":134,"column":46},"end":{"line":134,"column":73}}],"line":134},"4":{"loc":{"start":{"line":140,"column":4},"end":{"line":142,"column":5}},"type":"if","locations":[{"start":{"line":140,"column":4},"end":{"line":142,"column":5}},{"start":{},"end":{}}],"line":140}},"s":{"0":0,"1":0,"2":0,"3":0,"4":0,"5":0,"6":0,"7":0,"8":0,"9":0,"10":0,"11":0,"12":0,"13":0,"14":0,"15":0,"16":0,"17":0,"18":0,"19":0,"20":0,"21":0,"22":0,"23":0,"24":0,"25":0,"26":0,"27":0,"28":0,"29":0,"30":0,"31":0,"32":0,"33":0,"34":0,"35":0,"36":0,"37":0,"38":0,"39":0,"40":0,"41":0,"42":0,"43":0,"44":0,"45":0,"46":0,"47":0},"f":{"0":0,"1":0,"2":0,"3":0,"4":0,"5":0,"6":0},"b":{"0":[0,0],"1":[0,0],"2":[0,0],"3":[0,0],"4":[0,0]}}
,"/Users/ts/projects/inventory-app/lib/database/types.ts": {"path":"/Users/ts/projects/inventory-app/lib/database/types.ts","statementMap":{},"fnMap":{},"branchMap":{},"s":{},"f":{},"b":{}}
,"/Users/ts/projects/inventory-app/lib/utils/idGenerator.ts": {"path":"/Users/ts/projects/inventory-app/lib/utils/idGenerator.ts","statementMap":{"0":{"start":{"line":6,"column":20},"end":{"line":6,"column":43}},"1":{"start":{"line":7,"column":23},"end":{"line":7,"column":65}},"2":{"start":{"line":8,"column":2},"end":{"line":8,"column":40}},"3":{"start":{"line":15,"column":2},"end":{"line":15,"column":69}}},"fnMap":{"0":{"name":"generateId","decl":{"start":{"line":5,"column":16},"end":{"line":5,"column":26}},"loc":{"start":{"line":5,"column":37},"end":{"line":9,"column":1}},"line":5},"1":{"name":"isValidId","decl":{"start":{"line":14,"column":16},"end":{"line":14,"column":25}},"loc":{"start":{"line":14,"column":47},"end":{"line":16,"column":1}},"line":14}},"branchMap":{"0":{"loc":{"start":{"line":15,"column":9},"end":{"line":15,"column":68}},"type":"binary-expr","locations":[{"start":{"line":15,"column":9},"end":{"line":15,"column":31}},{"start":{"line":15,"column":35},"end":{"line":15,"column":48}},{"start":{"line":15,"column":52},"end":{"line":15,"column":68}}],"line":15}},"s":{"0":7,"1":7,"2":7,"3":6},"f":{"0":7,"1":6},"b":{"0":[6,3,2]},"_coverageSchema":"1a1c01bbd47fc00a2c39e90264f33305004495a9","hash":"463a488e9fa25e39a9c9df1ca3864549447ceac7"}
,"/Users/ts/projects/inventory-app/utils/test/testUtils.tsx": {"path":"/Users/ts/projects/inventory-app/utils/test/testUtils.tsx","statementMap":{"0":{"start":{"line":5,"column":34},"end":{"line":15,"column":2}},"1":{"start":{"line":5,"column":41},"end":{"line":15,"column":1}},"2":{"start":{"line":7,"column":30},"end":{"line":10,"column":3}},"3":{"start":{"line":13,"column":28},"end":{"line":13,"column":30}},"4":{"start":{"line":14,"column":30},"end":{"line":14,"column":34}},"5":{"start":{"line":18,"column":32},"end":{"line":23,"column":2}},"6":{"start":{"line":18,"column":39},"end":{"line":23,"column":1}},"7":{"start":{"line":22,"column":27},"end":{"line":22,"column":31}},"8":{"start":{"line":30,"column":35},"end":{"line":37,"column":1}},"9":{"start":{"line":36,"column":2},"end":{"line":36,"column":29}},"10":{"start":{"line":40,"column":33},"end":{"line":46,"column":1}},"11":{"start":{"line":48,"column":28},"end":{"line":61,"column":1}},"12":{"start":{"line":64,"column":33},"end":{"line":73,"column":1}},"13":{"start":{"line":65,"column":17},"end":{"line":65,"column":37}},"14":{"start":{"line":68,"column":2},"end":{"line":68,"column":69}},"15":{"start":{"line":69,"column":2},"end":{"line":69,"column":40}},"16":{"start":{"line":70,"column":2},"end":{"line":70,"column":44}},"17":{"start":{"line":72,"column":2},"end":{"line":72,"column":16}},"18":{"start":{"line":76,"column":28},"end":{"line":76,"column":80}},"19":{"start":{"line":76,"column":34},"end":{"line":76,"column":80}},"20":{"start":{"line":76,"column":57},"end":{"line":76,"column":79}},"21":{"start":{"line":79,"column":39},"end":{"line":82,"column":1}},"22":{"start":{"line":80,"column":24},"end":{"line":80,"column":73}},"23":{"start":{"line":81,"column":2},"end":{"line":81,"column":59}},"24":{"start":{"line":81,"column":40},"end":{"line":81,"column":57}},"25":{"start":{"line":85,"column":36},"end":{"line":91,"column":1}},"26":{"start":{"line":86,"column":2},"end":{"line":90,"column":3}},"27":{"start":{"line":87,"column":4},"end":{"line":87,"column":58}},"28":{"start":{"line":89,"column":4},"end":{"line":89,"column":50}}},"fnMap":{"0":{"name":"(anonymous_0)","decl":{"start":{"line":5,"column":34},"end":{"line":5,"column":35}},"loc":{"start":{"line":5,"column":41},"end":{"line":15,"column":1}},"line":5},"1":{"name":"(anonymous_1)","decl":{"start":{"line":7,"column":23},"end":{"line":7,"column":24}},"loc":{"start":{"line":7,"column":30},"end":{"line":10,"column":3}},"line":7},"2":{"name":"(anonymous_2)","decl":{"start":{"line":13,"column":22},"end":{"line":13,"column":23}},"loc":{"start":{"line":13,"column":28},"end":{"line":13,"column":30}},"line":13},"3":{"name":"(anonymous_3)","decl":{"start":{"line":14,"column":24},"end":{"line":14,"column":25}},"loc":{"start":{"line":14,"column":30},"end":{"line":14,"column":34}},"line":14},"4":{"name":"(anonymous_4)","decl":{"start":{"line":18,"column":32},"end":{"line":18,"column":33}},"loc":{"start":{"line":18,"column":39},"end":{"line":23,"column":1}},"line":18},"5":{"name":"(anonymous_5)","decl":{"start":{"line":22,"column":21},"end":{"line":22,"column":22}},"loc":{"start":{"line":22,"column":27},"end":{"line":22,"column":31}},"line":22},"6":{"name":"(anonymous_6)","decl":{"start":{"line":30,"column":35},"end":{"line":30,"column":36}},"loc":{"start":{"line":33,"column":5},"end":{"line":37,"column":1}},"line":33},"7":{"name":"(anonymous_7)","decl":{"start":{"line":64,"column":33},"end":{"line":64,"column":34}},"loc":{"start":{"line":64,"column":39},"end":{"line":73,"column":1}},"line":64},"8":{"name":"(anonymous_8)","decl":{"start":{"line":76,"column":28},"end":{"line":76,"column":29}},"loc":{"start":{"line":76,"column":34},"end":{"line":76,"column":80}},"line":76},"9":{"name":"(anonymous_9)","decl":{"start":{"line":76,"column":46},"end":{"line":76,"column":47}},"loc":{"start":{"line":76,"column":57},"end":{"line":76,"column":79}},"line":76},"10":{"name":"(anonymous_10)","decl":{"start":{"line":79,"column":39},"end":{"line":79,"column":40}},"loc":{"start":{"line":79,"column":59},"end":{"line":82,"column":1}},"line":79},"11":{"name":"(anonymous_11)","decl":{"start":{"line":81,"column":27},"end":{"line":81,"column":28}},"loc":{"start":{"line":81,"column":40},"end":{"line":81,"column":57}},"line":81},"12":{"name":"(anonymous_12)","decl":{"start":{"line":85,"column":36},"end":{"line":85,"column":37}},"loc":{"start":{"line":85,"column":85},"end":{"line":91,"column":1}},"line":85}},"branchMap":{"0":{"loc":{"start":{"line":32,"column":2},"end":{"line":32,"column":35}},"type":"default-arg","locations":[{"start":{"line":32,"column":33},"end":{"line":32,"column":35}}],"line":32},"1":{"loc":{"start":{"line":86,"column":2},"end":{"line":90,"column":3}},"type":"if","locations":[{"start":{"line":86,"column":2},"end":{"line":90,"column":3}},{"start":{"line":88,"column":9},"end":{"line":90,"column":3}}],"line":86}},"s":{"0":1,"1":0,"2":0,"3":0,"4":0,"5":1,"6":0,"7":0,"8":1,"9":10,"10":1,"11":1,"12":1,"13":0,"14":0,"15":0,"16":0,"17":0,"18":1,"19":0,"20":0,"21":1,"22":0,"23":0,"24":0,"25":1,"26":0,"27":0,"28":0},"f":{"0":0,"1":0,"2":0,"3":0,"4":0,"5":0,"6":10,"7":0,"8":0,"9":0,"10":0,"11":0,"12":0},"b":{"0":[10],"1":[0,0]},"_coverageSchema":"1a1c01bbd47fc00a2c39e90264f33305004495a9","hash":"95ee75d9ed5f5ed56d222398da1109e407cb151f"}
}
