{"/Users/ts/projects/inventory-app/app/+not-found.tsx": {"path":"/Users/ts/projects/inventory-app/app/+not-found.tsx","statementMap":{"0":{"start":{"line":8,"column":2},"end":{"line":18,"column":4}},"1":{"start":{"line":21,"column":15},"end":{"line":32,"column":2}}},"fnMap":{"0":{"name":"NotFoundScreen","decl":{"start":{"line":7,"column":24},"end":{"line":7,"column":38}},"loc":{"start":{"line":7,"column":41},"end":{"line":19,"column":1}},"line":7}},"branchMap":{},"s":{"0":0,"1":0},"f":{"0":0},"b":{}}
,"/Users/ts/projects/inventory-app/app/_layout.tsx": {"path":"/Users/ts/projects/inventory-app/app/_layout.tsx","statementMap":{"0":{"start":{"line":13,"column":22},"end":{"line":13,"column":38}},"1":{"start":{"line":14,"column":19},"end":{"line":16,"column":4}},"2":{"start":{"line":18,"column":2},"end":{"line":21,"column":3}},"3":{"start":{"line":20,"column":4},"end":{"line":20,"column":16}},"4":{"start":{"line":23,"column":2},"end":{"line":33,"column":4}}},"fnMap":{"0":{"name":"RootLayout","decl":{"start":{"line":12,"column":24},"end":{"line":12,"column":34}},"loc":{"start":{"line":12,"column":37},"end":{"line":34,"column":1}},"line":12}},"branchMap":{"0":{"loc":{"start":{"line":18,"column":2},"end":{"line":21,"column":3}},"type":"if","locations":[{"start":{"line":18,"column":2},"end":{"line":21,"column":3}},{"start":{},"end":{}}],"line":18},"1":{"loc":{"start":{"line":25,"column":28},"end":{"line":25,"column":77}},"type":"cond-expr","locations":[{"start":{"line":25,"column":53},"end":{"line":25,"column":62}},{"start":{"line":25,"column":65},"end":{"line":25,"column":77}}],"line":25}},"s":{"0":0,"1":0,"2":0,"3":0,"4":0},"f":{"0":0},"b":{"0":[0,0],"1":[0,0]}}
,"/Users/ts/projects/inventory-app/app/(tabs)/_layout.tsx": {"path":"/Users/ts/projects/inventory-app/app/(tabs)/_layout.tsx","statementMap":{"0":{"start":{"line":5,"column":2},"end":{"line":25,"column":4}}},"fnMap":{"0":{"name":"TabLayout","decl":{"start":{"line":4,"column":24},"end":{"line":4,"column":33}},"loc":{"start":{"line":4,"column":36},"end":{"line":26,"column":1}},"line":4}},"branchMap":{},"s":{"0":0},"f":{"0":0},"b":{}}
,"/Users/ts/projects/inventory-app/app/(tabs)/explore.tsx": {"path":"/Users/ts/projects/inventory-app/app/(tabs)/explore.tsx","statementMap":{"0":{"start":{"line":12,"column":2},"end":{"line":96,"column":4}},"1":{"start":{"line":99,"column":15},"end":{"line":110,"column":2}}},"fnMap":{"0":{"name":"TabTwoScreen","decl":{"start":{"line":11,"column":24},"end":{"line":11,"column":36}},"loc":{"start":{"line":11,"column":39},"end":{"line":97,"column":1}},"line":11}},"branchMap":{},"s":{"0":0,"1":0},"f":{"0":0},"b":{}}
,"/Users/ts/projects/inventory-app/app/(tabs)/index.tsx": {"path":"/Users/ts/projects/inventory-app/app/(tabs)/index.tsx","statementMap":{"0":{"start":{"line":5,"column":17},"end":{"line":5,"column":28}},"1":{"start":{"line":7,"column":2},"end":{"line":10,"column":15}},"2":{"start":{"line":9,"column":4},"end":{"line":9,"column":35}},"3":{"start":{"line":12,"column":2},"end":{"line":12,"column":14}}},"fnMap":{"0":{"name":"HomeScreen","decl":{"start":{"line":4,"column":24},"end":{"line":4,"column":34}},"loc":{"start":{"line":4,"column":37},"end":{"line":13,"column":1}},"line":4},"1":{"name":"(anonymous_1)","decl":{"start":{"line":7,"column":12},"end":{"line":7,"column":13}},"loc":{"start":{"line":7,"column":18},"end":{"line":10,"column":3}},"line":7}},"branchMap":{},"s":{"0":0,"1":0,"2":0,"3":0},"f":{"0":0,"1":0},"b":{}}
,"/Users/ts/projects/inventory-app/app/inventories/_layout.tsx": {"path":"/Users/ts/projects/inventory-app/app/inventories/_layout.tsx","statementMap":{"0":{"start":{"line":5,"column":2},"end":{"line":54,"column":4}}},"fnMap":{"0":{"name":"InventoriesLayout","decl":{"start":{"line":4,"column":24},"end":{"line":4,"column":41}},"loc":{"start":{"line":4,"column":44},"end":{"line":55,"column":1}},"line":4}},"branchMap":{},"s":{"0":0},"f":{"0":0},"b":{}}
,"/Users/ts/projects/inventory-app/app/inventories/create.tsx": {"path":"/Users/ts/projects/inventory-app/app/inventories/create.tsx","statementMap":{"0":{"start":{"line":8,"column":17},"end":{"line":8,"column":28}},"1":{"start":{"line":9,"column":26},"end":{"line":9,"column":71}},"2":{"start":{"line":9,"column":49},"end":{"line":9,"column":70}},"3":{"start":{"line":10,"column":36},"end":{"line":10,"column":51}},"4":{"start":{"line":12,"column":23},"end":{"line":23,"column":3}},"5":{"start":{"line":13,"column":4},"end":{"line":13,"column":23}},"6":{"start":{"line":14,"column":4},"end":{"line":22,"column":5}},"7":{"start":{"line":15,"column":24},"end":{"line":15,"column":68}},"8":{"start":{"line":16,"column":6},"end":{"line":16,"column":20}},"9":{"start":{"line":17,"column":6},"end":{"line":17,"column":50}},"10":{"start":{"line":19,"column":6},"end":{"line":19,"column":58}},"11":{"start":{"line":21,"column":6},"end":{"line":21,"column":26}},"12":{"start":{"line":25,"column":23},"end":{"line":27,"column":3}},"13":{"start":{"line":26,"column":4},"end":{"line":26,"column":18}},"14":{"start":{"line":29,"column":2},"end":{"line":36,"column":4}}},"fnMap":{"0":{"name":"CreateInventoryScreen","decl":{"start":{"line":7,"column":24},"end":{"line":7,"column":45}},"loc":{"start":{"line":7,"column":48},"end":{"line":37,"column":1}},"line":7},"1":{"name":"(anonymous_1)","decl":{"start":{"line":9,"column":38},"end":{"line":9,"column":39}},"loc":{"start":{"line":9,"column":49},"end":{"line":9,"column":70}},"line":9},"2":{"name":"(anonymous_2)","decl":{"start":{"line":12,"column":23},"end":{"line":12,"column":24}},"loc":{"start":{"line":12,"column":56},"end":{"line":23,"column":3}},"line":12},"3":{"name":"(anonymous_3)","decl":{"start":{"line":25,"column":23},"end":{"line":25,"column":24}},"loc":{"start":{"line":25,"column":29},"end":{"line":27,"column":3}},"line":25}},"branchMap":{},"s":{"0":0,"1":0,"2":0,"3":0,"4":0,"5":0,"6":0,"7":0,"8":0,"9":0,"10":0,"11":0,"12":0,"13":0,"14":0},"f":{"0":0,"1":0,"2":0,"3":0},"b":{}}
,"/Users/ts/projects/inventory-app/app/inventories/index.tsx": {"path":"/Users/ts/projects/inventory-app/app/inventories/index.tsx","statementMap":{"0":{"start":{"line":7,"column":17},"end":{"line":7,"column":28}},"1":{"start":{"line":8,"column":28},"end":{"line":8,"column":57}},"2":{"start":{"line":11,"column":22},"end":{"line":11,"column":68}},"3":{"start":{"line":11,"column":50},"end":{"line":11,"column":67}},"4":{"start":{"line":12,"column":31},"end":{"line":12,"column":86}},"5":{"start":{"line":12,"column":59},"end":{"line":12,"column":85}},"6":{"start":{"line":13,"column":24},"end":{"line":13,"column":72}},"7":{"start":{"line":13,"column":52},"end":{"line":13,"column":71}},"8":{"start":{"line":14,"column":29},"end":{"line":14,"column":82}},"9":{"start":{"line":14,"column":57},"end":{"line":14,"column":81}},"10":{"start":{"line":15,"column":26},"end":{"line":15,"column":76}},"11":{"start":{"line":15,"column":54},"end":{"line":15,"column":75}},"12":{"start":{"line":16,"column":32},"end":{"line":16,"column":88}},"13":{"start":{"line":16,"column":60},"end":{"line":16,"column":87}},"14":{"start":{"line":19,"column":2},"end":{"line":36,"column":59}},"15":{"start":{"line":20,"column":30},"end":{"line":33,"column":5}},"16":{"start":{"line":21,"column":6},"end":{"line":32,"column":7}},"17":{"start":{"line":22,"column":8},"end":{"line":22,"column":23}},"18":{"start":{"line":24,"column":8},"end":{"line":26,"column":9}},"19":{"start":{"line":25,"column":10},"end":{"line":25,"column":37}},"20":{"start":{"line":28,"column":8},"end":{"line":28,"column":32}},"21":{"start":{"line":30,"column":8},"end":{"line":30,"column":72}},"22":{"start":{"line":31,"column":8},"end":{"line":31,"column":47}},"23":{"start":{"line":35,"column":4},"end":{"line":35,"column":24}},"24":{"start":{"line":38,"column":32},"end":{"line":40,"column":3}},"25":{"start":{"line":39,"column":4},"end":{"line":39,"column":39}},"26":{"start":{"line":42,"column":22},"end":{"line":50,"column":3}},"27":{"start":{"line":43,"column":4},"end":{"line":49,"column":5}},"28":{"start":{"line":44,"column":6},"end":{"line":44,"column":21}},"29":{"start":{"line":45,"column":6},"end":{"line":45,"column":30}},"30":{"start":{"line":47,"column":6},"end":{"line":47,"column":65}},"31":{"start":{"line":48,"column":6},"end":{"line":48,"column":45}},"32":{"start":{"line":52,"column":31},"end":{"line":54,"column":3}},"33":{"start":{"line":53,"column":4},"end":{"line":53,"column":47}},"34":{"start":{"line":57,"column":2},"end":{"line":77,"column":3}},"35":{"start":{"line":58,"column":4},"end":{"line":76,"column":6}},"36":{"start":{"line":80,"column":2},"end":{"line":102,"column":3}},"37":{"start":{"line":81,"column":4},"end":{"line":101,"column":6}},"38":{"start":{"line":104,"column":2},"end":{"line":153,"column":4}},"39":{"start":{"line":126,"column":32},"end":{"line":126,"column":67}},"40":{"start":{"line":127,"column":14},"end":{"line":147,"column":16}},"41":{"start":{"line":131,"column":33},"end":{"line":131,"column":67}}},"fnMap":{"0":{"name":"InventoriesScreen","decl":{"start":{"line":6,"column":24},"end":{"line":6,"column":41}},"loc":{"start":{"line":6,"column":44},"end":{"line":154,"column":1}},"line":6},"1":{"name":"(anonymous_1)","decl":{"start":{"line":11,"column":39},"end":{"line":11,"column":40}},"loc":{"start":{"line":11,"column":50},"end":{"line":11,"column":67}},"line":11},"2":{"name":"(anonymous_2)","decl":{"start":{"line":12,"column":48},"end":{"line":12,"column":49}},"loc":{"start":{"line":12,"column":59},"end":{"line":12,"column":85}},"line":12},"3":{"name":"(anonymous_3)","decl":{"start":{"line":13,"column":41},"end":{"line":13,"column":42}},"loc":{"start":{"line":13,"column":52},"end":{"line":13,"column":71}},"line":13},"4":{"name":"(anonymous_4)","decl":{"start":{"line":14,"column":46},"end":{"line":14,"column":47}},"loc":{"start":{"line":14,"column":57},"end":{"line":14,"column":81}},"line":14},"5":{"name":"(anonymous_5)","decl":{"start":{"line":15,"column":43},"end":{"line":15,"column":44}},"loc":{"start":{"line":15,"column":54},"end":{"line":15,"column":75}},"line":15},"6":{"name":"(anonymous_6)","decl":{"start":{"line":16,"column":49},"end":{"line":16,"column":50}},"loc":{"start":{"line":16,"column":60},"end":{"line":16,"column":87}},"line":16},"7":{"name":"(anonymous_7)","decl":{"start":{"line":19,"column":12},"end":{"line":19,"column":13}},"loc":{"start":{"line":19,"column":18},"end":{"line":36,"column":3}},"line":19},"8":{"name":"(anonymous_8)","decl":{"start":{"line":20,"column":30},"end":{"line":20,"column":31}},"loc":{"start":{"line":20,"column":42},"end":{"line":33,"column":5}},"line":20},"9":{"name":"(anonymous_9)","decl":{"start":{"line":38,"column":32},"end":{"line":38,"column":33}},"loc":{"start":{"line":38,"column":38},"end":{"line":40,"column":3}},"line":38},"10":{"name":"(anonymous_10)","decl":{"start":{"line":42,"column":22},"end":{"line":42,"column":23}},"loc":{"start":{"line":42,"column":34},"end":{"line":50,"column":3}},"line":42},"11":{"name":"(anonymous_11)","decl":{"start":{"line":52,"column":31},"end":{"line":52,"column":32}},"loc":{"start":{"line":52,"column":56},"end":{"line":54,"column":3}},"line":52},"12":{"name":"(anonymous_12)","decl":{"start":{"line":125,"column":28},"end":{"line":125,"column":29}},"loc":{"start":{"line":125,"column":43},"end":{"line":148,"column":13}},"line":125},"13":{"name":"(anonymous_13)","decl":{"start":{"line":131,"column":27},"end":{"line":131,"column":28}},"loc":{"start":{"line":131,"column":33},"end":{"line":131,"column":67}},"line":131}},"branchMap":{"0":{"loc":{"start":{"line":24,"column":8},"end":{"line":26,"column":9}},"type":"if","locations":[{"start":{"line":24,"column":8},"end":{"line":26,"column":9}},{"start":{},"end":{}}],"line":24},"1":{"loc":{"start":{"line":57,"column":2},"end":{"line":77,"column":3}},"type":"if","locations":[{"start":{"line":57,"column":2},"end":{"line":77,"column":3}},{"start":{},"end":{}}],"line":57},"2":{"loc":{"start":{"line":80,"column":2},"end":{"line":102,"column":3}},"type":"if","locations":[{"start":{"line":80,"column":2},"end":{"line":102,"column":3}},{"start":{},"end":{}}],"line":80},"3":{"loc":{"start":{"line":115,"column":11},"end":{"line":149,"column":11}},"type":"cond-expr","locations":[{"start":{"line":116,"column":12},"end":{"line":123,"column":18}},{"start":{"line":125,"column":12},"end":{"line":148,"column":14}}],"line":115},"4":{"loc":{"start":{"line":138,"column":39},"end":{"line":138,"column":73}},"type":"cond-expr","locations":[{"start":{"line":138,"column":57},"end":{"line":138,"column":63}},{"start":{"line":138,"column":66},"end":{"line":138,"column":73}}],"line":138},"5":{"loc":{"start":{"line":142,"column":25},"end":{"line":142,"column":66}},"type":"binary-expr","locations":[{"start":{"line":142,"column":25},"end":{"line":142,"column":46}},{"start":{"line":142,"column":50},"end":{"line":142,"column":66}}],"line":142}},"s":{"0":15,"1":15,"2":15,"3":15,"4":15,"5":15,"6":15,"7":15,"8":15,"9":15,"10":15,"11":15,"12":15,"13":15,"14":15,"15":11,"16":11,"17":11,"18":11,"19":1,"20":11,"21":2,"22":2,"23":11,"24":15,"25":2,"26":15,"27":1,"28":1,"29":1,"30":1,"31":1,"32":15,"33":1,"34":15,"35":1,"36":14,"37":3,"38":11,"39":10,"40":10,"41":1},"f":{"0":15,"1":15,"2":15,"3":15,"4":15,"5":15,"6":15,"7":11,"8":11,"9":2,"10":1,"11":1,"12":10,"13":1},"b":{"0":[1,10],"1":[1,14],"2":[3,11],"3":[6,5],"4":[0,10],"5":[10,0]},"_coverageSchema":"1a1c01bbd47fc00a2c39e90264f33305004495a9","hash":"32b4e5593c9d33325cfe8ae0305ca1f0e8b08898"}
,"/Users/ts/projects/inventory-app/app/inventories/[id]/index.tsx": {"path":"/Users/ts/projects/inventory-app/app/inventories/[id]/index.tsx","statementMap":{"0":{"start":{"line":7,"column":17},"end":{"line":7,"column":28}},"1":{"start":{"line":8,"column":17},"end":{"line":8,"column":39}},"2":{"start":{"line":9,"column":22},"end":{"line":9,"column":52}},"3":{"start":{"line":11,"column":22},"end":{"line":11,"column":63}},"4":{"start":{"line":11,"column":45},"end":{"line":11,"column":62}},"5":{"start":{"line":12,"column":16},"end":{"line":12,"column":51}},"6":{"start":{"line":12,"column":39},"end":{"line":12,"column":50}},"7":{"start":{"line":13,"column":30},"end":{"line":13,"column":79}},"8":{"start":{"line":13,"column":53},"end":{"line":13,"column":78}},"9":{"start":{"line":14,"column":21},"end":{"line":14,"column":61}},"10":{"start":{"line":14,"column":44},"end":{"line":14,"column":60}},"11":{"start":{"line":16,"column":20},"end":{"line":16,"column":67}},"12":{"start":{"line":16,"column":44},"end":{"line":16,"column":66}},"13":{"start":{"line":17,"column":25},"end":{"line":17,"column":79}},"14":{"start":{"line":17,"column":46},"end":{"line":17,"column":78}},"15":{"start":{"line":19,"column":2},"end":{"line":23,"column":41}},"16":{"start":{"line":20,"column":4},"end":{"line":22,"column":5}},"17":{"start":{"line":21,"column":6},"end":{"line":21,"column":39}},"18":{"start":{"line":25,"column":2},"end":{"line":34,"column":3}},"19":{"start":{"line":26,"column":4},"end":{"line":33,"column":6}},"20":{"start":{"line":29,"column":31},"end":{"line":29,"column":44}},"21":{"start":{"line":36,"column":24},"end":{"line":39,"column":3}},"22":{"start":{"line":37,"column":20},"end":{"line":37,"column":92}},"23":{"start":{"line":38,"column":4},"end":{"line":38,"column":67}},"24":{"start":{"line":41,"column":29},"end":{"line":43,"column":3}},"25":{"start":{"line":42,"column":4},"end":{"line":42,"column":53}},"26":{"start":{"line":45,"column":2},"end":{"line":114,"column":4}},"27":{"start":{"line":81,"column":16},"end":{"line":101,"column":25}},"28":{"start":{"line":84,"column":33},"end":{"line":84,"column":92}}},"fnMap":{"0":{"name":"InventoryDetailScreen","decl":{"start":{"line":6,"column":24},"end":{"line":6,"column":45}},"loc":{"start":{"line":6,"column":48},"end":{"line":115,"column":1}},"line":6},"1":{"name":"(anonymous_1)","decl":{"start":{"line":11,"column":34},"end":{"line":11,"column":35}},"loc":{"start":{"line":11,"column":45},"end":{"line":11,"column":62}},"line":11},"2":{"name":"(anonymous_2)","decl":{"start":{"line":12,"column":28},"end":{"line":12,"column":29}},"loc":{"start":{"line":12,"column":39},"end":{"line":12,"column":50}},"line":12},"3":{"name":"(anonymous_3)","decl":{"start":{"line":13,"column":42},"end":{"line":13,"column":43}},"loc":{"start":{"line":13,"column":53},"end":{"line":13,"column":78}},"line":13},"4":{"name":"(anonymous_4)","decl":{"start":{"line":14,"column":33},"end":{"line":14,"column":34}},"loc":{"start":{"line":14,"column":44},"end":{"line":14,"column":60}},"line":14},"5":{"name":"(anonymous_5)","decl":{"start":{"line":16,"column":37},"end":{"line":16,"column":38}},"loc":{"start":{"line":16,"column":44},"end":{"line":16,"column":66}},"line":16},"6":{"name":"(anonymous_6)","decl":{"start":{"line":17,"column":38},"end":{"line":17,"column":39}},"loc":{"start":{"line":17,"column":46},"end":{"line":17,"column":78}},"line":17},"7":{"name":"(anonymous_7)","decl":{"start":{"line":19,"column":18},"end":{"line":19,"column":19}},"loc":{"start":{"line":19,"column":24},"end":{"line":23,"column":3}},"line":19},"8":{"name":"(anonymous_8)","decl":{"start":{"line":29,"column":25},"end":{"line":29,"column":26}},"loc":{"start":{"line":29,"column":31},"end":{"line":29,"column":44}},"line":29},"9":{"name":"(anonymous_9)","decl":{"start":{"line":36,"column":24},"end":{"line":36,"column":25}},"loc":{"start":{"line":36,"column":30},"end":{"line":39,"column":3}},"line":36},"10":{"name":"(anonymous_10)","decl":{"start":{"line":41,"column":29},"end":{"line":41,"column":30}},"loc":{"start":{"line":41,"column":35},"end":{"line":43,"column":3}},"line":41},"11":{"name":"(anonymous_11)","decl":{"start":{"line":80,"column":46},"end":{"line":80,"column":47}},"loc":{"start":{"line":81,"column":16},"end":{"line":101,"column":25}},"line":81},"12":{"name":"(anonymous_12)","decl":{"start":{"line":84,"column":27},"end":{"line":84,"column":28}},"loc":{"start":{"line":84,"column":33},"end":{"line":84,"column":92}},"line":84}},"branchMap":{"0":{"loc":{"start":{"line":9,"column":22},"end":{"line":9,"column":52}},"type":"cond-expr","locations":[{"start":{"line":9,"column":42},"end":{"line":9,"column":47}},{"start":{"line":9,"column":50},"end":{"line":9,"column":52}}],"line":9},"1":{"loc":{"start":{"line":20,"column":4},"end":{"line":22,"column":5}},"type":"if","locations":[{"start":{"line":20,"column":4},"end":{"line":22,"column":5}},{"start":{},"end":{}}],"line":20},"2":{"loc":{"start":{"line":25,"column":2},"end":{"line":34,"column":3}},"type":"if","locations":[{"start":{"line":25,"column":2},"end":{"line":34,"column":3}},{"start":{},"end":{}}],"line":25},"3":{"loc":{"start":{"line":50,"column":11},"end":{"line":54,"column":11}},"type":"binary-expr","locations":[{"start":{"line":50,"column":11},"end":{"line":50,"column":32}},{"start":{"line":51,"column":12},"end":{"line":53,"column":22}}],"line":50},"4":{"loc":{"start":{"line":69,"column":11},"end":{"line":110,"column":11}},"type":"cond-expr","locations":[{"start":{"line":70,"column":12},"end":{"line":77,"column":18}},{"start":{"line":79,"column":12},"end":{"line":109,"column":21}}],"line":69},"5":{"loc":{"start":{"line":90,"column":25},"end":{"line":94,"column":25}},"type":"binary-expr","locations":[{"start":{"line":90,"column":25},"end":{"line":90,"column":41}},{"start":{"line":91,"column":26},"end":{"line":93,"column":39}}],"line":90},"6":{"loc":{"start":{"line":104,"column":15},"end":{"line":108,"column":15}},"type":"binary-expr","locations":[{"start":{"line":104,"column":15},"end":{"line":104,"column":40}},{"start":{"line":105,"column":16},"end":{"line":107,"column":25}}],"line":104}},"s":{"0":0,"1":0,"2":0,"3":0,"4":0,"5":0,"6":0,"7":0,"8":0,"9":0,"10":0,"11":0,"12":0,"13":0,"14":0,"15":0,"16":0,"17":0,"18":0,"19":0,"20":0,"21":0,"22":0,"23":0,"24":0,"25":0,"26":0,"27":0,"28":0},"f":{"0":0,"1":0,"2":0,"3":0,"4":0,"5":0,"6":0,"7":0,"8":0,"9":0,"10":0,"11":0,"12":0},"b":{"0":[0,0],"1":[0,0],"2":[0,0],"3":[0,0],"4":[0,0],"5":[0,0],"6":[0,0]}}
,"/Users/ts/projects/inventory-app/app/inventories/[id]/items/create.tsx": {"path":"/Users/ts/projects/inventory-app/app/inventories/[id]/items/create.tsx","statementMap":{"0":{"start":{"line":8,"column":17},"end":{"line":8,"column":28}},"1":{"start":{"line":9,"column":17},"end":{"line":9,"column":55}},"2":{"start":{"line":10,"column":21},"end":{"line":10,"column":61}},"3":{"start":{"line":10,"column":44},"end":{"line":10,"column":60}},"4":{"start":{"line":11,"column":36},"end":{"line":11,"column":51}},"5":{"start":{"line":13,"column":23},"end":{"line":25,"column":3}},"6":{"start":{"line":14,"column":4},"end":{"line":14,"column":20}},"7":{"start":{"line":14,"column":13},"end":{"line":14,"column":20}},"8":{"start":{"line":16,"column":4},"end":{"line":16,"column":23}},"9":{"start":{"line":17,"column":4},"end":{"line":24,"column":5}},"10":{"start":{"line":18,"column":6},"end":{"line":18,"column":64}},"11":{"start":{"line":19,"column":6},"end":{"line":19,"column":20}},"12":{"start":{"line":21,"column":6},"end":{"line":21,"column":53}},"13":{"start":{"line":23,"column":6},"end":{"line":23,"column":26}},"14":{"start":{"line":27,"column":23},"end":{"line":29,"column":3}},"15":{"start":{"line":28,"column":4},"end":{"line":28,"column":18}},"16":{"start":{"line":31,"column":2},"end":{"line":33,"column":3}},"17":{"start":{"line":32,"column":4},"end":{"line":32,"column":16}},"18":{"start":{"line":35,"column":2},"end":{"line":42,"column":4}}},"fnMap":{"0":{"name":"CreateItemScreen","decl":{"start":{"line":7,"column":24},"end":{"line":7,"column":40}},"loc":{"start":{"line":7,"column":43},"end":{"line":43,"column":1}},"line":7},"1":{"name":"(anonymous_1)","decl":{"start":{"line":10,"column":33},"end":{"line":10,"column":34}},"loc":{"start":{"line":10,"column":44},"end":{"line":10,"column":60}},"line":10},"2":{"name":"(anonymous_2)","decl":{"start":{"line":13,"column":23},"end":{"line":13,"column":24}},"loc":{"start":{"line":13,"column":51},"end":{"line":25,"column":3}},"line":13},"3":{"name":"(anonymous_3)","decl":{"start":{"line":27,"column":23},"end":{"line":27,"column":24}},"loc":{"start":{"line":27,"column":29},"end":{"line":29,"column":3}},"line":27}},"branchMap":{"0":{"loc":{"start":{"line":14,"column":4},"end":{"line":14,"column":20}},"type":"if","locations":[{"start":{"line":14,"column":4},"end":{"line":14,"column":20}},{"start":{},"end":{}}],"line":14},"1":{"loc":{"start":{"line":31,"column":2},"end":{"line":33,"column":3}},"type":"if","locations":[{"start":{"line":31,"column":2},"end":{"line":33,"column":3}},{"start":{},"end":{}}],"line":31}},"s":{"0":0,"1":0,"2":0,"3":0,"4":0,"5":0,"6":0,"7":0,"8":0,"9":0,"10":0,"11":0,"12":0,"13":0,"14":0,"15":0,"16":0,"17":0,"18":0},"f":{"0":0,"1":0,"2":0,"3":0},"b":{"0":[0,0],"1":[0,0]}}
,"/Users/ts/projects/inventory-app/app/inventories/[id]/items/index.tsx": {"path":"/Users/ts/projects/inventory-app/app/inventories/[id]/items/index.tsx","statementMap":{"0":{"start":{"line":7,"column":17},"end":{"line":7,"column":28}},"1":{"start":{"line":8,"column":17},"end":{"line":8,"column":39}},"2":{"start":{"line":9,"column":22},"end":{"line":9,"column":52}},"3":{"start":{"line":11,"column":22},"end":{"line":11,"column":63}},"4":{"start":{"line":11,"column":45},"end":{"line":11,"column":62}},"5":{"start":{"line":12,"column":16},"end":{"line":12,"column":51}},"6":{"start":{"line":12,"column":39},"end":{"line":12,"column":50}},"7":{"start":{"line":13,"column":21},"end":{"line":13,"column":61}},"8":{"start":{"line":13,"column":44},"end":{"line":13,"column":60}},"9":{"start":{"line":15,"column":20},"end":{"line":15,"column":67}},"10":{"start":{"line":15,"column":44},"end":{"line":15,"column":66}},"11":{"start":{"line":16,"column":25},"end":{"line":16,"column":79}},"12":{"start":{"line":16,"column":46},"end":{"line":16,"column":78}},"13":{"start":{"line":18,"column":2},"end":{"line":27,"column":3}},"14":{"start":{"line":19,"column":4},"end":{"line":26,"column":6}},"15":{"start":{"line":22,"column":31},"end":{"line":22,"column":44}},"16":{"start":{"line":29,"column":24},"end":{"line":31,"column":3}},"17":{"start":{"line":30,"column":4},"end":{"line":30,"column":60}},"18":{"start":{"line":33,"column":2},"end":{"line":97,"column":4}},"19":{"start":{"line":59,"column":14},"end":{"line":91,"column":23}},"20":{"start":{"line":62,"column":31},"end":{"line":62,"column":90}}},"fnMap":{"0":{"name":"ItemsListScreen","decl":{"start":{"line":6,"column":24},"end":{"line":6,"column":39}},"loc":{"start":{"line":6,"column":42},"end":{"line":98,"column":1}},"line":6},"1":{"name":"(anonymous_1)","decl":{"start":{"line":11,"column":34},"end":{"line":11,"column":35}},"loc":{"start":{"line":11,"column":45},"end":{"line":11,"column":62}},"line":11},"2":{"name":"(anonymous_2)","decl":{"start":{"line":12,"column":28},"end":{"line":12,"column":29}},"loc":{"start":{"line":12,"column":39},"end":{"line":12,"column":50}},"line":12},"3":{"name":"(anonymous_3)","decl":{"start":{"line":13,"column":33},"end":{"line":13,"column":34}},"loc":{"start":{"line":13,"column":44},"end":{"line":13,"column":60}},"line":13},"4":{"name":"(anonymous_4)","decl":{"start":{"line":15,"column":37},"end":{"line":15,"column":38}},"loc":{"start":{"line":15,"column":44},"end":{"line":15,"column":66}},"line":15},"5":{"name":"(anonymous_5)","decl":{"start":{"line":16,"column":38},"end":{"line":16,"column":39}},"loc":{"start":{"line":16,"column":46},"end":{"line":16,"column":78}},"line":16},"6":{"name":"(anonymous_6)","decl":{"start":{"line":22,"column":25},"end":{"line":22,"column":26}},"loc":{"start":{"line":22,"column":31},"end":{"line":22,"column":44}},"line":22},"7":{"name":"(anonymous_7)","decl":{"start":{"line":29,"column":24},"end":{"line":29,"column":25}},"loc":{"start":{"line":29,"column":30},"end":{"line":31,"column":3}},"line":29},"8":{"name":"(anonymous_8)","decl":{"start":{"line":58,"column":31},"end":{"line":58,"column":32}},"loc":{"start":{"line":59,"column":14},"end":{"line":91,"column":23}},"line":59},"9":{"name":"(anonymous_9)","decl":{"start":{"line":62,"column":25},"end":{"line":62,"column":26}},"loc":{"start":{"line":62,"column":31},"end":{"line":62,"column":90}},"line":62}},"branchMap":{"0":{"loc":{"start":{"line":9,"column":22},"end":{"line":9,"column":52}},"type":"cond-expr","locations":[{"start":{"line":9,"column":42},"end":{"line":9,"column":47}},{"start":{"line":9,"column":50},"end":{"line":9,"column":52}}],"line":9},"1":{"loc":{"start":{"line":18,"column":2},"end":{"line":27,"column":3}},"type":"if","locations":[{"start":{"line":18,"column":2},"end":{"line":27,"column":3}},{"start":{},"end":{}}],"line":18},"2":{"loc":{"start":{"line":39,"column":41},"end":{"line":39,"column":79}},"type":"cond-expr","locations":[{"start":{"line":39,"column":71},"end":{"line":39,"column":74}},{"start":{"line":39,"column":77},"end":{"line":39,"column":79}}],"line":39},"3":{"loc":{"start":{"line":48,"column":11},"end":{"line":93,"column":11}},"type":"cond-expr","locations":[{"start":{"line":49,"column":12},"end":{"line":56,"column":18}},{"start":{"line":58,"column":12},"end":{"line":92,"column":14}}],"line":48},"4":{"loc":{"start":{"line":68,"column":23},"end":{"line":72,"column":23}},"type":"binary-expr","locations":[{"start":{"line":68,"column":23},"end":{"line":68,"column":39}},{"start":{"line":69,"column":24},"end":{"line":71,"column":37}}],"line":68},"5":{"loc":{"start":{"line":73,"column":23},"end":{"line":77,"column":23}},"type":"binary-expr","locations":[{"start":{"line":73,"column":23},"end":{"line":73,"column":35}},{"start":{"line":74,"column":24},"end":{"line":76,"column":37}}],"line":73},"6":{"loc":{"start":{"line":83,"column":23},"end":{"line":87,"column":23}},"type":"binary-expr","locations":[{"start":{"line":83,"column":23},"end":{"line":83,"column":33}},{"start":{"line":84,"column":24},"end":{"line":86,"column":37}}],"line":83}},"s":{"0":0,"1":0,"2":0,"3":0,"4":0,"5":0,"6":0,"7":0,"8":0,"9":0,"10":0,"11":0,"12":0,"13":0,"14":0,"15":0,"16":0,"17":0,"18":0,"19":0,"20":0},"f":{"0":0,"1":0,"2":0,"3":0,"4":0,"5":0,"6":0,"7":0,"8":0,"9":0},"b":{"0":[0,0],"1":[0,0],"2":[0,0],"3":[0,0],"4":[0,0],"5":[0,0],"6":[0,0]}}
,"/Users/ts/projects/inventory-app/app/inventories/[id]/items/[itemId]/index.tsx": {"path":"/Users/ts/projects/inventory-app/app/inventories/[id]/items/[itemId]/index.tsx","statementMap":{"0":{"start":{"line":7,"column":17},"end":{"line":7,"column":28}},"1":{"start":{"line":8,"column":25},"end":{"line":8,"column":47}},"2":{"start":{"line":9,"column":22},"end":{"line":9,"column":52}},"3":{"start":{"line":10,"column":20},"end":{"line":10,"column":62}},"4":{"start":{"line":12,"column":22},"end":{"line":12,"column":63}},"5":{"start":{"line":12,"column":45},"end":{"line":12,"column":62}},"6":{"start":{"line":13,"column":16},"end":{"line":13,"column":51}},"7":{"start":{"line":13,"column":39},"end":{"line":13,"column":50}},"8":{"start":{"line":14,"column":21},"end":{"line":14,"column":61}},"9":{"start":{"line":14,"column":44},"end":{"line":14,"column":60}},"10":{"start":{"line":15,"column":21},"end":{"line":15,"column":61}},"11":{"start":{"line":15,"column":44},"end":{"line":15,"column":60}},"12":{"start":{"line":17,"column":20},"end":{"line":17,"column":67}},"13":{"start":{"line":17,"column":44},"end":{"line":17,"column":66}},"14":{"start":{"line":18,"column":15},"end":{"line":18,"column":56}},"15":{"start":{"line":18,"column":34},"end":{"line":18,"column":55}},"16":{"start":{"line":20,"column":2},"end":{"line":29,"column":3}},"17":{"start":{"line":21,"column":4},"end":{"line":28,"column":6}},"18":{"start":{"line":24,"column":31},"end":{"line":24,"column":44}},"19":{"start":{"line":31,"column":23},"end":{"line":34,"column":3}},"20":{"start":{"line":32,"column":4},"end":{"line":32,"column":24}},"21":{"start":{"line":33,"column":4},"end":{"line":33,"column":18}},"22":{"start":{"line":36,"column":21},"end":{"line":38,"column":3}},"23":{"start":{"line":37,"column":4},"end":{"line":37,"column":37}},"24":{"start":{"line":40,"column":2},"end":{"line":130,"column":4}}},"fnMap":{"0":{"name":"ItemDetailScreen","decl":{"start":{"line":6,"column":24},"end":{"line":6,"column":40}},"loc":{"start":{"line":6,"column":43},"end":{"line":131,"column":1}},"line":6},"1":{"name":"(anonymous_1)","decl":{"start":{"line":12,"column":34},"end":{"line":12,"column":35}},"loc":{"start":{"line":12,"column":45},"end":{"line":12,"column":62}},"line":12},"2":{"name":"(anonymous_2)","decl":{"start":{"line":13,"column":28},"end":{"line":13,"column":29}},"loc":{"start":{"line":13,"column":39},"end":{"line":13,"column":50}},"line":13},"3":{"name":"(anonymous_3)","decl":{"start":{"line":14,"column":33},"end":{"line":14,"column":34}},"loc":{"start":{"line":14,"column":44},"end":{"line":14,"column":60}},"line":14},"4":{"name":"(anonymous_4)","decl":{"start":{"line":15,"column":33},"end":{"line":15,"column":34}},"loc":{"start":{"line":15,"column":44},"end":{"line":15,"column":60}},"line":15},"5":{"name":"(anonymous_5)","decl":{"start":{"line":17,"column":37},"end":{"line":17,"column":38}},"loc":{"start":{"line":17,"column":44},"end":{"line":17,"column":66}},"line":17},"6":{"name":"(anonymous_6)","decl":{"start":{"line":18,"column":26},"end":{"line":18,"column":27}},"loc":{"start":{"line":18,"column":34},"end":{"line":18,"column":55}},"line":18},"7":{"name":"(anonymous_7)","decl":{"start":{"line":24,"column":25},"end":{"line":24,"column":26}},"loc":{"start":{"line":24,"column":31},"end":{"line":24,"column":44}},"line":24},"8":{"name":"(anonymous_8)","decl":{"start":{"line":31,"column":23},"end":{"line":31,"column":24}},"loc":{"start":{"line":31,"column":29},"end":{"line":34,"column":3}},"line":31},"9":{"name":"(anonymous_9)","decl":{"start":{"line":36,"column":21},"end":{"line":36,"column":22}},"loc":{"start":{"line":36,"column":37},"end":{"line":38,"column":3}},"line":36}},"branchMap":{"0":{"loc":{"start":{"line":9,"column":22},"end":{"line":9,"column":52}},"type":"cond-expr","locations":[{"start":{"line":9,"column":42},"end":{"line":9,"column":47}},{"start":{"line":9,"column":50},"end":{"line":9,"column":52}}],"line":9},"1":{"loc":{"start":{"line":10,"column":20},"end":{"line":10,"column":62}},"type":"cond-expr","locations":[{"start":{"line":10,"column":44},"end":{"line":10,"column":53}},{"start":{"line":10,"column":56},"end":{"line":10,"column":62}}],"line":10},"2":{"loc":{"start":{"line":20,"column":2},"end":{"line":29,"column":3}},"type":"if","locations":[{"start":{"line":20,"column":2},"end":{"line":29,"column":3}},{"start":{},"end":{}}],"line":20},"3":{"loc":{"start":{"line":20,"column":6},"end":{"line":20,"column":25}},"type":"binary-expr","locations":[{"start":{"line":20,"column":6},"end":{"line":20,"column":16}},{"start":{"line":20,"column":20},"end":{"line":20,"column":25}}],"line":20},"4":{"loc":{"start":{"line":23,"column":18},"end":{"line":23,"column":51}},"type":"cond-expr","locations":[{"start":{"line":23,"column":31},"end":{"line":23,"column":42}},{"start":{"line":23,"column":45},"end":{"line":23,"column":51}}],"line":23},"5":{"loc":{"start":{"line":61,"column":15},"end":{"line":66,"column":15}},"type":"binary-expr","locations":[{"start":{"line":61,"column":15},"end":{"line":61,"column":31}},{"start":{"line":62,"column":16},"end":{"line":65,"column":25}}],"line":61},"6":{"loc":{"start":{"line":68,"column":15},"end":{"line":73,"column":15}},"type":"binary-expr","locations":[{"start":{"line":68,"column":15},"end":{"line":68,"column":27}},{"start":{"line":69,"column":16},"end":{"line":72,"column":25}}],"line":68},"7":{"loc":{"start":{"line":75,"column":15},"end":{"line":80,"column":15}},"type":"binary-expr","locations":[{"start":{"line":75,"column":15},"end":{"line":75,"column":25}},{"start":{"line":76,"column":16},"end":{"line":79,"column":25}}],"line":75},"8":{"loc":{"start":{"line":82,"column":15},"end":{"line":87,"column":15}},"type":"binary-expr","locations":[{"start":{"line":82,"column":15},"end":{"line":82,"column":28}},{"start":{"line":83,"column":16},"end":{"line":86,"column":25}}],"line":82},"9":{"loc":{"start":{"line":89,"column":15},"end":{"line":94,"column":15}},"type":"binary-expr","locations":[{"start":{"line":89,"column":15},"end":{"line":89,"column":28}},{"start":{"line":90,"column":16},"end":{"line":93,"column":25}}],"line":89},"10":{"loc":{"start":{"line":96,"column":15},"end":{"line":101,"column":15}},"type":"binary-expr","locations":[{"start":{"line":96,"column":15},"end":{"line":96,"column":34}},{"start":{"line":97,"column":16},"end":{"line":100,"column":25}}],"line":96}},"s":{"0":0,"1":0,"2":0,"3":0,"4":0,"5":0,"6":0,"7":0,"8":0,"9":0,"10":0,"11":0,"12":0,"13":0,"14":0,"15":0,"16":0,"17":0,"18":0,"19":0,"20":0,"21":0,"22":0,"23":0,"24":0},"f":{"0":0,"1":0,"2":0,"3":0,"4":0,"5":0,"6":0,"7":0,"8":0,"9":0},"b":{"0":[0,0],"1":[0,0],"2":[0,0],"3":[0,0],"4":[0,0],"5":[0,0],"6":[0,0],"7":[0,0],"8":[0,0],"9":[0,0],"10":[0,0]}}
,"/Users/ts/projects/inventory-app/components/Collapsible.tsx": {"path":"/Users/ts/projects/inventory-app/components/Collapsible.tsx","statementMap":{"0":{"start":{"line":11,"column":30},"end":{"line":11,"column":45}},"1":{"start":{"line":12,"column":16},"end":{"line":12,"column":43}},"2":{"start":{"line":14,"column":2},"end":{"line":32,"column":4}},"3":{"start":{"line":18,"column":23},"end":{"line":18,"column":51}},"4":{"start":{"line":18,"column":44},"end":{"line":18,"column":50}},"5":{"start":{"line":35,"column":15},"end":{"line":45,"column":2}}},"fnMap":{"0":{"name":"Collapsible","decl":{"start":{"line":10,"column":16},"end":{"line":10,"column":27}},"loc":{"start":{"line":10,"column":88},"end":{"line":33,"column":1}},"line":10},"1":{"name":"(anonymous_1)","decl":{"start":{"line":18,"column":17},"end":{"line":18,"column":18}},"loc":{"start":{"line":18,"column":23},"end":{"line":18,"column":51}},"line":18},"2":{"name":"(anonymous_2)","decl":{"start":{"line":18,"column":33},"end":{"line":18,"column":34}},"loc":{"start":{"line":18,"column":44},"end":{"line":18,"column":50}},"line":18}},"branchMap":{"0":{"loc":{"start":{"line":12,"column":16},"end":{"line":12,"column":43}},"type":"binary-expr","locations":[{"start":{"line":12,"column":16},"end":{"line":12,"column":32}},{"start":{"line":12,"column":36},"end":{"line":12,"column":43}}],"line":12},"1":{"loc":{"start":{"line":24,"column":17},"end":{"line":24,"column":73}},"type":"cond-expr","locations":[{"start":{"line":24,"column":37},"end":{"line":24,"column":54}},{"start":{"line":24,"column":57},"end":{"line":24,"column":73}}],"line":24},"2":{"loc":{"start":{"line":25,"column":41},"end":{"line":25,"column":66}},"type":"cond-expr","locations":[{"start":{"line":25,"column":50},"end":{"line":25,"column":57}},{"start":{"line":25,"column":60},"end":{"line":25,"column":66}}],"line":25},"3":{"loc":{"start":{"line":30,"column":7},"end":{"line":30,"column":75}},"type":"binary-expr","locations":[{"start":{"line":30,"column":7},"end":{"line":30,"column":13}},{"start":{"line":30,"column":17},"end":{"line":30,"column":75}}],"line":30}},"s":{"0":0,"1":0,"2":0,"3":0,"4":0,"5":0},"f":{"0":0,"1":0,"2":0},"b":{"0":[0,0],"1":[0,0],"2":[0,0],"3":[0,0]}}
,"/Users/ts/projects/inventory-app/components/ExternalLink.tsx": {"path":"/Users/ts/projects/inventory-app/components/ExternalLink.tsx","statementMap":{"0":{"start":{"line":9,"column":2},"end":{"line":23,"column":4}},"1":{"start":{"line":15,"column":8},"end":{"line":20,"column":9}},"2":{"start":{"line":17,"column":10},"end":{"line":17,"column":33}},"3":{"start":{"line":19,"column":10},"end":{"line":19,"column":39}}},"fnMap":{"0":{"name":"ExternalLink","decl":{"start":{"line":8,"column":16},"end":{"line":8,"column":28}},"loc":{"start":{"line":8,"column":55},"end":{"line":24,"column":1}},"line":8},"1":{"name":"(anonymous_1)","decl":{"start":{"line":14,"column":15},"end":{"line":14,"column":16}},"loc":{"start":{"line":14,"column":32},"end":{"line":21,"column":7}},"line":14}},"branchMap":{"0":{"loc":{"start":{"line":15,"column":8},"end":{"line":20,"column":9}},"type":"if","locations":[{"start":{"line":15,"column":8},"end":{"line":20,"column":9}},{"start":{},"end":{}}],"line":15}},"s":{"0":0,"1":0,"2":0,"3":0},"f":{"0":0,"1":0},"b":{"0":[0,0]}}
,"/Users/ts/projects/inventory-app/components/HapticTab.tsx": {"path":"/Users/ts/projects/inventory-app/components/HapticTab.tsx","statementMap":{"0":{"start":{"line":6,"column":2},"end":{"line":17,"column":4}},"1":{"start":{"line":10,"column":8},"end":{"line":13,"column":9}},"2":{"start":{"line":12,"column":10},"end":{"line":12,"column":65}},"3":{"start":{"line":14,"column":8},"end":{"line":14,"column":30}}},"fnMap":{"0":{"name":"HapticTab","decl":{"start":{"line":5,"column":16},"end":{"line":5,"column":25}},"loc":{"start":{"line":5,"column":58},"end":{"line":18,"column":1}},"line":5},"1":{"name":"(anonymous_1)","decl":{"start":{"line":9,"column":17},"end":{"line":9,"column":18}},"loc":{"start":{"line":9,"column":25},"end":{"line":15,"column":7}},"line":9}},"branchMap":{"0":{"loc":{"start":{"line":10,"column":8},"end":{"line":13,"column":9}},"type":"if","locations":[{"start":{"line":10,"column":8},"end":{"line":13,"column":9}},{"start":{},"end":{}}],"line":10}},"s":{"0":0,"1":0,"2":0,"3":0},"f":{"0":0,"1":0},"b":{"0":[0,0]}}
,"/Users/ts/projects/inventory-app/components/HelloWave.tsx": {"path":"/Users/ts/projects/inventory-app/components/HelloWave.tsx","statementMap":{"0":{"start":{"line":14,"column":28},"end":{"line":14,"column":45}},"1":{"start":{"line":16,"column":2},"end":{"line":21,"column":26}},"2":{"start":{"line":17,"column":4},"end":{"line":20,"column":6}},"3":{"start":{"line":23,"column":24},"end":{"line":25,"column":5}},"4":{"start":{"line":23,"column":48},"end":{"line":25,"column":3}},"5":{"start":{"line":27,"column":2},"end":{"line":31,"column":4}},"6":{"start":{"line":34,"column":15},"end":{"line":40,"column":2}}},"fnMap":{"0":{"name":"HelloWave","decl":{"start":{"line":13,"column":16},"end":{"line":13,"column":25}},"loc":{"start":{"line":13,"column":28},"end":{"line":32,"column":1}},"line":13},"1":{"name":"(anonymous_1)","decl":{"start":{"line":16,"column":12},"end":{"line":16,"column":13}},"loc":{"start":{"line":16,"column":18},"end":{"line":21,"column":3}},"line":16},"2":{"name":"(anonymous_2)","decl":{"start":{"line":23,"column":41},"end":{"line":23,"column":42}},"loc":{"start":{"line":23,"column":48},"end":{"line":25,"column":3}},"line":23}},"branchMap":{},"s":{"0":0,"1":0,"2":0,"3":0,"4":0,"5":0,"6":0},"f":{"0":0,"1":0,"2":0},"b":{}}
,"/Users/ts/projects/inventory-app/components/ParallaxScrollView.tsx": {"path":"/Users/ts/projects/inventory-app/components/ParallaxScrollView.tsx","statementMap":{"0":{"start":{"line":14,"column":22},"end":{"line":14,"column":25}},"1":{"start":{"line":26,"column":22},"end":{"line":26,"column":49}},"2":{"start":{"line":27,"column":20},"end":{"line":27,"column":57}},"3":{"start":{"line":28,"column":23},"end":{"line":28,"column":53}},"4":{"start":{"line":29,"column":17},"end":{"line":29,"column":39}},"5":{"start":{"line":30,"column":30},"end":{"line":45,"column":4}},"6":{"start":{"line":31,"column":4},"end":{"line":44,"column":6}},"7":{"start":{"line":47,"column":2},"end":{"line":65,"column":4}},"8":{"start":{"line":68,"column":15},"end":{"line":82,"column":2}}},"fnMap":{"0":{"name":"ParallaxScrollView","decl":{"start":{"line":21,"column":24},"end":{"line":21,"column":42}},"loc":{"start":{"line":25,"column":10},"end":{"line":66,"column":1}},"line":25},"1":{"name":"(anonymous_1)","decl":{"start":{"line":30,"column":47},"end":{"line":30,"column":48}},"loc":{"start":{"line":30,"column":53},"end":{"line":45,"column":3}},"line":30}},"branchMap":{"0":{"loc":{"start":{"line":26,"column":22},"end":{"line":26,"column":49}},"type":"binary-expr","locations":[{"start":{"line":26,"column":22},"end":{"line":26,"column":38}},{"start":{"line":26,"column":42},"end":{"line":26,"column":49}}],"line":26}},"s":{"0":0,"1":0,"2":0,"3":0,"4":0,"5":0,"6":0,"7":0,"8":0},"f":{"0":0,"1":0},"b":{"0":[0,0]}}
,"/Users/ts/projects/inventory-app/components/TestDependencies.tsx": {"path":"/Users/ts/projects/inventory-app/components/TestDependencies.tsx","statementMap":{"0":{"start":{"line":7,"column":2},"end":{"line":38,"column":4}},"1":{"start":{"line":32,"column":25},"end":{"line":32,"column":66}}},"fnMap":{"0":{"name":"TestDependencies","decl":{"start":{"line":6,"column":24},"end":{"line":6,"column":40}},"loc":{"start":{"line":6,"column":43},"end":{"line":39,"column":1}},"line":6},"1":{"name":"(anonymous_1)","decl":{"start":{"line":32,"column":19},"end":{"line":32,"column":20}},"loc":{"start":{"line":32,"column":25},"end":{"line":32,"column":66}},"line":32}},"branchMap":{},"s":{"0":0,"1":0},"f":{"0":0,"1":0},"b":{}}
,"/Users/ts/projects/inventory-app/components/ThemedText.tsx": {"path":"/Users/ts/projects/inventory-app/components/ThemedText.tsx","statementMap":{"0":{"start":{"line":18,"column":16},"end":{"line":18,"column":77}},"1":{"start":{"line":20,"column":2},"end":{"line":33,"column":4}},"2":{"start":{"line":36,"column":15},"end":{"line":60,"column":2}}},"fnMap":{"0":{"name":"ThemedText","decl":{"start":{"line":11,"column":16},"end":{"line":11,"column":26}},"loc":{"start":{"line":17,"column":20},"end":{"line":34,"column":1}},"line":17}},"branchMap":{"0":{"loc":{"start":{"line":15,"column":2},"end":{"line":15,"column":18}},"type":"default-arg","locations":[{"start":{"line":15,"column":9},"end":{"line":15,"column":18}}],"line":15},"1":{"loc":{"start":{"line":24,"column":8},"end":{"line":24,"column":55}},"type":"cond-expr","locations":[{"start":{"line":24,"column":29},"end":{"line":24,"column":43}},{"start":{"line":24,"column":46},"end":{"line":24,"column":55}}],"line":24},"2":{"loc":{"start":{"line":25,"column":8},"end":{"line":25,"column":51}},"type":"cond-expr","locations":[{"start":{"line":25,"column":27},"end":{"line":25,"column":39}},{"start":{"line":25,"column":42},"end":{"line":25,"column":51}}],"line":25},"3":{"loc":{"start":{"line":26,"column":8},"end":{"line":26,"column":71}},"type":"cond-expr","locations":[{"start":{"line":26,"column":37},"end":{"line":26,"column":59}},{"start":{"line":26,"column":62},"end":{"line":26,"column":71}}],"line":26},"4":{"loc":{"start":{"line":27,"column":8},"end":{"line":27,"column":57}},"type":"cond-expr","locations":[{"start":{"line":27,"column":30},"end":{"line":27,"column":45}},{"start":{"line":27,"column":48},"end":{"line":27,"column":57}}],"line":27},"5":{"loc":{"start":{"line":28,"column":8},"end":{"line":28,"column":49}},"type":"cond-expr","locations":[{"start":{"line":28,"column":26},"end":{"line":28,"column":37}},{"start":{"line":28,"column":40},"end":{"line":28,"column":49}}],"line":28}},"s":{"0":0,"1":0,"2":0},"f":{"0":0},"b":{"0":[0],"1":[0,0],"2":[0,0],"3":[0,0],"4":[0,0],"5":[0,0]}}
,"/Users/ts/projects/inventory-app/components/ThemedView.tsx": {"path":"/Users/ts/projects/inventory-app/components/ThemedView.tsx","statementMap":{"0":{"start":{"line":11,"column":26},"end":{"line":11,"column":93}},"1":{"start":{"line":13,"column":2},"end":{"line":13,"column":71}}},"fnMap":{"0":{"name":"ThemedView","decl":{"start":{"line":10,"column":16},"end":{"line":10,"column":26}},"loc":{"start":{"line":10,"column":93},"end":{"line":14,"column":1}},"line":10}},"branchMap":{},"s":{"0":0,"1":0},"f":{"0":0},"b":{}}
,"/Users/ts/projects/inventory-app/components/forms/BasicItemForm.tsx": {"path":"/Users/ts/projects/inventory-app/components/forms/BasicItemForm.tsx","statementMap":{"0":{"start":{"line":35,"column":34},"end":{"line":40,"column":4}},"1":{"start":{"line":42,"column":30},"end":{"line":42,"column":66}},"2":{"start":{"line":44,"column":23},"end":{"line":60,"column":3}},"3":{"start":{"line":45,"column":4},"end":{"line":59,"column":5}},"4":{"start":{"line":46,"column":28},"end":{"line":46,"column":60}},"5":{"start":{"line":47,"column":6},"end":{"line":47,"column":20}},"6":{"start":{"line":48,"column":6},"end":{"line":48,"column":30}},"7":{"start":{"line":50,"column":6},"end":{"line":58,"column":7}},"8":{"start":{"line":51,"column":50},"end":{"line":51,"column":52}},"9":{"start":{"line":52,"column":8},"end":{"line":56,"column":11}},"10":{"start":{"line":53,"column":10},"end":{"line":55,"column":11}},"11":{"start":{"line":54,"column":12},"end":{"line":54,"column":64}},"12":{"start":{"line":57,"column":8},"end":{"line":57,"column":29}},"13":{"start":{"line":62,"column":28},"end":{"line":67,"column":3}},"14":{"start":{"line":63,"column":4},"end":{"line":63,"column":55}},"15":{"start":{"line":63,"column":25},"end":{"line":63,"column":52}},"16":{"start":{"line":64,"column":4},"end":{"line":66,"column":5}},"17":{"start":{"line":65,"column":6},"end":{"line":65,"column":52}},"18":{"start":{"line":65,"column":25},"end":{"line":65,"column":49}},"19":{"start":{"line":69,"column":2},"end":{"line":151,"column":4}},"20":{"start":{"line":80,"column":38},"end":{"line":80,"column":69}},"21":{"start":{"line":99,"column":38},"end":{"line":99,"column":88}},"22":{"start":{"line":119,"column":38},"end":{"line":119,"column":76}}},"fnMap":{"0":{"name":"BasicItemForm","decl":{"start":{"line":28,"column":24},"end":{"line":28,"column":37}},"loc":{"start":{"line":34,"column":23},"end":{"line":152,"column":1}},"line":34},"1":{"name":"(anonymous_1)","decl":{"start":{"line":44,"column":23},"end":{"line":44,"column":24}},"loc":{"start":{"line":44,"column":29},"end":{"line":60,"column":3}},"line":44},"2":{"name":"(anonymous_2)","decl":{"start":{"line":52,"column":29},"end":{"line":52,"column":30}},"loc":{"start":{"line":52,"column":40},"end":{"line":56,"column":9}},"line":52},"3":{"name":"(anonymous_3)","decl":{"start":{"line":62,"column":28},"end":{"line":62,"column":29}},"loc":{"start":{"line":62,"column":81},"end":{"line":67,"column":3}},"line":62},"4":{"name":"(anonymous_4)","decl":{"start":{"line":63,"column":16},"end":{"line":63,"column":17}},"loc":{"start":{"line":63,"column":25},"end":{"line":63,"column":52}},"line":63},"5":{"name":"(anonymous_5)","decl":{"start":{"line":65,"column":16},"end":{"line":65,"column":17}},"loc":{"start":{"line":65,"column":25},"end":{"line":65,"column":49}},"line":65},"6":{"name":"(anonymous_6)","decl":{"start":{"line":80,"column":28},"end":{"line":80,"column":29}},"loc":{"start":{"line":80,"column":38},"end":{"line":80,"column":69}},"line":80},"7":{"name":"(anonymous_7)","decl":{"start":{"line":99,"column":28},"end":{"line":99,"column":29}},"loc":{"start":{"line":99,"column":38},"end":{"line":99,"column":88}},"line":99},"8":{"name":"(anonymous_8)","decl":{"start":{"line":119,"column":28},"end":{"line":119,"column":29}},"loc":{"start":{"line":119,"column":38},"end":{"line":119,"column":76}},"line":119}},"branchMap":{"0":{"loc":{"start":{"line":33,"column":2},"end":{"line":33,"column":19}},"type":"default-arg","locations":[{"start":{"line":33,"column":14},"end":{"line":33,"column":19}}],"line":33},"1":{"loc":{"start":{"line":37,"column":10},"end":{"line":37,"column":33}},"type":"binary-expr","locations":[{"start":{"line":37,"column":10},"end":{"line":37,"column":27}},{"start":{"line":37,"column":31},"end":{"line":37,"column":33}}],"line":37},"2":{"loc":{"start":{"line":38,"column":14},"end":{"line":38,"column":40}},"type":"binary-expr","locations":[{"start":{"line":38,"column":14},"end":{"line":38,"column":35}},{"start":{"line":38,"column":39},"end":{"line":38,"column":40}}],"line":38},"3":{"loc":{"start":{"line":39,"column":17},"end":{"line":39,"column":47}},"type":"binary-expr","locations":[{"start":{"line":39,"column":17},"end":{"line":39,"column":41}},{"start":{"line":39,"column":45},"end":{"line":39,"column":47}}],"line":39},"4":{"loc":{"start":{"line":50,"column":6},"end":{"line":58,"column":7}},"type":"if","locations":[{"start":{"line":50,"column":6},"end":{"line":58,"column":7}},{"start":{},"end":{}}],"line":50},"5":{"loc":{"start":{"line":53,"column":10},"end":{"line":55,"column":11}},"type":"if","locations":[{"start":{"line":53,"column":10},"end":{"line":55,"column":11}},{"start":{},"end":{}}],"line":53},"6":{"loc":{"start":{"line":64,"column":4},"end":{"line":66,"column":5}},"type":"if","locations":[{"start":{"line":64,"column":4},"end":{"line":66,"column":5}},{"start":{},"end":{}}],"line":64},"7":{"loc":{"start":{"line":79,"column":21},"end":{"line":79,"column":40}},"type":"binary-expr","locations":[{"start":{"line":79,"column":21},"end":{"line":79,"column":34}},{"start":{"line":79,"column":38},"end":{"line":79,"column":40}}],"line":79},"8":{"loc":{"start":{"line":83,"column":11},"end":{"line":88,"column":11}},"type":"binary-expr","locations":[{"start":{"line":83,"column":11},"end":{"line":83,"column":22}},{"start":{"line":84,"column":12},"end":{"line":87,"column":31}}],"line":83},"9":{"loc":{"start":{"line":98,"column":21},"end":{"line":98,"column":57}},"type":"binary-expr","locations":[{"start":{"line":98,"column":21},"end":{"line":98,"column":50}},{"start":{"line":98,"column":54},"end":{"line":98,"column":57}}],"line":98},"10":{"loc":{"start":{"line":99,"column":68},"end":{"line":99,"column":87}},"type":"binary-expr","locations":[{"start":{"line":99,"column":68},"end":{"line":99,"column":82}},{"start":{"line":99,"column":86},"end":{"line":99,"column":87}}],"line":99},"11":{"loc":{"start":{"line":103,"column":11},"end":{"line":108,"column":11}},"type":"binary-expr","locations":[{"start":{"line":103,"column":11},"end":{"line":103,"column":26}},{"start":{"line":104,"column":12},"end":{"line":107,"column":31}}],"line":103},"12":{"loc":{"start":{"line":118,"column":21},"end":{"line":118,"column":47}},"type":"binary-expr","locations":[{"start":{"line":118,"column":21},"end":{"line":118,"column":41}},{"start":{"line":118,"column":45},"end":{"line":118,"column":47}}],"line":118},"13":{"loc":{"start":{"line":122,"column":11},"end":{"line":127,"column":11}},"type":"binary-expr","locations":[{"start":{"line":122,"column":11},"end":{"line":122,"column":29}},{"start":{"line":123,"column":12},"end":{"line":126,"column":31}}],"line":122},"14":{"loc":{"start":{"line":134,"column":21},"end":{"line":134,"column":40}},"type":"cond-expr","locations":[{"start":{"line":134,"column":33},"end":{"line":134,"column":36}},{"start":{"line":134,"column":39},"end":{"line":134,"column":40}}],"line":134},"15":{"loc":{"start":{"line":137,"column":15},"end":{"line":137,"column":56}},"type":"cond-expr","locations":[{"start":{"line":137,"column":27},"end":{"line":137,"column":40}},{"start":{"line":137,"column":43},"end":{"line":137,"column":56}}],"line":137}},"s":{"0":0,"1":0,"2":0,"3":0,"4":0,"5":0,"6":0,"7":0,"8":0,"9":0,"10":0,"11":0,"12":0,"13":0,"14":0,"15":0,"16":0,"17":0,"18":0,"19":0,"20":0,"21":0,"22":0},"f":{"0":0,"1":0,"2":0,"3":0,"4":0,"5":0,"6":0,"7":0,"8":0},"b":{"0":[0],"1":[0,0],"2":[0,0],"3":[0,0],"4":[0,0],"5":[0,0],"6":[0,0],"7":[0,0],"8":[0,0],"9":[0,0],"10":[0,0],"11":[0,0],"12":[0,0],"13":[0,0],"14":[0,0],"15":[0,0]}}
,"/Users/ts/projects/inventory-app/components/forms/InventoryForm.tsx": {"path":"/Users/ts/projects/inventory-app/components/forms/InventoryForm.tsx","statementMap":{"0":{"start":{"line":37,"column":34},"end":{"line":40,"column":4}},"1":{"start":{"line":42,"column":30},"end":{"line":42,"column":66}},"2":{"start":{"line":44,"column":23},"end":{"line":62,"column":3}},"3":{"start":{"line":45,"column":4},"end":{"line":61,"column":5}},"4":{"start":{"line":47,"column":28},"end":{"line":47,"column":65}},"5":{"start":{"line":49,"column":6},"end":{"line":49,"column":20}},"6":{"start":{"line":50,"column":6},"end":{"line":50,"column":30}},"7":{"start":{"line":52,"column":6},"end":{"line":60,"column":7}},"8":{"start":{"line":53,"column":50},"end":{"line":53,"column":52}},"9":{"start":{"line":54,"column":8},"end":{"line":58,"column":11}},"10":{"start":{"line":55,"column":10},"end":{"line":57,"column":11}},"11":{"start":{"line":56,"column":12},"end":{"line":56,"column":64}},"12":{"start":{"line":59,"column":8},"end":{"line":59,"column":29}},"13":{"start":{"line":64,"column":28},"end":{"line":70,"column":3}},"14":{"start":{"line":65,"column":4},"end":{"line":65,"column":55}},"15":{"start":{"line":65,"column":25},"end":{"line":65,"column":52}},"16":{"start":{"line":67,"column":4},"end":{"line":69,"column":5}},"17":{"start":{"line":68,"column":6},"end":{"line":68,"column":52}},"18":{"start":{"line":68,"column":25},"end":{"line":68,"column":49}},"19":{"start":{"line":72,"column":2},"end":{"line":141,"column":4}},"20":{"start":{"line":83,"column":38},"end":{"line":83,"column":69}},"21":{"start":{"line":102,"column":38},"end":{"line":102,"column":76}}},"fnMap":{"0":{"name":"InventoryForm","decl":{"start":{"line":30,"column":24},"end":{"line":30,"column":37}},"loc":{"start":{"line":36,"column":23},"end":{"line":142,"column":1}},"line":36},"1":{"name":"(anonymous_1)","decl":{"start":{"line":44,"column":23},"end":{"line":44,"column":24}},"loc":{"start":{"line":44,"column":29},"end":{"line":62,"column":3}},"line":44},"2":{"name":"(anonymous_2)","decl":{"start":{"line":54,"column":29},"end":{"line":54,"column":30}},"loc":{"start":{"line":54,"column":40},"end":{"line":58,"column":9}},"line":54},"3":{"name":"(anonymous_3)","decl":{"start":{"line":64,"column":28},"end":{"line":64,"column":29}},"loc":{"start":{"line":64,"column":77},"end":{"line":70,"column":3}},"line":64},"4":{"name":"(anonymous_4)","decl":{"start":{"line":65,"column":16},"end":{"line":65,"column":17}},"loc":{"start":{"line":65,"column":25},"end":{"line":65,"column":52}},"line":65},"5":{"name":"(anonymous_5)","decl":{"start":{"line":68,"column":16},"end":{"line":68,"column":17}},"loc":{"start":{"line":68,"column":25},"end":{"line":68,"column":49}},"line":68},"6":{"name":"(anonymous_6)","decl":{"start":{"line":83,"column":28},"end":{"line":83,"column":29}},"loc":{"start":{"line":83,"column":38},"end":{"line":83,"column":69}},"line":83},"7":{"name":"(anonymous_7)","decl":{"start":{"line":102,"column":28},"end":{"line":102,"column":29}},"loc":{"start":{"line":102,"column":38},"end":{"line":102,"column":76}},"line":102}},"branchMap":{"0":{"loc":{"start":{"line":34,"column":2},"end":{"line":34,"column":19}},"type":"default-arg","locations":[{"start":{"line":34,"column":14},"end":{"line":34,"column":19}}],"line":34},"1":{"loc":{"start":{"line":35,"column":2},"end":{"line":35,"column":17}},"type":"default-arg","locations":[{"start":{"line":35,"column":9},"end":{"line":35,"column":17}}],"line":35},"2":{"loc":{"start":{"line":38,"column":10},"end":{"line":38,"column":33}},"type":"binary-expr","locations":[{"start":{"line":38,"column":10},"end":{"line":38,"column":27}},{"start":{"line":38,"column":31},"end":{"line":38,"column":33}}],"line":38},"3":{"loc":{"start":{"line":39,"column":17},"end":{"line":39,"column":47}},"type":"binary-expr","locations":[{"start":{"line":39,"column":17},"end":{"line":39,"column":41}},{"start":{"line":39,"column":45},"end":{"line":39,"column":47}}],"line":39},"4":{"loc":{"start":{"line":52,"column":6},"end":{"line":60,"column":7}},"type":"if","locations":[{"start":{"line":52,"column":6},"end":{"line":60,"column":7}},{"start":{},"end":{}}],"line":52},"5":{"loc":{"start":{"line":55,"column":10},"end":{"line":57,"column":11}},"type":"if","locations":[{"start":{"line":55,"column":10},"end":{"line":57,"column":11}},{"start":{},"end":{}}],"line":55},"6":{"loc":{"start":{"line":67,"column":4},"end":{"line":69,"column":5}},"type":"if","locations":[{"start":{"line":67,"column":4},"end":{"line":69,"column":5}},{"start":{},"end":{}}],"line":67},"7":{"loc":{"start":{"line":82,"column":21},"end":{"line":82,"column":40}},"type":"binary-expr","locations":[{"start":{"line":82,"column":21},"end":{"line":82,"column":34}},{"start":{"line":82,"column":38},"end":{"line":82,"column":40}}],"line":82},"8":{"loc":{"start":{"line":86,"column":11},"end":{"line":91,"column":11}},"type":"binary-expr","locations":[{"start":{"line":86,"column":11},"end":{"line":86,"column":22}},{"start":{"line":87,"column":12},"end":{"line":90,"column":31}}],"line":86},"9":{"loc":{"start":{"line":101,"column":21},"end":{"line":101,"column":47}},"type":"binary-expr","locations":[{"start":{"line":101,"column":21},"end":{"line":101,"column":41}},{"start":{"line":101,"column":45},"end":{"line":101,"column":47}}],"line":101},"10":{"loc":{"start":{"line":107,"column":11},"end":{"line":112,"column":11}},"type":"binary-expr","locations":[{"start":{"line":107,"column":11},"end":{"line":107,"column":29}},{"start":{"line":108,"column":12},"end":{"line":111,"column":31}}],"line":107},"11":{"loc":{"start":{"line":119,"column":21},"end":{"line":119,"column":40}},"type":"cond-expr","locations":[{"start":{"line":119,"column":33},"end":{"line":119,"column":36}},{"start":{"line":119,"column":39},"end":{"line":119,"column":40}}],"line":119},"12":{"loc":{"start":{"line":122,"column":15},"end":{"line":126,"column":38}},"type":"cond-expr","locations":[{"start":{"line":123,"column":18},"end":{"line":123,"column":29}},{"start":{"line":124,"column":18},"end":{"line":126,"column":38}}],"line":122},"13":{"loc":{"start":{"line":124,"column":18},"end":{"line":126,"column":38}},"type":"cond-expr","locations":[{"start":{"line":125,"column":20},"end":{"line":125,"column":38}},{"start":{"line":126,"column":20},"end":{"line":126,"column":38}}],"line":124}},"s":{"0":18,"1":18,"2":18,"3":3,"4":3,"5":2,"6":2,"7":1,"8":1,"9":1,"10":1,"11":1,"12":1,"13":18,"14":5,"15":5,"16":5,"17":0,"18":0,"19":18,"20":3,"21":2},"f":{"0":18,"1":3,"2":1,"3":5,"4":5,"5":0,"6":3,"7":2},"b":{"0":[16],"1":[17],"2":[18,17],"3":[18,17],"4":[1,0],"5":[1,0],"6":[0,5],"7":[18,10],"8":[18,1],"9":[18,14],"10":[18,0],"11":[2,16],"12":[2,16],"13":[15,1]},"_coverageSchema":"1a1c01bbd47fc00a2c39e90264f33305004495a9","hash":"2410c7001cac146f63a2d7bc2a87bfd4aaad4703"}
,"/Users/ts/projects/inventory-app/components/forms/ItemForm.tsx": {"path":"/Users/ts/projects/inventory-app/components/forms/ItemForm.tsx","statementMap":{"0":{"start":{"line":42,"column":34},"end":{"line":52,"column":4}},"1":{"start":{"line":54,"column":30},"end":{"line":54,"column":66}},"2":{"start":{"line":55,"column":40},"end":{"line":55,"column":55}},"3":{"start":{"line":56,"column":44},"end":{"line":56,"column":74}},"4":{"start":{"line":58,"column":2},"end":{"line":63,"column":9}},"5":{"start":{"line":59,"column":4},"end":{"line":62,"column":9}},"6":{"start":{"line":60,"column":25},"end":{"line":60,"column":69}},"7":{"start":{"line":61,"column":6},"end":{"line":61,"column":45}},"8":{"start":{"line":65,"column":23},"end":{"line":84,"column":3}},"9":{"start":{"line":66,"column":4},"end":{"line":83,"column":5}},"10":{"start":{"line":68,"column":21},"end":{"line":68,"column":76}},"11":{"start":{"line":69,"column":28},"end":{"line":69,"column":50}},"12":{"start":{"line":71,"column":6},"end":{"line":71,"column":20}},"13":{"start":{"line":72,"column":6},"end":{"line":72,"column":30}},"14":{"start":{"line":74,"column":6},"end":{"line":82,"column":7}},"15":{"start":{"line":75,"column":50},"end":{"line":75,"column":52}},"16":{"start":{"line":76,"column":8},"end":{"line":80,"column":11}},"17":{"start":{"line":77,"column":10},"end":{"line":79,"column":11}},"18":{"start":{"line":78,"column":12},"end":{"line":78,"column":64}},"19":{"start":{"line":81,"column":8},"end":{"line":81,"column":29}},"20":{"start":{"line":86,"column":28},"end":{"line":92,"column":3}},"21":{"start":{"line":87,"column":4},"end":{"line":87,"column":55}},"22":{"start":{"line":87,"column":25},"end":{"line":87,"column":52}},"23":{"start":{"line":89,"column":4},"end":{"line":91,"column":5}},"24":{"start":{"line":90,"column":6},"end":{"line":90,"column":52}},"25":{"start":{"line":90,"column":25},"end":{"line":90,"column":49}},"26":{"start":{"line":94,"column":31},"end":{"line":97,"column":3}},"27":{"start":{"line":95,"column":4},"end":{"line":95,"column":26}},"28":{"start":{"line":96,"column":4},"end":{"line":96,"column":39}},"29":{"start":{"line":99,"column":22},"end":{"line":108,"column":3}},"30":{"start":{"line":100,"column":4},"end":{"line":103,"column":5}},"31":{"start":{"line":101,"column":25},"end":{"line":101,"column":69}},"32":{"start":{"line":102,"column":6},"end":{"line":102,"column":45}},"33":{"start":{"line":105,"column":4},"end":{"line":107,"column":5}},"34":{"start":{"line":106,"column":6},"end":{"line":106,"column":27}},"35":{"start":{"line":110,"column":2},"end":{"line":126,"column":3}},"36":{"start":{"line":111,"column":4},"end":{"line":125,"column":6}},"37":{"start":{"line":120,"column":51},"end":{"line":120,"column":72}},"38":{"start":{"line":128,"column":2},"end":{"line":299,"column":4}},"39":{"start":{"line":139,"column":38},"end":{"line":139,"column":69}},"40":{"start":{"line":159,"column":40},"end":{"line":159,"column":74}},"41":{"start":{"line":182,"column":38},"end":{"line":182,"column":88}},"42":{"start":{"line":202,"column":38},"end":{"line":202,"column":95}},"43":{"start":{"line":222,"column":38},"end":{"line":222,"column":73}},"44":{"start":{"line":241,"column":38},"end":{"line":241,"column":73}},"45":{"start":{"line":260,"column":38},"end":{"line":260,"column":76}}},"fnMap":{"0":{"name":"ItemForm","decl":{"start":{"line":34,"column":24},"end":{"line":34,"column":32}},"loc":{"start":{"line":41,"column":18},"end":{"line":300,"column":1}},"line":41},"1":{"name":"(anonymous_1)","decl":{"start":{"line":58,"column":12},"end":{"line":58,"column":13}},"loc":{"start":{"line":58,"column":18},"end":{"line":63,"column":3}},"line":58},"2":{"name":"(anonymous_2)","decl":{"start":{"line":59,"column":5},"end":{"line":59,"column":6}},"loc":{"start":{"line":59,"column":17},"end":{"line":62,"column":5}},"line":59},"3":{"name":"(anonymous_3)","decl":{"start":{"line":65,"column":23},"end":{"line":65,"column":24}},"loc":{"start":{"line":65,"column":29},"end":{"line":84,"column":3}},"line":65},"4":{"name":"(anonymous_4)","decl":{"start":{"line":76,"column":29},"end":{"line":76,"column":30}},"loc":{"start":{"line":76,"column":40},"end":{"line":80,"column":9}},"line":76},"5":{"name":"(anonymous_5)","decl":{"start":{"line":86,"column":28},"end":{"line":86,"column":29}},"loc":{"start":{"line":86,"column":100},"end":{"line":92,"column":3}},"line":86},"6":{"name":"(anonymous_6)","decl":{"start":{"line":87,"column":16},"end":{"line":87,"column":17}},"loc":{"start":{"line":87,"column":25},"end":{"line":87,"column":52}},"line":87},"7":{"name":"(anonymous_7)","decl":{"start":{"line":90,"column":16},"end":{"line":90,"column":17}},"loc":{"start":{"line":90,"column":25},"end":{"line":90,"column":49}},"line":90},"8":{"name":"(anonymous_8)","decl":{"start":{"line":94,"column":31},"end":{"line":94,"column":32}},"loc":{"start":{"line":94,"column":83},"end":{"line":97,"column":3}},"line":94},"9":{"name":"(anonymous_9)","decl":{"start":{"line":99,"column":22},"end":{"line":99,"column":23}},"loc":{"start":{"line":99,"column":34},"end":{"line":108,"column":3}},"line":99},"10":{"name":"(anonymous_10)","decl":{"start":{"line":120,"column":45},"end":{"line":120,"column":46}},"loc":{"start":{"line":120,"column":51},"end":{"line":120,"column":72}},"line":120},"11":{"name":"(anonymous_11)","decl":{"start":{"line":139,"column":28},"end":{"line":139,"column":29}},"loc":{"start":{"line":139,"column":38},"end":{"line":139,"column":69}},"line":139},"12":{"name":"(anonymous_12)","decl":{"start":{"line":159,"column":30},"end":{"line":159,"column":31}},"loc":{"start":{"line":159,"column":40},"end":{"line":159,"column":74}},"line":159},"13":{"name":"(anonymous_13)","decl":{"start":{"line":182,"column":28},"end":{"line":182,"column":29}},"loc":{"start":{"line":182,"column":38},"end":{"line":182,"column":88}},"line":182},"14":{"name":"(anonymous_14)","decl":{"start":{"line":202,"column":28},"end":{"line":202,"column":29}},"loc":{"start":{"line":202,"column":38},"end":{"line":202,"column":95}},"line":202},"15":{"name":"(anonymous_15)","decl":{"start":{"line":222,"column":28},"end":{"line":222,"column":29}},"loc":{"start":{"line":222,"column":38},"end":{"line":222,"column":73}},"line":222},"16":{"name":"(anonymous_16)","decl":{"start":{"line":241,"column":28},"end":{"line":241,"column":29}},"loc":{"start":{"line":241,"column":38},"end":{"line":241,"column":73}},"line":241},"17":{"name":"(anonymous_17)","decl":{"start":{"line":260,"column":28},"end":{"line":260,"column":29}},"loc":{"start":{"line":260,"column":38},"end":{"line":260,"column":76}},"line":260}},"branchMap":{"0":{"loc":{"start":{"line":39,"column":2},"end":{"line":39,"column":19}},"type":"default-arg","locations":[{"start":{"line":39,"column":14},"end":{"line":39,"column":19}}],"line":39},"1":{"loc":{"start":{"line":40,"column":2},"end":{"line":40,"column":17}},"type":"default-arg","locations":[{"start":{"line":40,"column":9},"end":{"line":40,"column":17}}],"line":40},"2":{"loc":{"start":{"line":44,"column":10},"end":{"line":44,"column":33}},"type":"binary-expr","locations":[{"start":{"line":44,"column":10},"end":{"line":44,"column":27}},{"start":{"line":44,"column":31},"end":{"line":44,"column":33}}],"line":44},"3":{"loc":{"start":{"line":45,"column":17},"end":{"line":45,"column":47}},"type":"binary-expr","locations":[{"start":{"line":45,"column":17},"end":{"line":45,"column":41}},{"start":{"line":45,"column":45},"end":{"line":45,"column":47}}],"line":45},"4":{"loc":{"start":{"line":46,"column":14},"end":{"line":46,"column":40}},"type":"binary-expr","locations":[{"start":{"line":46,"column":14},"end":{"line":46,"column":35}},{"start":{"line":46,"column":39},"end":{"line":46,"column":40}}],"line":46},"5":{"loc":{"start":{"line":47,"column":11},"end":{"line":47,"column":42}},"type":"binary-expr","locations":[{"start":{"line":47,"column":11},"end":{"line":47,"column":29}},{"start":{"line":47,"column":33},"end":{"line":47,"column":42}}],"line":47},"6":{"loc":{"start":{"line":48,"column":14},"end":{"line":48,"column":41}},"type":"binary-expr","locations":[{"start":{"line":48,"column":14},"end":{"line":48,"column":35}},{"start":{"line":48,"column":39},"end":{"line":48,"column":41}}],"line":48},"7":{"loc":{"start":{"line":49,"column":14},"end":{"line":49,"column":41}},"type":"binary-expr","locations":[{"start":{"line":49,"column":14},"end":{"line":49,"column":35}},{"start":{"line":49,"column":39},"end":{"line":49,"column":41}}],"line":49},"8":{"loc":{"start":{"line":50,"column":13},"end":{"line":50,"column":39}},"type":"binary-expr","locations":[{"start":{"line":50,"column":13},"end":{"line":50,"column":33}},{"start":{"line":50,"column":37},"end":{"line":50,"column":39}}],"line":50},"9":{"loc":{"start":{"line":51,"column":20},"end":{"line":51,"column":60}},"type":"binary-expr","locations":[{"start":{"line":51,"column":20},"end":{"line":51,"column":47}},{"start":{"line":51,"column":51},"end":{"line":51,"column":60}}],"line":51},"10":{"loc":{"start":{"line":68,"column":21},"end":{"line":68,"column":76}},"type":"cond-expr","locations":[{"start":{"line":68,"column":41},"end":{"line":68,"column":57}},{"start":{"line":68,"column":60},"end":{"line":68,"column":76}}],"line":68},"11":{"loc":{"start":{"line":74,"column":6},"end":{"line":82,"column":7}},"type":"if","locations":[{"start":{"line":74,"column":6},"end":{"line":82,"column":7}},{"start":{},"end":{}}],"line":74},"12":{"loc":{"start":{"line":77,"column":10},"end":{"line":79,"column":11}},"type":"if","locations":[{"start":{"line":77,"column":10},"end":{"line":79,"column":11}},{"start":{},"end":{}}],"line":77},"13":{"loc":{"start":{"line":89,"column":4},"end":{"line":91,"column":5}},"type":"if","locations":[{"start":{"line":89,"column":4},"end":{"line":91,"column":5}},{"start":{},"end":{}}],"line":89},"14":{"loc":{"start":{"line":100,"column":4},"end":{"line":103,"column":5}},"type":"if","locations":[{"start":{"line":100,"column":4},"end":{"line":103,"column":5}},{"start":{},"end":{}}],"line":100},"15":{"loc":{"start":{"line":105,"column":4},"end":{"line":107,"column":5}},"type":"if","locations":[{"start":{"line":105,"column":4},"end":{"line":107,"column":5}},{"start":{},"end":{}}],"line":105},"16":{"loc":{"start":{"line":110,"column":2},"end":{"line":126,"column":3}},"type":"if","locations":[{"start":{"line":110,"column":2},"end":{"line":126,"column":3}},{"start":{},"end":{}}],"line":110},"17":{"loc":{"start":{"line":138,"column":21},"end":{"line":138,"column":40}},"type":"binary-expr","locations":[{"start":{"line":138,"column":21},"end":{"line":138,"column":34}},{"start":{"line":138,"column":38},"end":{"line":138,"column":40}}],"line":138},"18":{"loc":{"start":{"line":142,"column":11},"end":{"line":147,"column":11}},"type":"binary-expr","locations":[{"start":{"line":142,"column":11},"end":{"line":142,"column":22}},{"start":{"line":143,"column":12},"end":{"line":146,"column":31}}],"line":142},"19":{"loc":{"start":{"line":158,"column":23},"end":{"line":158,"column":45}},"type":"binary-expr","locations":[{"start":{"line":158,"column":23},"end":{"line":158,"column":39}},{"start":{"line":158,"column":43},"end":{"line":158,"column":45}}],"line":158},"20":{"loc":{"start":{"line":166,"column":11},"end":{"line":171,"column":11}},"type":"binary-expr","locations":[{"start":{"line":166,"column":11},"end":{"line":166,"column":25}},{"start":{"line":167,"column":12},"end":{"line":170,"column":31}}],"line":166},"21":{"loc":{"start":{"line":181,"column":21},"end":{"line":181,"column":57}},"type":"binary-expr","locations":[{"start":{"line":181,"column":21},"end":{"line":181,"column":50}},{"start":{"line":181,"column":54},"end":{"line":181,"column":57}}],"line":181},"22":{"loc":{"start":{"line":182,"column":68},"end":{"line":182,"column":87}},"type":"binary-expr","locations":[{"start":{"line":182,"column":68},"end":{"line":182,"column":82}},{"start":{"line":182,"column":86},"end":{"line":182,"column":87}}],"line":182},"23":{"loc":{"start":{"line":186,"column":11},"end":{"line":191,"column":11}},"type":"binary-expr","locations":[{"start":{"line":186,"column":11},"end":{"line":186,"column":26}},{"start":{"line":187,"column":12},"end":{"line":190,"column":31}}],"line":186},"24":{"loc":{"start":{"line":201,"column":21},"end":{"line":201,"column":53}},"type":"binary-expr","locations":[{"start":{"line":201,"column":21},"end":{"line":201,"column":47}},{"start":{"line":201,"column":51},"end":{"line":201,"column":53}}],"line":201},"25":{"loc":{"start":{"line":202,"column":65},"end":{"line":202,"column":94}},"type":"binary-expr","locations":[{"start":{"line":202,"column":65},"end":{"line":202,"column":81}},{"start":{"line":202,"column":85},"end":{"line":202,"column":94}}],"line":202},"26":{"loc":{"start":{"line":206,"column":11},"end":{"line":211,"column":11}},"type":"binary-expr","locations":[{"start":{"line":206,"column":11},"end":{"line":206,"column":23}},{"start":{"line":207,"column":12},"end":{"line":210,"column":31}}],"line":206},"27":{"loc":{"start":{"line":221,"column":21},"end":{"line":221,"column":44}},"type":"binary-expr","locations":[{"start":{"line":221,"column":21},"end":{"line":221,"column":38}},{"start":{"line":221,"column":42},"end":{"line":221,"column":44}}],"line":221},"28":{"loc":{"start":{"line":225,"column":11},"end":{"line":230,"column":11}},"type":"binary-expr","locations":[{"start":{"line":225,"column":11},"end":{"line":225,"column":26}},{"start":{"line":226,"column":12},"end":{"line":229,"column":31}}],"line":225},"29":{"loc":{"start":{"line":240,"column":21},"end":{"line":240,"column":44}},"type":"binary-expr","locations":[{"start":{"line":240,"column":21},"end":{"line":240,"column":38}},{"start":{"line":240,"column":42},"end":{"line":240,"column":44}}],"line":240},"30":{"loc":{"start":{"line":244,"column":11},"end":{"line":249,"column":11}},"type":"binary-expr","locations":[{"start":{"line":244,"column":11},"end":{"line":244,"column":26}},{"start":{"line":245,"column":12},"end":{"line":248,"column":31}}],"line":244},"31":{"loc":{"start":{"line":259,"column":21},"end":{"line":259,"column":47}},"type":"binary-expr","locations":[{"start":{"line":259,"column":21},"end":{"line":259,"column":41}},{"start":{"line":259,"column":45},"end":{"line":259,"column":47}}],"line":259},"32":{"loc":{"start":{"line":265,"column":11},"end":{"line":270,"column":11}},"type":"binary-expr","locations":[{"start":{"line":265,"column":11},"end":{"line":265,"column":29}},{"start":{"line":266,"column":12},"end":{"line":269,"column":31}}],"line":265},"33":{"loc":{"start":{"line":277,"column":21},"end":{"line":277,"column":40}},"type":"cond-expr","locations":[{"start":{"line":277,"column":33},"end":{"line":277,"column":36}},{"start":{"line":277,"column":39},"end":{"line":277,"column":40}}],"line":277},"34":{"loc":{"start":{"line":280,"column":15},"end":{"line":284,"column":31}},"type":"cond-expr","locations":[{"start":{"line":281,"column":18},"end":{"line":281,"column":29}},{"start":{"line":282,"column":18},"end":{"line":284,"column":31}}],"line":280},"35":{"loc":{"start":{"line":282,"column":18},"end":{"line":284,"column":31}},"type":"cond-expr","locations":[{"start":{"line":283,"column":18},"end":{"line":283,"column":31}},{"start":{"line":284,"column":18},"end":{"line":284,"column":31}}],"line":282}},"s":{"0":0,"1":0,"2":0,"3":0,"4":0,"5":0,"6":0,"7":0,"8":0,"9":0,"10":0,"11":0,"12":0,"13":0,"14":0,"15":0,"16":0,"17":0,"18":0,"19":0,"20":0,"21":0,"22":0,"23":0,"24":0,"25":0,"26":0,"27":0,"28":0,"29":0,"30":0,"31":0,"32":0,"33":0,"34":0,"35":0,"36":0,"37":0,"38":0,"39":0,"40":0,"41":0,"42":0,"43":0,"44":0,"45":0},"f":{"0":0,"1":0,"2":0,"3":0,"4":0,"5":0,"6":0,"7":0,"8":0,"9":0,"10":0,"11":0,"12":0,"13":0,"14":0,"15":0,"16":0,"17":0},"b":{"0":[0],"1":[0],"2":[0,0],"3":[0,0],"4":[0,0],"5":[0,0],"6":[0,0],"7":[0,0],"8":[0,0],"9":[0,0],"10":[0,0],"11":[0,0],"12":[0,0],"13":[0,0],"14":[0,0],"15":[0,0],"16":[0,0],"17":[0,0],"18":[0,0],"19":[0,0],"20":[0,0],"21":[0,0],"22":[0,0],"23":[0,0],"24":[0,0],"25":[0,0],"26":[0,0],"27":[0,0],"28":[0,0],"29":[0,0],"30":[0,0],"31":[0,0],"32":[0,0],"33":[0,0],"34":[0,0],"35":[0,0]}}
,"/Users/ts/projects/inventory-app/components/ui/IconSymbol.ios.tsx": {"path":"/Users/ts/projects/inventory-app/components/ui/IconSymbol.ios.tsx","statementMap":{"0":{"start":{"line":17,"column":2},"end":{"line":31,"column":4}}},"fnMap":{"0":{"name":"IconSymbol","decl":{"start":{"line":4,"column":16},"end":{"line":4,"column":26}},"loc":{"start":{"line":16,"column":3},"end":{"line":32,"column":1}},"line":16}},"branchMap":{"0":{"loc":{"start":{"line":6,"column":2},"end":{"line":6,"column":11}},"type":"default-arg","locations":[{"start":{"line":6,"column":9},"end":{"line":6,"column":11}}],"line":6},"1":{"loc":{"start":{"line":9,"column":2},"end":{"line":9,"column":20}},"type":"default-arg","locations":[{"start":{"line":9,"column":11},"end":{"line":9,"column":20}}],"line":9}},"s":{"0":0},"f":{"0":0},"b":{"0":[0],"1":[0]}}
,"/Users/ts/projects/inventory-app/components/ui/IconSymbol.tsx": {"path":"/Users/ts/projects/inventory-app/components/ui/IconSymbol.tsx","statementMap":{"0":{"start":{"line":16,"column":16},"end":{"line":21,"column":16}},"1":{"start":{"line":40,"column":2},"end":{"line":40,"column":88}}},"fnMap":{"0":{"name":"IconSymbol","decl":{"start":{"line":28,"column":16},"end":{"line":28,"column":26}},"loc":{"start":{"line":39,"column":3},"end":{"line":41,"column":1}},"line":39}},"branchMap":{"0":{"loc":{"start":{"line":30,"column":2},"end":{"line":30,"column":11}},"type":"default-arg","locations":[{"start":{"line":30,"column":9},"end":{"line":30,"column":11}}],"line":30}},"s":{"0":0,"1":0},"f":{"0":0},"b":{"0":[0]}}
,"/Users/ts/projects/inventory-app/components/ui/TabBarBackground.ios.tsx": {"path":"/Users/ts/projects/inventory-app/components/ui/TabBarBackground.ios.tsx","statementMap":{"0":{"start":{"line":6,"column":2},"end":{"line":14,"column":4}},"1":{"start":{"line":18,"column":2},"end":{"line":18,"column":33}}},"fnMap":{"0":{"name":"BlurTabBarBackground","decl":{"start":{"line":5,"column":24},"end":{"line":5,"column":44}},"loc":{"start":{"line":5,"column":47},"end":{"line":15,"column":1}},"line":5},"1":{"name":"useBottomTabOverflow","decl":{"start":{"line":17,"column":16},"end":{"line":17,"column":36}},"loc":{"start":{"line":17,"column":39},"end":{"line":19,"column":1}},"line":17}},"branchMap":{},"s":{"0":0,"1":0},"f":{"0":0,"1":0},"b":{}}
,"/Users/ts/projects/inventory-app/components/ui/TabBarBackground.tsx": {"path":"/Users/ts/projects/inventory-app/components/ui/TabBarBackground.tsx","statementMap":{"0":{"start":{"line":5,"column":2},"end":{"line":5,"column":11}}},"fnMap":{"0":{"name":"useBottomTabOverflow","decl":{"start":{"line":4,"column":16},"end":{"line":4,"column":36}},"loc":{"start":{"line":4,"column":39},"end":{"line":6,"column":1}},"line":4}},"branchMap":{},"s":{"0":0},"f":{"0":0},"b":{}}
,"/Users/ts/projects/inventory-app/constants/Colors.ts": {"path":"/Users/ts/projects/inventory-app/constants/Colors.ts","statementMap":{"0":{"start":{"line":6,"column":23},"end":{"line":6,"column":32}},"1":{"start":{"line":7,"column":22},"end":{"line":7,"column":28}},"2":{"start":{"line":9,"column":22},"end":{"line":26,"column":1}}},"fnMap":{},"branchMap":{},"s":{"0":0,"1":0,"2":0},"f":{},"b":{}}
,"/Users/ts/projects/inventory-app/hooks/useColorScheme.ts": {"path":"/Users/ts/projects/inventory-app/hooks/useColorScheme.ts","statementMap":{},"fnMap":{},"branchMap":{},"s":{},"f":{},"b":{}}
[...]
,"column":13},"end":{"line":19,"column":27}},{"start":{"line":19,"column":31},"end":{"line":19,"column":40}}],"line":19},"5":{"loc":{"start":{"line":20,"column":20},"end":{"line":20,"column":89}},"type":"cond-expr","locations":[{"start":{"line":20,"column":45},"end":{"line":20,"column":77}},{"start":{"line":20,"column":80},"end":{"line":20,"column":89}}],"line":20},"6":{"loc":{"start":{"line":42,"column":6},"end":{"line":42,"column":30}},"type":"binary-expr","locations":[{"start":{"line":42,"column":6},"end":{"line":42,"column":22}},{"start":{"line":42,"column":26},"end":{"line":42,"column":30}}],"line":42},"7":{"loc":{"start":{"line":44,"column":6},"end":{"line":44,"column":24}},"type":"binary-expr","locations":[{"start":{"line":44,"column":6},"end":{"line":44,"column":16}},{"start":{"line":44,"column":20},"end":{"line":44,"column":24}}],"line":44},"8":{"loc":{"start":{"line":45,"column":6},"end":{"line":45,"column":27}},"type":"binary-expr","locations":[{"start":{"line":45,"column":6},"end":{"line":45,"column":19}},{"start":{"line":45,"column":23},"end":{"line":45,"column":27}}],"line":45},"9":{"loc":{"start":{"line":46,"column":6},"end":{"line":46,"column":27}},"type":"binary-expr","locations":[{"start":{"line":46,"column":6},"end":{"line":46,"column":19}},{"start":{"line":46,"column":23},"end":{"line":46,"column":27}}],"line":46},"10":{"loc":{"start":{"line":47,"column":6},"end":{"line":47,"column":26}},"type":"binary-expr","locations":[{"start":{"line":47,"column":6},"end":{"line":47,"column":18}},{"start":{"line":47,"column":22},"end":{"line":47,"column":26}}],"line":47},"11":{"loc":{"start":{"line":48,"column":6},"end":{"line":48,"column":48}},"type":"binary-expr","locations":[{"start":{"line":48,"column":6},"end":{"line":48,"column":40}},{"start":{"line":48,"column":44},"end":{"line":48,"column":48}}],"line":48},"12":{"loc":{"start":{"line":79,"column":9},"end":{"line":79,"column":44}},"type":"cond-expr","locations":[{"start":{"line":79,"column":18},"end":{"line":79,"column":37}},{"start":{"line":79,"column":40},"end":{"line":79,"column":44}}],"line":79},"13":{"loc":{"start":{"line":101,"column":2},"end":{"line":104,"column":3}},"type":"if","locations":[{"start":{"line":101,"column":2},"end":{"line":104,"column":3}},{"start":{},"end":{}}],"line":101},"14":{"loc":{"start":{"line":106,"column":2},"end":{"line":109,"column":3}},"type":"if","locations":[{"start":{"line":106,"column":2},"end":{"line":109,"column":3}},{"start":{},"end":{}}],"line":106},"15":{"loc":{"start":{"line":108,"column":16},"end":{"line":108,"column":40}},"type":"binary-expr","locations":[{"start":{"line":108,"column":16},"end":{"line":108,"column":32}},{"start":{"line":108,"column":36},"end":{"line":108,"column":40}}],"line":108},"16":{"loc":{"start":{"line":111,"column":2},"end":{"line":114,"column":3}},"type":"if","locations":[{"start":{"line":111,"column":2},"end":{"line":114,"column":3}},{"start":{},"end":{}}],"line":111},"17":{"loc":{"start":{"line":116,"column":2},"end":{"line":119,"column":3}},"type":"if","locations":[{"start":{"line":116,"column":2},"end":{"line":119,"column":3}},{"start":{},"end":{}}],"line":116},"18":{"loc":{"start":{"line":118,"column":16},"end":{"line":118,"column":34}},"type":"binary-expr","locations":[{"start":{"line":118,"column":16},"end":{"line":118,"column":26}},{"start":{"line":118,"column":30},"end":{"line":118,"column":34}}],"line":118},"19":{"loc":{"start":{"line":121,"column":2},"end":{"line":124,"column":3}},"type":"if","locations":[{"start":{"line":121,"column":2},"end":{"line":124,"column":3}},{"start":{},"end":{}}],"line":121},"20":{"loc":{"start":{"line":123,"column":16},"end":{"line":123,"column":37}},"type":"binary-expr","locations":[{"start":{"line":123,"column":16},"end":{"line":123,"column":29}},{"start":{"line":123,"column":33},"end":{"line":123,"column":37}}],"line":123},"21":{"loc":{"start":{"line":126,"column":2},"end":{"line":129,"column":3}},"type":"if","locations":[{"start":{"line":126,"column":2},"end":{"line":129,"column":3}},{"start":{},"end":{}}],"line":126},"22":{"loc":{"start":{"line":128,"column":16},"end":{"line":128,"column":37}},"type":"binary-expr","locations":[{"start":{"line":128,"column":16},"end":{"line":128,"column":29}},{"start":{"line":128,"column":33},"end":{"line":128,"column":37}}],"line":128},"23":{"loc":{"start":{"line":131,"column":2},"end":{"line":134,"column":3}},"type":"if","locations":[{"start":{"line":131,"column":2},"end":{"line":134,"column":3}},{"start":{},"end":{}}],"line":131},"24":{"loc":{"start":{"line":133,"column":16},"end":{"line":133,"column":36}},"type":"binary-expr","locations":[{"start":{"line":133,"column":16},"end":{"line":133,"column":28}},{"start":{"line":133,"column":32},"end":{"line":133,"column":36}}],"line":133},"25":{"loc":{"start":{"line":136,"column":2},"end":{"line":139,"column":3}},"type":"if","locations":[{"start":{"line":136,"column":2},"end":{"line":139,"column":3}},{"start":{},"end":{}}],"line":136},"26":{"loc":{"start":{"line":138,"column":16},"end":{"line":138,"column":58}},"type":"binary-expr","locations":[{"start":{"line":138,"column":16},"end":{"line":138,"column":50}},{"start":{"line":138,"column":54},"end":{"line":138,"column":58}}],"line":138},"27":{"loc":{"start":{"line":141,"column":2},"end":{"line":143,"column":3}},"type":"if","locations":[{"start":{"line":141,"column":2},"end":{"line":143,"column":3}},{"start":{},"end":{}}],"line":141},"28":{"loc":{"start":{"line":154,"column":2},"end":{"line":156,"column":3}},"type":"if","locations":[{"start":{"line":154,"column":2},"end":{"line":156,"column":3}},{"start":{},"end":{}}],"line":154},"29":{"loc":{"start":{"line":178,"column":9},"end":{"line":178,"column":27}},"type":"binary-expr","locations":[{"start":{"line":178,"column":9},"end":{"line":178,"column":22}},{"start":{"line":178,"column":26},"end":{"line":178,"column":27}}],"line":178},"30":{"loc":{"start":{"line":207,"column":9},"end":{"line":207,"column":44}},"type":"cond-expr","locations":[{"start":{"line":207,"column":18},"end":{"line":207,"column":37}},{"start":{"line":207,"column":40},"end":{"line":207,"column":44}}],"line":207}},"s":{"0":0,"1":0,"2":0,"3":0,"4":0,"5":0,"6":0,"7":0,"8":0,"9":0,"10":0,"11":0,"12":0,"13":0,"14":0,"15":0,"16":0,"17":0,"18":0,"19":0,"20":0,"21":0,"22":0,"23":0,"24":0,"25":0,"26":0,"27":0,"28":0,"29":0,"30":0,"31":0,"32":0,"33":0,"34":0,"35":0,"36":0,"37":0,"38":0,"39":0,"40":0,"41":0,"42":0,"43":0,"44":0,"45":0,"46":0,"47":0,"48":0,"49":0,"50":0,"51":0},"f":{"0":0,"1":0,"2":0,"3":0,"4":0,"5":0,"6":0,"7":0,"8":0},"b":{"0":[0,0],"1":[0,0],"2":[0,0],"3":[0,0],"4":[0,0],"5":[0,0],"6":[0,0],"7":[0,0],"8":[0,0],"9":[0,0],"10":[0,0],"11":[0,0],"12":[0,0],"13":[0,0],"14":[0,0],"15":[0,0],"16":[0,0],"17":[0,0],"18":[0,0],"19":[0,0],"20":[0,0],"21":[0,0],"22":[0,0],"23":[0,0],"24":[0,0],"25":[0,0],"26":[0,0],"27":[0,0],"28":[0,0],"29":[0,0],"30":[0,0]}}
,"/Users/ts/projects/inventory-app/lib/database/migrations.ts": {"path":"/Users/ts/projects/inventory-app/lib/database/migrations.ts","statementMap":{"0":{"start":{"line":5,"column":32},"end":{"line":54,"column":1}},"1":{"start":{"line":60,"column":2},"end":{"line":68,"column":3}},"2":{"start":{"line":61,"column":19},"end":{"line":63,"column":5}},"3":{"start":{"line":64,"column":4},"end":{"line":64,"column":32}},"4":{"start":{"line":67,"column":4},"end":{"line":67,"column":13}},"5":{"start":{"line":75,"column":13},"end":{"line":75,"column":32}},"6":{"start":{"line":77,"column":2},"end":{"line":77,"column":76}},"7":{"start":{"line":79,"column":2},"end":{"line":98,"column":3}},"8":{"start":{"line":80,"column":4},"end":{"line":80,"column":45}},"9":{"start":{"line":83,"column":4},"end":{"line":85,"column":5}},"10":{"start":{"line":84,"column":6},"end":{"line":84,"column":30}},"11":{"start":{"line":88,"column":4},"end":{"line":91,"column":6}},"12":{"start":{"line":93,"column":4},"end":{"line":93,"column":34}},"13":{"start":{"line":94,"column":4},"end":{"line":94,"column":71}},"14":{"start":{"line":96,"column":4},"end":{"line":96,"column":36}},"15":{"start":{"line":97,"column":4},"end":{"line":97,"column":80}},"16":{"start":{"line":105,"column":25},"end":{"line":105,"column":50}},"17":{"start":{"line":106,"column":28},"end":{"line":106,"column":78}},"18":{"start":{"line":106,"column":51},"end":{"line":106,"column":77}},"19":{"start":{"line":108,"column":2},"end":{"line":111,"column":3}},"20":{"start":{"line":109,"column":4},"end":{"line":109,"column":41}},"21":{"start":{"line":110,"column":4},"end":{"line":110,"column":11}},"22":{"start":{"line":113,"column":2},"end":{"line":113,"column":75}},"23":{"start":{"line":115,"column":2},"end":{"line":117,"column":3}},"24":{"start":{"line":116,"column":4},"end":{"line":116,"column":36}},"25":{"start":{"line":119,"column":2},"end":{"line":119,"column":55}},"26":{"start":{"line":126,"column":25},"end":{"line":126,"column":50}},"27":{"start":{"line":128,"column":2},"end":{"line":131,"column":3}},"28":{"start":{"line":129,"column":4},"end":{"line":129,"column":38}},"29":{"start":{"line":130,"column":4},"end":{"line":130,"column":11}},"30":{"start":{"line":133,"column":31},"end":{"line":135,"column":42}},"31":{"start":{"line":134,"column":17},"end":{"line":134,"column":73}},"32":{"start":{"line":135,"column":20},"end":{"line":135,"column":41}},"33":{"start":{"line":137,"column":13},"end":{"line":137,"column":32}},"34":{"start":{"line":139,"column":2},"end":{"line":166,"column":3}},"35":{"start":{"line":140,"column":4},"end":{"line":142,"column":5}},"36":{"start":{"line":141,"column":6},"end":{"line":141,"column":78}},"37":{"start":{"line":144,"column":4},"end":{"line":144,"column":82}},"38":{"start":{"line":146,"column":4},"end":{"line":165,"column":5}},"39":{"start":{"line":147,"column":6},"end":{"line":147,"column":47}},"40":{"start":{"line":150,"column":6},"end":{"line":152,"column":7}},"41":{"start":{"line":151,"column":8},"end":{"line":151,"column":32}},"42":{"start":{"line":155,"column":6},"end":{"line":158,"column":8}},"43":{"start":{"line":160,"column":6},"end":{"line":160,"column":36}},"44":{"start":{"line":161,"column":6},"end":{"line":161,"column":77}},"45":{"start":{"line":163,"column":6},"end":{"line":163,"column":38}},"46":{"start":{"line":164,"column":6},"end":{"line":164,"column":85}},"47":{"start":{"line":168,"column":2},"end":{"line":168,"column":64}}},"fnMap":{"0":{"name":"getCurrentVersion","decl":{"start":{"line":59,"column":15},"end":{"line":59,"column":32}},"loc":{"start":{"line":59,"column":52},"end":{"line":69,"column":1}},"line":59},"1":{"name":"applyMigration","decl":{"start":{"line":74,"column":15},"end":{"line":74,"column":29}},"loc":{"start":{"line":74,"column":67},"end":{"line":99,"column":1}},"line":74},"2":{"name":"runMigrations","decl":{"start":{"line":104,"column":22},"end":{"line":104,"column":35}},"loc":{"start":{"line":104,"column":53},"end":{"line":120,"column":1}},"line":104},"3":{"name":"(anonymous_3)","decl":{"start":{"line":106,"column":46},"end":{"line":106,"column":47}},"loc":{"start":{"line":106,"column":51},"end":{"line":106,"column":77}},"line":106},"4":{"name":"rollbackToVersion","decl":{"start":{"line":125,"column":22},"end":{"line":125,"column":39}},"loc":{"start":{"line":125,"column":78},"end":{"line":169,"column":1}},"line":125},"5":{"name":"(anonymous_5)","decl":{"start":{"line":134,"column":12},"end":{"line":134,"column":13}},"loc":{"start":{"line":134,"column":17},"end":{"line":134,"column":73}},"line":134},"6":{"name":"(anonymous_6)","decl":{"start":{"line":135,"column":10},"end":{"line":135,"column":11}},"loc":{"start":{"line":135,"column":20},"end":{"line":135,"column":41}},"line":135}},"branchMap":{"0":{"loc":{"start":{"line":64,"column":11},"end":{"line":64,"column":31}},"type":"binary-expr","locations":[{"start":{"line":64,"column":11},"end":{"line":64,"column":26}},{"start":{"line":64,"column":30},"end":{"line":64,"column":31}}],"line":64},"1":{"loc":{"start":{"line":108,"column":2},"end":{"line":111,"column":3}},"type":"if","locations":[{"start":{"line":108,"column":2},"end":{"line":111,"column":3}},{"start":{},"end":{}}],"line":108},"2":{"loc":{"start":{"line":128,"column":2},"end":{"line":131,"column":3}},"type":"if","locations":[{"start":{"line":128,"column":2},"end":{"line":131,"column":3}},{"start":{},"end":{}}],"line":128},"3":{"loc":{"start":{"line":134,"column":17},"end":{"line":134,"column":73}},"type":"binary-expr","locations":[{"start":{"line":134,"column":17},"end":{"line":134,"column":42}},{"start":{"line":134,"column":46},"end":{"line":134,"column":73}}],"line":134},"4":{"loc":{"start":{"line":140,"column":4},"end":{"line":142,"column":5}},"type":"if","locations":[{"start":{"line":140,"column":4},"end":{"line":142,"column":5}},{"start":{},"end":{}}],"line":140}},"s":{"0":0,"1":0,"2":0,"3":0,"4":0,"5":0,"6":0,"7":0,"8":0,"9":0,"10":0,"11":0,"12":0,"13":0,"14":0,"15":0,"16":0,"17":0,"18":0,"19":0,"20":0,"21":0,"22":0,"23":0,"24":0,"25":0,"26":0,"27":0,"28":0,"29":0,"30":0,"31":0,"32":0,"33":0,"34":0,"35":0,"36":0,"37":0,"38":0,"39":0,"40":0,"41":0,"42":0,"43":0,"44":0,"45":0,"46":0,"47":0},"f":{"0":0,"1":0,"2":0,"3":0,"4":0,"5":0,"6":0},"b":{"0":[0,0],"1":[0,0],"2":[0,0],"3":[0,0],"4":[0,0]}}
,"/Users/ts/projects/inventory-app/lib/database/types.ts": {"path":"/Users/ts/projects/inventory-app/lib/database/types.ts","statementMap":{},"fnMap":{},"branchMap":{},"s":{},"f":{},"b":{}}
,"/Users/ts/projects/inventory-app/lib/utils/idGenerator.ts": {"path":"/Users/ts/projects/inventory-app/lib/utils/idGenerator.ts","statementMap":{"0":{"start":{"line":6,"column":20},"end":{"line":6,"column":43}},"1":{"start":{"line":7,"column":23},"end":{"line":7,"column":65}},"2":{"start":{"line":8,"column":2},"end":{"line":8,"column":40}},"3":{"start":{"line":15,"column":2},"end":{"line":15,"column":69}}},"fnMap":{"0":{"name":"generateId","decl":{"start":{"line":5,"column":16},"end":{"line":5,"column":26}},"loc":{"start":{"line":5,"column":37},"end":{"line":9,"column":1}},"line":5},"1":{"name":"isValidId","decl":{"start":{"line":14,"column":16},"end":{"line":14,"column":25}},"loc":{"start":{"line":14,"column":47},"end":{"line":16,"column":1}},"line":14}},"branchMap":{"0":{"loc":{"start":{"line":15,"column":9},"end":{"line":15,"column":68}},"type":"binary-expr","locations":[{"start":{"line":15,"column":9},"end":{"line":15,"column":31}},{"start":{"line":15,"column":35},"end":{"line":15,"column":48}},{"start":{"line":15,"column":52},"end":{"line":15,"column":68}}],"line":15}},"s":{"0":7,"1":7,"2":7,"3":6},"f":{"0":7,"1":6},"b":{"0":[6,3,2]},"_coverageSchema":"1a1c01bbd47fc00a2c39e90264f33305004495a9","hash":"463a488e9fa25e39a9c9df1ca3864549447ceac7"}
,"/Users/ts/projects/inventory-app/utils/test/testUtils.tsx": {"path":"/Users/ts/projects/inventory-app/utils/test/testUtils.tsx","statementMap":{"0":{"start":{"line":5,"column":34},"end":{"line":15,"column":2}},"1":{"start":{"line":5,"column":41},"end":{"line":15,"column":1}},"2":{"start":{"line":7,"column":30},"end":{"line":10,"column":3}},"3":{"start":{"line":13,"column":28},"end":{"line":13,"column":30}},"4":{"start":{"line":14,"column":30},"end":{"line":14,"column":34}},"5":{"start":{"line":18,"column":32},"end":{"line":23,"column":2}},"6":{"start":{"line":18,"column":39},"end":{"line":23,"column":1}},"7":{"start":{"line":22,"column":27},"end":{"line":22,"column":31}},"8":{"start":{"line":30,"column":35},"end":{"line":37,"column":1}},"9":{"start":{"line":36,"column":2},"end":{"line":36,"column":29}},"10":{"start":{"line":40,"column":33},"end":{"line":46,"column":1}},"11":{"start":{"line":48,"column":28},"end":{"line":61,"column":1}},"12":{"start":{"line":64,"column":33},"end":{"line":73,"column":1}},"13":{"start":{"line":65,"column":17},"end":{"line":65,"column":37}},"14":{"start":{"line":68,"column":2},"end":{"line":68,"column":69}},"15":{"start":{"line":69,"column":2},"end":{"line":69,"column":40}},"16":{"start":{"line":70,"column":2},"end":{"line":70,"column":44}},"17":{"start":{"line":72,"column":2},"end":{"line":72,"column":16}},"18":{"start":{"line":76,"column":28},"end":{"line":76,"column":80}},"19":{"start":{"line":76,"column":34},"end":{"line":76,"column":80}},"20":{"start":{"line":76,"column":57},"end":{"line":76,"column":79}},"21":{"start":{"line":79,"column":39},"end":{"line":82,"column":1}},"22":{"start":{"line":80,"column":24},"end":{"line":80,"column":73}},"23":{"start":{"line":81,"column":2},"end":{"line":81,"column":59}},"24":{"start":{"line":81,"column":40},"end":{"line":81,"column":57}},"25":{"start":{"line":85,"column":36},"end":{"line":91,"column":1}},"26":{"start":{"line":86,"column":2},"end":{"line":90,"column":3}},"27":{"start":{"line":87,"column":4},"end":{"line":87,"column":58}},"28":{"start":{"line":89,"column":4},"end":{"line":89,"column":50}}},"fnMap":{"0":{"name":"(anonymous_0)","decl":{"start":{"line":5,"column":34},"end":{"line":5,"column":35}},"loc":{"start":{"line":5,"column":41},"end":{"line":15,"column":1}},"line":5},"1":{"name":"(anonymous_1)","decl":{"start":{"line":7,"column":23},"end":{"line":7,"column":24}},"loc":{"start":{"line":7,"column":30},"end":{"line":10,"column":3}},"line":7},"2":{"name":"(anonymous_2)","decl":{"start":{"line":13,"column":22},"end":{"line":13,"column":23}},"loc":{"start":{"line":13,"column":28},"end":{"line":13,"column":30}},"line":13},"3":{"name":"(anonymous_3)","decl":{"start":{"line":14,"column":24},"end":{"line":14,"column":25}},"loc":{"start":{"line":14,"column":30},"end":{"line":14,"column":34}},"line":14},"4":{"name":"(anonymous_4)","decl":{"start":{"line":18,"column":32},"end":{"line":18,"column":33}},"loc":{"start":{"line":18,"column":39},"end":{"line":23,"column":1}},"line":18},"5":{"name":"(anonymous_5)","decl":{"start":{"line":22,"column":21},"end":{"line":22,"column":22}},"loc":{"start":{"line":22,"column":27},"end":{"line":22,"column":31}},"line":22},"6":{"name":"(anonymous_6)","decl":{"start":{"line":30,"column":35},"end":{"line":30,"column":36}},"loc":{"start":{"line":33,"column":5},"end":{"line":37,"column":1}},"line":33},"7":{"name":"(anonymous_7)","decl":{"start":{"line":64,"column":33},"end":{"line":64,"column":34}},"loc":{"start":{"line":64,"column":39},"end":{"line":73,"column":1}},"line":64},"8":{"name":"(anonymous_8)","decl":{"start":{"line":76,"column":28},"end":{"line":76,"column":29}},"loc":{"start":{"line":76,"column":34},"end":{"line":76,"column":80}},"line":76},"9":{"name":"(anonymous_9)","decl":{"start":{"line":76,"column":46},"end":{"line":76,"column":47}},"loc":{"start":{"line":76,"column":57},"end":{"line":76,"column":79}},"line":76},"10":{"name":"(anonymous_10)","decl":{"start":{"line":79,"column":39},"end":{"line":79,"column":40}},"loc":{"start":{"line":79,"column":59},"end":{"line":82,"column":1}},"line":79},"11":{"name":"(anonymous_11)","decl":{"start":{"line":81,"column":27},"end":{"line":81,"column":28}},"loc":{"start":{"line":81,"column":40},"end":{"line":81,"column":57}},"line":81},"12":{"name":"(anonymous_12)","decl":{"start":{"line":85,"column":36},"end":{"line":85,"column":37}},"loc":{"start":{"line":85,"column":85},"end":{"line":91,"column":1}},"line":85}},"branchMap":{"0":{"loc":{"start":{"line":32,"column":2},"end":{"line":32,"column":35}},"type":"default-arg","locations":[{"start":{"line":32,"column":33},"end":{"line":32,"column":35}}],"line":32},"1":{"loc":{"start":{"line":86,"column":2},"end":{"line":90,"column":3}},"type":"if","locations":[{"start":{"line":86,"column":2},"end":{"line":90,"column":3}},{"start":{"line":88,"column":9},"end":{"line":90,"column":3}}],"line":86}},"s":{"0":1,"1":0,"2":0,"3":0,"4":0,"5":1,"6":0,"7":0,"8":1,"9":10,"10":1,"11":1,"12":1,"13":0,"14":0,"15":0,"16":0,"17":0,"18":1,"19":0,"20":0,"21":1,"22":0,"23":0,"24":0,"25":1,"26":0,"27":0,"28":0},"f":{"0":0,"1":0,"2":0,"3":0,"4":0,"5":0,"6":10,"7":0,"8":0,"9":0,"10":0,"11":0,"12":0},"b":{"0":[10],"1":[0,0]},"_coverageSchema":"1a1c01bbd47fc00a2c39e90264f33305004495a9","hash":"95ee75d9ed5f5ed56d222398da1109e407cb151f"}
}
