TN:
SF:app/+not-found.tsx
FN:7,NotFoundScreen
FNF:1
FNH:0
FNDA:0,NotFoundScreen
DA:8,0
DA:21,0
LF:2
LH:0
BRF:0
BRH:0
end_of_record
TN:
SF:app/_layout.tsx
FN:12,RootLayout
FNF:1
FNH:0
FNDA:0,RootLayout
DA:13,0
DA:14,0
DA:18,0
DA:20,0
DA:23,0
LF:5
LH:0
BRDA:18,0,0,0
BRDA:18,0,1,0
BRDA:25,1,0,0
BRDA:25,1,1,0
BRF:4
BRH:0
end_of_record
TN:
SF:app/(tabs)/_layout.tsx
FN:4,TabLayout
FNF:1
FNH:0
FNDA:0,TabLayout
DA:5,0
LF:1
LH:0
BRF:0
BRH:0
end_of_record
TN:
SF:app/(tabs)/explore.tsx
FN:11,TabTwoScreen
FNF:1
FNH:0
FNDA:0,TabTwoScreen
DA:12,0
DA:99,0
LF:2
LH:0
BRF:0
BRH:0
end_of_record
TN:
SF:app/(tabs)/index.tsx
FN:4,HomeScreen
FN:7,(anonymous_1)
FNF:2
FNH:0
FNDA:0,HomeScreen
FNDA:0,(anonymous_1)
DA:5,0
DA:7,0
DA:9,0
DA:12,0
LF:4
LH:0
BRF:0
BRH:0
end_of_record
TN:
SF:app/inventories/_layout.tsx
FN:4,InventoriesLayout
FNF:1
FNH:0
FNDA:0,InventoriesLayout
DA:5,0
LF:1
LH:0
BRF:0
BRH:0
end_of_record
TN:
SF:app/inventories/create.tsx
FN:7,CreateInventoryScreen
FN:9,(anonymous_1)
FN:12,(anonymous_2)
FN:25,(anonymous_3)
FNF:4
FNH:0
FNDA:0,CreateInventoryScreen
FNDA:0,(anonymous_1)
FNDA:0,(anonymous_2)
FNDA:0,(anonymous_3)
DA:8,0
DA:9,0
DA:10,0
DA:12,0
DA:13,0
DA:14,0
DA:15,0
DA:16,0
DA:17,0
DA:19,0
DA:21,0
DA:25,0
DA:26,0
DA:29,0
LF:14
LH:0
BRF:0
BRH:0
end_of_record
TN:
SF:app/inventories/index.tsx
FN:6,InventoriesScreen
FN:11,(anonymous_1)
FN:12,(anonymous_2)
FN:13,(anonymous_3)
FN:14,(anonymous_4)
FN:15,(anonymous_5)
FN:16,(anonymous_6)
FN:19,(anonymous_7)
FN:20,(anonymous_8)
FN:38,(anonymous_9)
FN:42,(anonymous_10)
FN:52,(anonymous_11)
FN:125,(anonymous_12)
FN:131,(anonymous_13)
FNF:14
FNH:14
FNDA:15,InventoriesScreen
FNDA:15,(anonymous_1)
FNDA:15,(anonymous_2)
FNDA:15,(anonymous_3)
FNDA:15,(anonymous_4)
FNDA:15,(anonymous_5)
FNDA:15,(anonymous_6)
FNDA:11,(anonymous_7)
FNDA:11,(anonymous_8)
FNDA:2,(anonymous_9)
FNDA:1,(anonymous_10)
FNDA:1,(anonymous_11)
FNDA:10,(anonymous_12)
FNDA:1,(anonymous_13)
DA:7,15
DA:8,15
DA:11,15
DA:12,15
DA:13,15
DA:14,15
DA:15,15
DA:16,15
DA:19,15
DA:20,11
DA:21,11
DA:22,11
DA:24,11
DA:25,1
DA:28,11
DA:30,2
DA:31,2
DA:35,11
DA:38,15
DA:39,2
DA:42,15
DA:43,1
DA:44,1
DA:45,1
DA:47,1
DA:48,1
DA:52,15
DA:53,1
DA:57,15
DA:58,1
DA:80,14
DA:81,3
DA:104,11
DA:126,10
DA:127,10
DA:131,1
LF:36
LH:36
BRDA:24,0,0,1
BRDA:24,0,1,10
BRDA:57,1,0,1
BRDA:57,1,1,14
BRDA:80,2,0,3
BRDA:80,2,1,11
BRDA:115,3,0,6
BRDA:115,3,1,5
BRDA:138,4,0,0
BRDA:138,4,1,10
BRDA:142,5,0,10
BRDA:142,5,1,0
BRF:12
BRH:10
end_of_record
TN:
SF:app/inventories/[id]/index.tsx
FN:6,InventoryDetailScreen
FN:11,(anonymous_1)
FN:12,(anonymous_2)
FN:13,(anonymous_3)
FN:14,(anonymous_4)
FN:15,(anonymous_5)
FN:16,(anonymous_6)
FN:17,(anonymous_7)
FN:18,(anonymous_8)
FN:20,(anonymous_9)
FN:21,(anonymous_10)
FN:24,(anonymous_11)
FN:25,(anonymous_12)
FN:49,(anonymous_13)
FN:56,(anonymous_14)
FN:70,(anonymous_15)
FN:109,(anonymous_16)
FN:113,(anonymous_17)
FNF:18
FNH:0
FNDA:0,InventoryDetailScreen
FNDA:0,(anonymous_1)
FNDA:0,(anonymous_2)
FNDA:0,(anonymous_3)
FNDA:0,(anonymous_4)
FNDA:0,(anonymous_5)
FNDA:0,(anonymous_6)
FNDA:0,(anonymous_7)
FNDA:0,(anonymous_8)
FNDA:0,(anonymous_9)
FNDA:0,(anonymous_10)
FNDA:0,(anonymous_11)
FNDA:0,(anonymous_12)
FNDA:0,(anonymous_13)
FNDA:0,(anonymous_14)
FNDA:0,(anonymous_15)
FNDA:0,(anonymous_16)
FNDA:0,(anonymous_17)
DA:7,0
DA:8,0
DA:9,0
DA:11,0
DA:12,0
DA:13,0
DA:14,0
DA:15,0
DA:16,0
DA:17,0
DA:18,0
DA:20,0
DA:21,0
DA:24,0
DA:25,0
DA:26,0
DA:27,0
DA:28,0
DA:31,0
DA:33,0
DA:34,0
DA:35,0
DA:38,0
DA:42,0
DA:45,0
DA:46,0
DA:49,0
DA:56,0
DA:57,0
DA:58,0
DA:64,0
DA:66,0
DA:70,0
DA:71,0
DA:74,0
DA:110,0
DA:113,0
LF:37
LH:0
BRDA:9,0,0,0
BRDA:9,0,1,0
BRDA:27,1,0,0
BRDA:27,1,1,0
BRDA:33,2,0,0
BRDA:33,2,1,0
BRDA:45,3,0,0
BRDA:45,3,1,0
BRDA:79,4,0,0
BRDA:79,4,1,0
BRDA:98,5,0,0
BRDA:98,5,1,0
BRDA:119,6,0,0
BRDA:119,6,1,0
BRDA:133,7,0,0
BRDA:133,7,1,0
BRF:16
BRH:0
end_of_record
TN:
SF:app/inventories/[id]/items/create.tsx
FN:7,CreateItemScreen
FN:13,(anonymous_1)
FN:29,(anonymous_2)
FNF:3
FNH:0
FNDA:0,CreateItemScreen
FNDA:0,(anonymous_1)
FNDA:0,(anonymous_2)
DA:8,0
DA:9,0
DA:10,0
DA:11,0
DA:13,0
DA:14,0
DA:16,0
DA:17,0
DA:19,0
DA:20,0
DA:21,0
DA:23,0
DA:25,0
DA:29,0
DA:30,0
DA:33,0
DA:34,0
DA:37,0
LF:18
LH:0
BRDA:14,0,0,0
BRDA:14,0,1,0
BRDA:33,1,0,0
BRDA:33,1,1,0
BRF:4
BRH:0
end_of_record
TN:
SF:app/inventories/[id]/items/index.tsx
FN:43,ItemsListScreen
FN:62,(anonymous_1)
FN:63,(anonymous_2)
FN:65,(anonymous_3)
FN:66,(anonymous_4)
FN:68,(anonymous_5)
FN:69,(anonymous_6)
FN:70,(anonymous_7)
FN:73,(anonymous_8)
FN:84,(anonymous_9)
FN:102,(anonymous_10)
FN:111,(anonymous_11)
FN:126,(anonymous_12)
FN:130,(anonymous_13)
FN:134,(anonymous_14)
FN:141,(anonymous_15)
FN:146,(anonymous_16)
FN:154,(anonymous_17)
FN:170,(anonymous_18)
FN:174,(anonymous_19)
FN:207,(anonymous_20)
FN:213,(anonymous_21)
FN:214,(anonymous_22)
FNF:23
FNH:20
FNDA:28,ItemsListScreen
FNDA:28,(anonymous_1)
FNDA:26,(anonymous_2)
FNDA:28,(anonymous_3)
FNDA:54,(anonymous_4)
FNDA:28,(anonymous_5)
FNDA:28,(anonymous_6)
FNDA:28,(anonymous_7)
FNDA:17,(anonymous_8)
FNDA:1,(anonymous_9)
FNDA:46,(anonymous_10)
FNDA:46,(anonymous_11)
FNDA:1,(anonymous_12)
FNDA:1,(anonymous_13)
FNDA:4,(anonymous_14)
FNDA:0,(anonymous_15)
FNDA:3,(anonymous_16)
FNDA:2,(anonymous_17)
FNDA:0,(anonymous_18)
FNDA:0,(anonymous_19)
FNDA:46,(anonymous_20)
FNDA:1,(anonymous_21)
FNDA:4,(anonymous_22)
DA:44,28
DA:45,28
DA:46,28
DA:48,28
DA:53,28
DA:58,28
DA:59,28
DA:62,28
DA:63,28
DA:65,28
DA:66,54
DA:68,28
DA:69,28
DA:70,28
DA:73,28
DA:74,17
DA:75,17
DA:80,28
DA:81,3
DA:84,1
DA:92,25
DA:93,1
DA:102,24
DA:103,46
DA:111,24
DA:112,46
DA:114,46
DA:115,46
DA:116,46
DA:118,46
DA:119,45
DA:120,1
DA:121,1
DA:123,0
DA:126,24
DA:127,1
DA:130,24
DA:131,1
DA:134,24
DA:135,4
DA:141,24
DA:142,0
DA:143,0
DA:146,24
DA:147,3
DA:151,3
DA:154,24
DA:155,2
DA:157,2
DA:158,2
DA:159,2
DA:160,2
DA:161,1
DA:163,1
DA:164,1
DA:166,2
DA:170,24
DA:171,0
DA:174,24
DA:175,0
DA:178,24
DA:208,46
DA:210,46
DA:213,1
DA:214,4
LF:65
LH:60
BRDA:46,0,0,1
BRDA:46,0,1,27
BRDA:74,1,0,17
BRDA:74,1,1,0
BRDA:80,2,0,3
BRDA:80,2,1,25
BRDA:92,3,0,1
BRDA:92,3,1,24
BRDA:112,4,0,0
BRDA:112,4,1,46
BRDA:118,5,0,45
BRDA:118,5,1,1
BRDA:120,6,0,1
BRDA:120,6,1,0
BRDA:155,7,0,0
BRDA:155,7,1,2
BRDA:185,8,0,24
BRDA:185,8,1,0
BRDA:197,9,0,1
BRDA:197,9,1,23
BRDA:228,10,0,46
BRDA:228,10,1,24
BRDA:234,11,0,46
BRDA:234,11,1,46
BRDA:249,12,0,46
BRDA:249,12,1,24
BRDA:256,13,0,46
BRDA:256,13,1,0
BRDA:256,13,2,46
BRDA:258,14,0,46
BRDA:258,14,1,46
BRDA:263,15,0,46
BRDA:263,15,1,46
BRDA:271,16,0,46
BRDA:271,16,1,46
BRDA:277,17,0,46
BRDA:277,17,1,24
BRDA:338,18,0,24
BRDA:338,18,1,1
BRDA:361,19,0,2
BRDA:361,19,1,22
BRDA:363,20,0,2
BRDA:363,20,1,22
BRF:43
BRH:37
end_of_record
TN:
SF:app/inventories/[id]/items/[itemId]/edit.tsx
FN:7,EditItemScreen
FN:22,(anonymous_1)
FN:24,(anonymous_2)
FN:30,(anonymous_3)
FN:44,(anonymous_4)
FNF:5
FNH:0
FNDA:0,EditItemScreen
FNDA:0,(anonymous_1)
FNDA:0,(anonymous_2)
FNDA:0,(anonymous_3)
FNDA:0,(anonymous_4)
DA:8,0
DA:9,0
DA:10,0
DA:11,0
DA:13,0
DA:19,0
DA:21,0
DA:22,0
DA:24,0
DA:25,0
DA:26,0
DA:30,0
DA:31,0
DA:33,0
DA:34,0
DA:35,0
DA:36,0
DA:38,0
DA:40,0
DA:44,0
DA:45,0
DA:48,0
DA:49,0
DA:52,0
LF:24
LH:0
BRDA:10,0,0,0
BRDA:10,0,1,0
BRDA:11,1,0,0
BRDA:11,1,1,0
BRDA:25,2,0,0
BRDA:25,2,1,0
BRDA:31,3,0,0
BRDA:31,3,1,0
BRDA:48,4,0,0
BRDA:48,4,1,0
BRDA:48,5,0,0
BRDA:48,5,1,0
BRDA:57,6,0,0
BRDA:57,6,1,0
BRDA:59,7,0,0
BRDA:59,7,1,0
BRDA:60,8,0,0
BRDA:60,8,1,0
BRDA:61,9,0,0
BRDA:61,9,1,0
BRDA:62,10,0,0
BRDA:62,10,1,0
BRDA:63,11,0,0
BRDA:63,11,1,0
BRF:24
BRH:0
end_of_record
TN:
SF:app/inventories/[id]/items/[itemId]/index.tsx
FN:6,ItemDetailScreen
FN:24,(anonymous_1)
FN:26,(anonymous_2)
FN:36,(anonymous_3)
FN:43,(anonymous_4)
FN:56,(anonymous_5)
FN:60,(anonymous_6)
FN:148,(anonymous_7)
FN:154,(anonymous_8)
FN:171,(anonymous_9)
FNF:10
FNH:0
FNDA:0,ItemDetailScreen
FNDA:0,(anonymous_1)
FNDA:0,(anonymous_2)
FNDA:0,(anonymous_3)
FNDA:0,(anonymous_4)
FNDA:0,(anonymous_5)
FNDA:0,(anonymous_6)
FNDA:0,(anonymous_7)
FNDA:0,(anonymous_8)
FNDA:0,(anonymous_9)
DA:7,0
DA:8,0
DA:9,0
DA:10,0
DA:12,0
DA:13,0
DA:20,0
DA:22,0
DA:23,0
DA:24,0
DA:26,0
DA:27,0
DA:28,0
DA:32,0
DA:33,0
DA:36,0
DA:43,0
DA:44,0
DA:45,0
DA:46,0
DA:47,0
DA:49,0
DA:51,0
DA:52,0
DA:56,0
DA:57,0
DA:60,0
DA:61,0
DA:64,0
DA:148,0
DA:154,0
DA:171,0
LF:32
LH:0
BRDA:9,0,0,0
BRDA:9,0,1,0
BRDA:10,1,0,0
BRDA:10,1,1,0
BRDA:27,2,0,0
BRDA:27,2,1,0
BRDA:32,3,0,0
BRDA:32,3,1,0
BRDA:32,4,0,0
BRDA:32,4,1,0
BRDA:35,5,0,0
BRDA:35,5,1,0
BRDA:85,6,0,0
BRDA:85,6,1,0
BRDA:92,7,0,0
BRDA:92,7,1,0
BRDA:99,8,0,0
BRDA:99,8,1,0
BRDA:106,9,0,0
BRDA:106,9,1,0
BRDA:113,10,0,0
BRDA:113,10,1,0
BRDA:120,11,0,0
BRDA:120,11,1,0
BRDA:181,12,0,0
BRDA:181,12,1,0
BRF:26
BRH:0
end_of_record
TN:
SF:components/Collapsible.tsx
FN:10,Collapsible
FN:18,(anonymous_1)
FN:18,(anonymous_2)
FNF:3
FNH:0
FNDA:0,Collapsible
FNDA:0,(anonymous_1)
FNDA:0,(anonymous_2)
DA:11,0
DA:12,0
DA:14,0
DA:18,0
DA:35,0
LF:5
LH:0
BRDA:12,0,0,0
BRDA:12,0,1,0
BRDA:24,1,0,0
BRDA:24,1,1,0
BRDA:25,2,0,0
BRDA:25,2,1,0
BRDA:30,3,0,0
BRDA:30,3,1,0
BRF:8
BRH:0
end_of_record
TN:
SF:components/ExternalLink.tsx
FN:8,ExternalLink
FN:14,(anonymous_1)
FNF:2
FNH:0
FNDA:0,ExternalLink
FNDA:0,(anonymous_1)
DA:9,0
DA:15,0
DA:17,0
DA:19,0
LF:4
LH:0
BRDA:15,0,0,0
BRDA:15,0,1,0
BRF:2
BRH:0
end_of_record
TN:
SF:components/HapticTab.tsx
FN:5,HapticTab
FN:9,(anonymous_1)
FNF:2
FNH:0
FNDA:0,HapticTab
FNDA:0,(anonymous_1)
DA:6,0
DA:10,0
DA:12,0
DA:14,0
LF:4
LH:0
BRDA:10,0,0,0
BRDA:10,0,1,0
BRF:2
BRH:0
end_of_record
TN:
SF:components/HelloWave.tsx
FN:13,HelloWave
FN:16,(anonymous_1)
FN:23,(anonymous_2)
FNF:3
FNH:0
FNDA:0,HelloWave
FNDA:0,(anonymous_1)
FNDA:0,(anonymous_2)
DA:14,0
DA:16,0
DA:17,0
DA:23,0
DA:27,0
DA:34,0
LF:6
LH:0
BRF:0
BRH:0
end_of_record
TN:
SF:components/ParallaxScrollView.tsx
FN:21,ParallaxScrollView
FN:30,(anonymous_1)
FNF:2
FNH:0
FNDA:0,ParallaxScrollView
FNDA:0,(anonymous_1)
DA:14,0
DA:26,0
DA:27,0
DA:28,0
DA:29,0
DA:30,0
DA:31,0
DA:47,0
DA:68,0
LF:9
LH:0
BRDA:26,0,0,0
BRDA:26,0,1,0
BRF:2
BRH:0
end_of_record
TN:
SF:components/TestDependencies.tsx
FN:6,TestDependencies
FN:32,(anonymous_1)
FNF:2
FNH:0
FNDA:0,TestDependencies
FNDA:0,(anonymous_1)
DA:7,0
DA:32,0
LF:2
LH:0
BRF:0
BRH:0
end_of_record
TN:
SF:components/ThemedText.tsx
FN:11,ThemedText
FNF:1
FNH:0
FNDA:0,ThemedText
DA:18,0
DA:20,0
DA:36,0
LF:3
LH:0
BRDA:15,0,0,0
BRDA:24,1,0,0
BRDA:24,1,1,0
BRDA:25,2,0,0
BRDA:25,2,1,0
BRDA:26,3,0,0
BRDA:26,3,1,0
BRDA:27,4,0,0
BRDA:27,4,1,0
BRDA:28,5,0,0
BRDA:28,5,1,0
BRF:11
BRH:0
end_of_record
TN:
SF:components/ThemedView.tsx
FN:10,ThemedView
FNF:1
FNH:0
FNDA:0,ThemedView
DA:11,0
DA:13,0
LF:2
LH:0
BRF:0
BRH:0
end_of_record
TN:
SF:components/forms/BasicItemForm.tsx
FN:28,BasicItemForm
FN:44,(anonymous_1)
FN:52,(anonymous_2)
FN:62,(anonymous_3)
FN:63,(anonymous_4)
FN:65,(anonymous_5)
FN:80,(anonymous_6)
FN:99,(anonymous_7)
FN:119,(anonymous_8)
FNF:9
FNH:0
FNDA:0,BasicItemForm
FNDA:0,(anonymous_1)
FNDA:0,(anonymous_2)
FNDA:0,(anonymous_3)
FNDA:0,(anonymous_4)
FNDA:0,(anonymous_5)
FNDA:0,(anonymous_6)
FNDA:0,(anonymous_7)
FNDA:0,(anonymous_8)
DA:35,0
DA:42,0
DA:44,0
DA:45,0
DA:46,0
DA:47,0
DA:48,0
DA:50,0
DA:51,0
DA:52,0
DA:53,0
DA:54,0
DA:57,0
DA:62,0
DA:63,0
DA:64,0
DA:65,0
DA:69,0
DA:80,0
DA:99,0
DA:119,0
LF:21
LH:0
BRDA:33,0,0,0
BRDA:37,1,0,0
BRDA:37,1,1,0
BRDA:38,2,0,0
BRDA:38,2,1,0
BRDA:39,3,0,0
BRDA:39,3,1,0
BRDA:50,4,0,0
BRDA:50,4,1,0
BRDA:53,5,0,0
BRDA:53,5,1,0
BRDA:64,6,0,0
BRDA:64,6,1,0
BRDA:79,7,0,0
BRDA:79,7,1,0
BRDA:83,8,0,0
BRDA:83,8,1,0
BRDA:98,9,0,0
BRDA:98,9,1,0
BRDA:99,10,0,0
BRDA:99,10,1,0
BRDA:103,11,0,0
BRDA:103,11,1,0
BRDA:118,12,0,0
BRDA:118,12,1,0
BRDA:122,13,0,0
BRDA:122,13,1,0
BRDA:134,14,0,0
BRDA:134,14,1,0
BRDA:137,15,0,0
BRDA:137,15,1,0
BRF:31
BRH:0
end_of_record
TN:
SF:components/forms/InventoryForm.tsx
FN:30,InventoryForm
FN:44,(anonymous_1)
FN:54,(anonymous_2)
FN:64,(anonymous_3)
FN:65,(anonymous_4)
FN:68,(anonymous_5)
FN:83,(anonymous_6)
FN:102,(anonymous_7)
FNF:8
FNH:7
FNDA:18,InventoryForm
FNDA:3,(anonymous_1)
FNDA:1,(anonymous_2)
FNDA:5,(anonymous_3)
FNDA:5,(anonymous_4)
FNDA:0,(anonymous_5)
FNDA:3,(anonymous_6)
FNDA:2,(anonymous_7)
DA:37,18
DA:42,18
DA:44,18
DA:45,3
DA:47,3
DA:49,2
DA:50,2
DA:52,1
DA:53,1
DA:54,1
DA:55,1
DA:56,1
DA:59,1
DA:64,18
DA:65,5
DA:67,5
DA:68,0
DA:72,18
DA:83,3
DA:102,2
LF:20
LH:19
BRDA:34,0,0,16
BRDA:35,1,0,17
BRDA:38,2,0,18
BRDA:38,2,1,17
BRDA:39,3,0,18
BRDA:39,3,1,17
BRDA:52,4,0,1
BRDA:52,4,1,0
BRDA:55,5,0,1
BRDA:55,5,1,0
BRDA:67,6,0,0
BRDA:67,6,1,5
BRDA:82,7,0,18
BRDA:82,7,1,10
BRDA:86,8,0,18
BRDA:86,8,1,1
BRDA:101,9,0,18
BRDA:101,9,1,14
BRDA:107,10,0,18
BRDA:107,10,1,0
BRDA:119,11,0,2
BRDA:119,11,1,16
BRDA:122,12,0,2
BRDA:122,12,1,16
BRDA:124,13,0,15
BRDA:124,13,1,1
BRF:26
BRH:22
end_of_record
TN:
SF:components/forms/ItemForm.tsx
FN:35,ItemForm
FN:60,(anonymous_1)
FN:71,(anonymous_2)
FN:81,(anonymous_3)
FN:82,(anonymous_4)
FN:85,(anonymous_5)
FN:89,(anonymous_6)
FN:94,(anonymous_7)
FN:124,(anonymous_8)
FN:143,(anonymous_9)
FN:163,(anonymous_10)
FN:186,(anonymous_11)
FN:206,(anonymous_12)
FN:226,(anonymous_13)
FN:245,(anonymous_14)
FN:264,(anonymous_15)
FN:281,(anonymous_16)
FN:295,(anonymous_17)
FNF:18
FNH:0
FNDA:0,ItemForm
FNDA:0,(anonymous_1)
FNDA:0,(anonymous_2)
FNDA:0,(anonymous_3)
FNDA:0,(anonymous_4)
FNDA:0,(anonymous_5)
FNDA:0,(anonymous_6)
FNDA:0,(anonymous_7)
FNDA:0,(anonymous_8)
FNDA:0,(anonymous_9)
FNDA:0,(anonymous_10)
FNDA:0,(anonymous_11)
FNDA:0,(anonymous_12)
FNDA:0,(anonymous_13)
FNDA:0,(anonymous_14)
FNDA:0,(anonymous_15)
FNDA:0,(anonymous_16)
FNDA:0,(anonymous_17)
DA:43,0
DA:55,0
DA:56,0
DA:57,0
DA:58,0
DA:60,0
DA:61,0
DA:63,0
DA:64,0
DA:66,0
DA:67,0
DA:69,0
DA:70,0
DA:71,0
DA:72,0
DA:73,0
DA:76,0
DA:81,0
DA:82,0
DA:84,0
DA:85,0
DA:89,0
DA:90,0
DA:91,0
DA:94,0
DA:95,0
DA:97,0
DA:100,0
DA:102,0
DA:103,0
DA:104,0
DA:108,0
DA:111,0
DA:112,0
DA:124,0
DA:132,0
DA:143,0
DA:163,0
DA:186,0
DA:206,0
DA:226,0
DA:245,0
DA:264,0
DA:281,0
DA:296,0
DA:297,0
DA:298,0
LF:47
LH:0
BRDA:40,0,0,0
BRDA:41,1,0,0
BRDA:45,2,0,0
BRDA:45,2,1,0
BRDA:46,3,0,0
BRDA:46,3,1,0
BRDA:47,4,0,0
BRDA:47,4,1,0
BRDA:48,5,0,0
BRDA:48,5,1,0
BRDA:49,6,0,0
BRDA:49,6,1,0
BRDA:50,7,0,0
BRDA:50,7,1,0
BRDA:51,8,0,0
BRDA:51,8,1,0
BRDA:52,9,0,0
BRDA:52,9,1,0
BRDA:63,10,0,0
BRDA:63,10,1,0
BRDA:69,11,0,0
BRDA:69,11,1,0
BRDA:72,12,0,0
BRDA:72,12,1,0
BRDA:84,13,0,0
BRDA:84,13,1,0
BRDA:95,14,0,0
BRDA:95,14,1,0
BRDA:100,15,0,0
BRDA:100,15,1,0
BRDA:103,16,0,0
BRDA:103,16,1,0
BRDA:111,17,0,0
BRDA:111,17,1,0
BRDA:142,18,0,0
BRDA:142,18,1,0
BRDA:146,19,0,0
BRDA:146,19,1,0
BRDA:162,20,0,0
BRDA:162,20,1,0
BRDA:170,21,0,0
BRDA:170,21,1,0
BRDA:185,22,0,0
BRDA:185,22,1,0
BRDA:186,23,0,0
BRDA:186,23,1,0
BRDA:190,24,0,0
BRDA:190,24,1,0
BRDA:205,25,0,0
BRDA:205,25,1,0
BRDA:206,26,0,0
BRDA:206,26,1,0
BRDA:210,27,0,0
BRDA:210,27,1,0
BRDA:225,28,0,0
BRDA:225,28,1,0
BRDA:229,29,0,0
BRDA:229,29,1,0
BRDA:244,30,0,0
BRDA:244,30,1,0
BRDA:248,31,0,0
BRDA:248,31,1,0
BRDA:263,32,0,0
BRDA:263,32,1,0
BRDA:269,33,0,0
BRDA:269,33,1,0
BRDA:285,34,0,0
BRDA:285,34,1,0
BRDA:290,35,0,0
BRDA:290,35,1,0
BRDA:292,36,0,0
BRDA:292,36,1,0
BRDA:294,37,0,0
BRDA:294,37,1,0
BRDA:297,38,0,0
BRDA:297,38,1,0
BRDA:303,39,0,0
BRDA:303,39,1,0
BRDA:315,40,0,0
BRDA:315,40,1,0
BRDA:318,41,0,0
BRDA:318,41,1,0
BRDA:320,42,0,0
BRDA:320,42,1,0
BRF:84
BRH:0
end_of_record
TN:
SF:components/ui/IconSymbol.ios.tsx
FN:4,IconSymbol
FNF:1
FNH:0
FNDA:0,IconSymbol
DA:17,0
LF:1
LH:0
BRDA:6,0,0,0
BRDA:9,1,0,0
BRF:2
BRH:0
end_of_record
TN:
SF:components/ui/IconSymbol.tsx
FN:28,IconSymbol
FNF:1
FNH:0
FNDA:0,IconSymbol
DA:16,0
DA:40,0
LF:2
LH:0
BRDA:30,0,0,0
BRF:1
BRH:0
end_of_record
TN:
SF:components/ui/TabBarBackground.ios.tsx
FN:5,BlurTabBarBackground
FN:17,useBottomTabOverflow
FNF:2
FNH:0
FNDA:0,BlurTabBarBackground
FNDA:0,useBottomTabOverflow
DA:6,0
DA:18,0
LF:2
LH:0
BRF:0
BRH:0
end_of_record
TN:
SF:components/ui/TabBarBackground.tsx
FN:4,useBottomTabOverflow
FNF:1
FNH:0
FNDA:0,useBottomTabOverflow
DA:5,0
LF:1
LH:0
BRF:0
BRH:0
end_of_record
TN:
SF:constants/Colors.ts
FNF:0
FNH:0
DA:6,0
DA:7,0
DA:9,0
LF:3
LH:0
BRF:0
BRH:0
end_of_record
TN:
SF:hooks/useColorScheme.ts
FNF:0
FNH:0
LF:0
LH:0
BRF:0
BRH:0
end_of_record
TN:
SF:hooks/useColorScheme.web.ts
FN:7,useColorScheme
FN:10,(anonymous_1)
FNF:2
FNH:0
FNDA:0,useColorScheme
FNDA:0,(anonymous_1)
DA:8,0
DA:10,0
DA:11,0
DA:14,0
DA:16,0
DA:17,0
DA:20,0
LF:7
LH:0
BRDA:16,0,0,0
BRDA:16,0,1,0
BRF:2
BRH:0
end_of_record
TN:
SF:hooks/useThemeColor.ts
FN:9,useThemeColor
FNF:1
FNH:0
FNDA:0,useThemeColor
DA:13,0
DA:14,0
DA:16,0
DA:17,0
DA:19,0
LF:5
LH:0
BRDA:13,0,0,0
BRDA:13,0,1,0
BRDA:16,1,0,0
BRDA:16,1,1,0
BRF:4
BRH:0
end_of_record
TN:
SF:lib/databaseStore.ts
FN:53,(anonymous_0)
FN:63,(anonymous_1)
FN:75,(anonymous_2)
FN:87,(anonymous_3)
FN:90,(anonymous_4)
FN:100,(anonymous_5)
FN:104,(anonymous_6)
FN:105,(anonymous_7)
FN:116,(anonymous_8)
FN:119,(anonymous_9)
FN:120,(anonymous_10)
FN:121,(anonymous_11)
FN:131,(anonymous_12)
FN:135,(anonymous_13)
FN:137,(anonymous_14)
FN:149,(anonymous_15)
FN:152,(anonymous_16)
FN:162,(anonymous_17)
FN:166,(anonymous_18)
FN:167,(anonymous_19)
FN:178,(anonymous_20)
FN:181,(anonymous_21)
FN:182,(anonymous_22)
FN:191,(anonymous_23)
FN:196,(anonymous_24)
FN:198,(anonymous_25)
FN:201,(anonymous_26)
FN:203,(anonymous_27)
FN:206,(anonymous_28)
FN:207,(anonymous_29)
FN:210,(anonymous_30)
FN:211,(anonymous_31)
FN:214,(anonymous_32)
FN:215,(anonymous_33)
FN:218,(anonymous_34)
FN:222,(anonymous_35)
FN:226,(anonymous_36)
FN:227,(anonymous_37)
FNF:38
FNH:0
FNDA:0,(anonymous_0)
FNDA:0,(anonymous_1)
FNDA:0,(anonymous_2)
FNDA:0,(anonymous_3)
FNDA:0,(anonymous_4)
FNDA:0,(anonymous_5)
FNDA:0,(anonymous_6)
FNDA:0,(anonymous_7)
FNDA:0,(anonymous_8)
FNDA:0,(anonymous_9)
FNDA:0,(anonymous_10)
FNDA:0,(anonymous_11)
FNDA:0,(anonymous_12)
FNDA:0,(anonymous_13)
FNDA:0,(anonymous_14)
FNDA:0,(anonymous_15)
FNDA:0,(anonymous_16)
FNDA:0,(anonymous_17)
FNDA:0,(anonymous_18)
FNDA:0,(anonymous_19)
FNDA:0,(anonymous_20)
FNDA:0,(anonymous_21)
FNDA:0,(anonymous_22)
FNDA:0,(anonymous_23)
FNDA:0,(anonymous_24)
FNDA:0,(anonymous_25)
FNDA:0,(anonymous_26)
FNDA:0,(anonymous_27)
FNDA:0,(anonymous_28)
FNDA:0,(anonymous_29)
FNDA:0,(anonymous_30)
FNDA:0,(anonymous_31)
FNDA:0,(anonymous_32)
FNDA:0,(anonymous_33)
FNDA:0,(anonymous_34)
FNDA:0,(anonymous_35)
FNDA:0,(anonymous_36)
FNDA:0,(anonymous_37)
DA:53,0
DA:64,0
DA:65,0
DA:66,0
DA:67,0
DA:69,0
DA:70,0
DA:76,0
DA:77,0
DA:78,0
DA:79,0
DA:81,0
DA:82,0
DA:83,0
DA:88,0
DA:89,0
DA:90,0
DA:93,0
DA:95,0
DA:96,0
DA:101,0
DA:102,0
DA:103,0
DA:104,0
DA:106,0
DA:111,0
DA:112,0
DA:117,0
DA:118,0
DA:119,0
DA:120,0
DA:121,0
DA:125,0
DA:126,0
DA:132,0
DA:133,0
DA:134,0
DA:135,0
DA:137,0
DA:143,0
DA:144,0
DA:145,0
DA:150,0
DA:151,0
DA:152,0
DA:155,0
DA:157,0
DA:158,0
DA:163,0
DA:164,0
DA:165,0
DA:166,0
DA:168,0
DA:173,0
DA:174,0
DA:179,0
DA:180,0
DA:181,0
DA:182,0
DA:185,0
DA:186,0
DA:192,0
DA:197,0
DA:198,0
DA:202,0
DA:203,0
DA:207,0
DA:211,0
DA:215,0
DA:219,0
DA:223,0
DA:227,0
LF:72
LH:0
BRDA:103,0,0,0
BRDA:103,0,1,0
BRDA:106,1,0,0
BRDA:106,1,1,0
BRDA:122,2,0,0
BRDA:122,2,1,0
BRDA:165,3,0,0
BRDA:165,3,1,0
BRDA:168,4,0,0
BRDA:168,4,1,0
BRDA:198,5,0,0
BRDA:198,5,1,0
BRF:12
BRH:0
end_of_record
TN:
SF:lib/schemas.ts
FNF:0
FNH:0
DA:4,2
DA:13,2
DA:29,2
DA:35,2
DA:41,2
DA:42,2
LF:6
LH:6
BRF:0
BRH:0
end_of_record
TN:
SF:lib/store.ts
FN:31,(anonymous_0)
FN:38,(anonymous_1)
FN:40,(anonymous_2)
FN:40,(anonymous_3)
FN:44,(anonymous_4)
FN:44,(anonymous_5)
FN:45,(anonymous_6)
FN:46,(anonymous_7)
FN:50,(anonymous_8)
FN:50,(anonymous_9)
FN:51,(anonymous_10)
FN:58,(anonymous_11)
FN:58,(anonymous_12)
FN:62,(anonymous_13)
FN:62,(anonymous_14)
FN:63,(anonymous_15)
FN:66,(anonymous_16)
FN:66,(anonymous_17)
FN:67,(anonymous_18)
FN:75,(anonymous_19)
FN:88,(anonymous_20)
FN:105,(anonymous_21)
FN:107,(anonymous_22)
FN:110,(anonymous_23)
FN:112,(anonymous_24)
FNF:25
FNH:0
FNDA:0,(anonymous_0)
FNDA:0,(anonymous_1)
FNDA:0,(anonymous_2)
FNDA:0,(anonymous_3)
FNDA:0,(anonymous_4)
FNDA:0,(anonymous_5)
FNDA:0,(anonymous_6)
FNDA:0,(anonymous_7)
FNDA:0,(anonymous_8)
FNDA:0,(anonymous_9)
FNDA:0,(anonymous_10)
FNDA:0,(anonymous_11)
FNDA:0,(anonymous_12)
FNDA:0,(anonymous_13)
FNDA:0,(anonymous_14)
FNDA:0,(anonymous_15)
FNDA:0,(anonymous_16)
FNDA:0,(anonymous_17)
FNDA:0,(anonymous_18)
FNDA:0,(anonymous_19)
FNDA:0,(anonymous_20)
FNDA:0,(anonymous_21)
FNDA:0,(anonymous_22)
FNDA:0,(anonymous_23)
FNDA:0,(anonymous_24)
DA:31,0
DA:38,0
DA:40,0
DA:44,0
DA:45,0
DA:46,0
DA:50,0
DA:52,0
DA:58,0
DA:62,0
DA:63,0
DA:66,0
DA:68,0
DA:76,0
DA:77,0
DA:84,0
DA:85,0
DA:89,0
DA:90,0
DA:100,0
DA:101,0
DA:106,0
DA:107,0
DA:111,0
DA:112,0
LF:25
LH:0
BRDA:47,0,0,0
BRDA:47,0,1,0
BRDA:52,1,0,0
BRDA:52,1,1,0
BRDA:68,2,0,0
BRDA:68,2,1,0
BRDA:107,3,0,0
BRDA:107,3,1,0
BRF:8
BRH:0
end_of_record
TN:
SF:lib/test-imports.ts
FN:20,testZodValidation
FN:38,testSQLiteConnection
FN:50,testZustandStore
FN:68,testComponentImports
FN:81,testCameraImports
FN:94,runAllImportTests
FN:105,(anonymous_6)
FN:110,(anonymous_7)
FNF:8
FNH:0
FNDA:0,testZodValidation
FNDA:0,testSQLiteConnection
FNDA:0,testZustandStore
FNDA:0,testComponentImports
FNDA:0,testCameraImports
FNDA:0,runAllImportTests
FNDA:0,(anonymous_6)
FNDA:0,(anonymous_7)
DA:21,0
DA:23,0
DA:28,0
DA:29,0
DA:30,0
DA:32,0
DA:33,0
DA:39,0
DA:40,0
DA:41,0
DA:42,0
DA:44,0
DA:45,0
DA:51,0
DA:54,0
DA:55,0
DA:60,0
DA:62,0
DA:63,0
DA:69,0
DA:71,0
DA:72,0
DA:73,0
DA:75,0
DA:76,0
DA:82,0
DA:84,0
DA:85,0
DA:86,0
DA:88,0
DA:89,0
DA:95,0
DA:97,0
DA:105,0
DA:110,0
DA:111,0
DA:113,0
DA:115,0
DA:116,0
DA:118,0
DA:121,0
LF:41
LH:0
BRDA:115,0,0,0
BRDA:115,0,1,0
BRF:2
BRH:0
end_of_record
TN:
SF:lib/database/connection.ts
FN:12,(anonymous_0)
FN:21,initializeDatabase
FN:42,getDatabase
FN:52,closeDatabase
FN:63,executeSql
FN:78,getFirstAsync
FN:93,getAllAsync
FN:108,executeTransaction
FNF:8
FNH:0
FNDA:0,(anonymous_0)
FNDA:0,initializeDatabase
FNDA:0,getDatabase
FNDA:0,closeDatabase
FNDA:0,executeSql
FNDA:0,getFirstAsync
FNDA:0,getAllAsync
FNDA:0,executeTransaction
DA:4,0
DA:5,0
DA:8,0
DA:13,0
DA:14,0
DA:22,0
DA:23,0
DA:24,0
DA:27,0
DA:28,0
DA:31,0
DA:33,0
DA:35,0
DA:43,0
DA:44,0
DA:46,0
DA:53,0
DA:54,0
DA:55,0
DA:56,0
DA:67,0
DA:68,0
DA:69,0
DA:71,0
DA:82,0
DA:83,0
DA:84,0
DA:86,0
DA:97,0
DA:98,0
DA:99,0
DA:101,0
DA:111,0
DA:113,0
DA:114,0
DA:115,0
DA:116,0
DA:117,0
DA:119,0
DA:120,0
LF:40
LH:0
BRDA:23,0,0,0
BRDA:23,0,1,0
BRDA:43,1,0,0
BRDA:43,1,1,0
BRDA:53,2,0,0
BRDA:53,2,1,0
BRDA:65,3,0,0
BRDA:80,4,0,0
BRDA:95,5,0,0
BRF:9
BRH:0
end_of_record
TN:
SF:lib/database/index.ts
FN:15,initializeDatabaseService
FNF:1
FNH:0
FNDA:0,initializeDatabaseService
DA:16,0
DA:18,0
DA:21,0
DA:23,0
DA:25,0
DA:26,0
LF:6
LH:0
BRF:0
BRH:0
end_of_record
TN:
SF:lib/database/inventoryRepository.ts
FN:9,mapDbToInventory
FN:22,createInventory
FN:44,getInventoryById
FN:56,getAllInventories
FN:67,updateInventory
FN:107,deleteInventory
FN:119,inventoryExists
FN:131,getInventoryCount
FN:142,searchInventories
FNF:9
FNH:0
FNDA:0,mapDbToInventory
FNDA:0,createInventory
FNDA:0,getInventoryById
FNDA:0,getAllInventories
FNDA:0,updateInventory
FNDA:0,deleteInventory
FNDA:0,inventoryExists
FNDA:0,getInventoryCount
FNDA:0,searchInventories
DA:10,0
DA:23,0
DA:24,0
DA:26,0
DA:32,0
DA:45,0
DA:50,0
DA:57,0
DA:61,0
DA:71,0
DA:72,0
DA:74,0
DA:75,0
DA:76,0
DA:79,0
DA:80,0
DA:81,0
DA:84,0
DA:85,0
DA:88,0
DA:89,0
DA:90,0
DA:92,0
DA:97,0
DA:98,0
DA:101,0
DA:108,0
DA:113,0
DA:120,0
DA:125,0
DA:132,0
DA:136,0
DA:143,0
DA:150,0
LF:34
LH:0
BRDA:13,0,0,0
BRDA:13,0,1,0
BRDA:29,1,0,0
BRDA:29,1,1,0
BRDA:50,2,0,0
BRDA:50,2,1,0
BRDA:74,3,0,0
BRDA:74,3,1,0
BRDA:79,4,0,0
BRDA:79,4,1,0
BRDA:81,5,0,0
BRDA:81,5,1,0
BRDA:84,6,0,0
BRDA:84,6,1,0
BRDA:97,7,0,0
BRDA:97,7,1,0
BRDA:125,8,0,0
BRDA:125,8,1,0
BRDA:136,9,0,0
BRDA:136,9,1,0
BRF:20
BRH:0
end_of_record
TN:
SF:lib/database/itemRepository.ts
FN:9,mapDbToItem
FN:29,createItem
FN:73,getItemById
FN:85,getItemsByInventoryId
FN:97,updateItem
FN:164,deleteItem
FN:172,getItemCountByInventoryId
FN:184,searchItemsInInventory
FN:201,findItemByBarcode
FNF:9
FNH:0
FNDA:0,mapDbToItem
FNDA:0,createItem
FNDA:0,getItemById
FNDA:0,getItemsByInventoryId
FNDA:0,updateItem
FNDA:0,deleteItem
FNDA:0,getItemCountByInventoryId
FNDA:0,searchItemsInInventory
FNDA:0,findItemByBarcode
DA:10,0
DA:30,0
DA:31,0
DA:33,0
DA:54,0
DA:74,0
DA:79,0
DA:86,0
DA:91,0
DA:98,0
DA:99,0
DA:101,0
DA:102,0
DA:103,0
DA:106,0
DA:107,0
DA:108,0
DA:111,0
DA:112,0
DA:113,0
DA:116,0
DA:117,0
DA:118,0
DA:121,0
DA:122,0
DA:123,0
DA:126,0
DA:127,0
DA:128,0
DA:131,0
DA:132,0
DA:133,0
DA:136,0
DA:137,0
DA:138,0
DA:141,0
DA:142,0
DA:145,0
DA:146,0
DA:147,0
DA:149,0
DA:154,0
DA:155,0
DA:158,0
DA:165,0
DA:166,0
DA:173,0
DA:178,0
DA:188,0
DA:195,0
DA:202,0
DA:207,0
LF:52
LH:0
BRDA:14,0,0,0
BRDA:14,0,1,0
BRDA:16,1,0,0
BRDA:16,1,1,0
BRDA:17,2,0,0
BRDA:17,2,1,0
BRDA:18,3,0,0
BRDA:18,3,1,0
BRDA:19,4,0,0
BRDA:19,4,1,0
BRDA:20,5,0,0
BRDA:20,5,1,0
BRDA:42,6,0,0
BRDA:42,6,1,0
BRDA:44,7,0,0
BRDA:44,7,1,0
BRDA:45,8,0,0
BRDA:45,8,1,0
BRDA:46,9,0,0
BRDA:46,9,1,0
BRDA:47,10,0,0
BRDA:47,10,1,0
BRDA:48,11,0,0
BRDA:48,11,1,0
BRDA:79,12,0,0
BRDA:79,12,1,0
BRDA:101,13,0,0
BRDA:101,13,1,0
BRDA:106,14,0,0
BRDA:106,14,1,0
BRDA:108,15,0,0
BRDA:108,15,1,0
BRDA:111,16,0,0
BRDA:111,16,1,0
BRDA:116,17,0,0
BRDA:116,17,1,0
BRDA:118,18,0,0
BRDA:118,18,1,0
BRDA:121,19,0,0
BRDA:121,19,1,0
BRDA:123,20,0,0
BRDA:123,20,1,0
BRDA:126,21,0,0
BRDA:126,21,1,0
BRDA:128,22,0,0
BRDA:128,22,1,0
BRDA:131,23,0,0
BRDA:131,23,1,0
BRDA:133,24,0,0
BRDA:133,24,1,0
BRDA:136,25,0,0
BRDA:136,25,1,0
BRDA:138,26,0,0
BRDA:138,26,1,0
BRDA:141,27,0,0
BRDA:141,27,1,0
BRDA:154,28,0,0
BRDA:154,28,1,0
BRDA:178,29,0,0
BRDA:178,29,1,0
BRDA:207,30,0,0
BRDA:207,30,1,0
BRF:62
BRH:0
end_of_record
TN:
SF:lib/database/migrations.ts
FN:59,getCurrentVersion
FN:74,applyMigration
FN:104,runMigrations
FN:106,(anonymous_3)
FN:125,rollbackToVersion
FN:134,(anonymous_5)
FN:135,(anonymous_6)
FNF:7
FNH:0
FNDA:0,getCurrentVersion
FNDA:0,applyMigration
FNDA:0,runMigrations
FNDA:0,(anonymous_3)
FNDA:0,rollbackToVersion
FNDA:0,(anonymous_5)
FNDA:0,(anonymous_6)
DA:5,0
DA:60,0
DA:61,0
DA:64,0
DA:67,0
DA:75,0
DA:77,0
DA:79,0
DA:80,0
DA:83,0
DA:84,0
DA:88,0
DA:93,0
DA:94,0
DA:96,0
DA:97,0
DA:105,0
DA:106,0
DA:108,0
DA:109,0
DA:110,0
DA:113,0
DA:115,0
DA:116,0
DA:119,0
DA:126,0
DA:128,0
DA:129,0
DA:130,0
DA:133,0
DA:134,0
DA:135,0
DA:137,0
DA:139,0
DA:140,0
DA:141,0
DA:144,0
DA:146,0
DA:147,0
DA:150,0
DA:151,0
DA:155,0
DA:160,0
DA:161,0
DA:163,0
DA:164,0
DA:168,0
LF:47
LH:0
BRDA:64,0,0,0
BRDA:64,0,1,0
BRDA:108,1,0,0
BRDA:108,1,1,0
BRDA:128,2,0,0
BRDA:128,2,1,0
BRDA:134,3,0,0
BRDA:134,3,1,0
BRDA:140,4,0,0
BRDA:140,4,1,0
BRF:10
BRH:0
end_of_record
TN:
SF:lib/database/types.ts
FNF:0
FNH:0
LF:0
LH:0
BRF:0
BRH:0
end_of_record
TN:
SF:lib/utils/idGenerator.ts
FN:5,generateId
FN:14,isValidId
FNF:2
FNH:2
FNDA:7,generateId
FNDA:6,isValidId
DA:6,7
DA:7,7
DA:8,7
DA:15,6
LF:4
LH:4
BRDA:15,0,0,6
BRDA:15,0,1,3
BRDA:15,0,2,2
BRF:3
BRH:3
end_of_record
TN:
SF:utils/test/testUtils.tsx
FN:5,(anonymous_0)
FN:7,(anonymous_1)
FN:13,(anonymous_2)
FN:14,(anonymous_3)
FN:18,(anonymous_4)
FN:22,(anonymous_5)
FN:30,(anonymous_6)
FN:64,(anonymous_7)
FN:76,(anonymous_8)
FN:76,(anonymous_9)
FN:79,(anonymous_10)
FN:81,(anonymous_11)
FN:85,(anonymous_12)
FNF:13
FNH:1
FNDA:0,(anonymous_0)
FNDA:0,(anonymous_1)
FNDA:0,(anonymous_2)
FNDA:0,(anonymous_3)
FNDA:0,(anonymous_4)
FNDA:0,(anonymous_5)
FNDA:10,(anonymous_6)
FNDA:0,(anonymous_7)
FNDA:0,(anonymous_8)
FNDA:0,(anonymous_9)
FNDA:0,(anonymous_10)
FNDA:0,(anonymous_11)
FNDA:0,(anonymous_12)
DA:5,1
DA:7,0
DA:13,0
DA:14,0
DA:18,1
DA:22,0
DA:30,1
DA:36,10
DA:40,1
DA:48,1
DA:64,1
DA:65,0
DA:68,0
DA:69,0
DA:70,0
DA:72,0
DA:76,1
DA:79,1
DA:80,0
DA:81,0
DA:85,1
DA:86,0
DA:87,0
DA:89,0
LF:24
LH:10
BRDA:32,0,0,10
BRDA:86,1,0,0
BRDA:86,1,1,0
BRF:3
BRH:1
end_of_record
